SF:lib\core\providers\navigation_provider.dart
DA:10,1
DA:66,2
DA:69,1
DA:70,3
DA:73,1
DA:77,1
DA:78,1
DA:79,3
DA:80,1
DA:83,1
DA:86,1
DA:87,3
DA:88,0
DA:89,0
DA:91,0
DA:92,0
DA:93,0
DA:94,0
DA:103,3
DA:109,1
DA:114,1
DA:115,0
DA:116,0
DA:117,0
DA:120,1
DA:123,1
DA:124,3
DA:125,0
DA:126,0
DA:128,0
DA:129,0
DA:134,0
DA:137,0
DA:138,0
DA:139,0
DA:146,0
DA:147,0
DA:149,0
DA:154,0
DA:155,0
DA:156,0
DA:158,0
DA:163,0
DA:164,0
DA:168,0
DA:169,0
DA:178,0
DA:179,0
DA:183,0
DA:184,0
DA:185,0
DA:189,0
DA:190,0
DA:191,0
DA:195,0
DA:196,0
DA:197,0
LF:57
LH:18
end_of_record
SF:lib\core\theme\app_theme.dart
DA:6,0
DA:34,1
DA:35,1
DA:42,1
DA:44,1
DA:45,1
DA:48,1
DA:49,1
DA:50,1
DA:51,1
DA:56,1
DA:57,1
DA:58,1
DA:66,1
DA:67,1
DA:74,1
DA:76,1
DA:77,1
DA:80,1
DA:81,1
DA:82,1
DA:83,1
DA:88,1
DA:89,1
DA:90,1
DA:98,1
DA:99,2
DA:100,1
DA:109,1
DA:110,2
DA:111,1
LF:31
LH:30
end_of_record
SF:lib\core\theme\app_colors.dart
DA:7,0
DA:63,1
DA:65,1
DA:67,1
DA:69,1
DA:71,1
DA:79,1
DA:81,1
DA:83,1
DA:85,1
DA:87,1
DA:95,1
DA:96,3
LF:13
LH:12
end_of_record
SF:lib\domain\entities\project.dart
DA:40,1
DA:53,1
DA:59,1
DA:60,1
DA:64,1
DA:70,2
DA:73,2
DA:76,1
DA:87,1
DA:88,1
DA:89,1
DA:90,1
DA:91,1
DA:92,1
DA:93,1
DA:94,1
DA:95,1
DA:96,1
DA:101,1
DA:102,2
DA:104,1
DA:105,3
DA:106,1
DA:111,1
DA:112,2
DA:114,3
DA:115,1
DA:117,1
DA:122,1
DA:123,1
DA:125,1
DA:130,1
DA:131,1
DA:133,1
DA:138,1
DA:144,1
DA:145,0
DA:146,1
DA:147,1
DA:148,1
DA:149,1
DA:154,1
DA:155,5
DA:160,3
DA:165,4
DA:173,2
DA:176,5
DA:179,3
DA:182,3
DA:185,2
DA:187,1
DA:188,1
DA:189,1
DA:190,1
DA:191,1
DA:192,1
DA:193,1
DA:194,1
DA:195,1
DA:196,1
DA:197,1
DA:200,1
DA:202,5
DA:203,2
LF:64
LH:63
end_of_record
SF:lib\domain\entities\project.g.dart
DA:9,2
DA:10,1
DA:11,1
DA:12,1
DA:13,1
DA:14,2
DA:15,1
DA:17,0
DA:18,1
DA:19,2
DA:20,1
DA:22,1
DA:23,1
DA:25,2
DA:28,2
DA:29,1
DA:30,1
DA:31,1
DA:32,1
DA:33,2
DA:34,1
DA:35,1
DA:36,1
DA:37,2
LF:24
LH:23
end_of_record
SF:lib\domain\entities\recurrence_pattern.dart
DA:29,4
DA:38,2
DA:43,2
DA:52,1
DA:58,1
DA:68,1
DA:74,1
DA:84,1
DA:89,1
DA:98,1
DA:99,1
DA:102,2
DA:105,1
DA:112,1
DA:113,0
DA:114,0
DA:115,0
DA:116,1
DA:117,1
DA:122,2
DA:123,4
DA:126,4
DA:131,4
DA:135,2
DA:136,2
DA:137,6
DA:139,1
DA:140,3
DA:141,4
DA:143,1
DA:145,1
DA:146,1
DA:148,1
DA:149,1
DA:150,3
DA:151,1
DA:152,1
DA:153,1
DA:154,1
DA:155,1
DA:158,1
DA:162,0
DA:168,1
DA:169,1
DA:170,3
DA:173,2
DA:174,1
DA:175,3
DA:180,3
DA:181,2
DA:182,4
DA:186,1
DA:187,1
DA:189,1
DA:190,1
DA:191,3
DA:192,1
DA:193,1
DA:194,1
DA:195,1
DA:201,0
DA:202,0
DA:205,0
DA:206,0
DA:208,0
DA:209,0
DA:210,0
DA:212,0
DA:213,0
DA:214,0
DA:224,0
DA:226,0
DA:227,0
DA:228,0
DA:229,0
DA:230,0
DA:231,0
DA:232,0
DA:241,2
DA:242,4
DA:244,2
DA:245,3
DA:246,3
DA:249,3
DA:255,4
DA:263,1
DA:264,1
DA:265,1
DA:268,1
DA:269,2
DA:270,2
DA:272,1
DA:273,5
DA:276,3
DA:277,4
DA:278,3
DA:279,2
DA:281,2
DA:283,1
DA:284,2
DA:285,2
DA:287,1
DA:288,2
DA:289,2
DA:291,1
DA:296,1
DA:301,2
DA:303,1
DA:304,1
DA:305,1
DA:306,1
DA:307,1
DA:308,1
DA:309,1
DA:311,1
DA:313,3
DA:314,2
DA:315,1
LF:118
LH:96
end_of_record
SF:lib\domain\entities\recurrence_pattern.g.dart
DA:9,1
DA:10,1
DA:11,2
DA:12,2
DA:13,1
DA:14,3
DA:15,1
DA:16,1
DA:18,2
DA:19,2
DA:22,1
DA:23,1
DA:24,2
DA:25,1
DA:26,1
DA:27,2
DA:28,1
LF:17
LH:17
end_of_record
SF:lib\domain\models\enums.dart
DA:11,3
DA:13,3
DA:15,3
DA:17,3
DA:19,1
DA:25,1
DA:27,1
DA:29,1
DA:31,1
DA:33,1
DA:39,2
DA:42,3
DA:44,3
DA:46,3
DA:48,1
DA:50,0
DA:56,1
DA:57,2
DA:69,2
DA:71,2
DA:73,2
DA:75,2
DA:77,2
DA:83,2
DA:84,4
DA:88,0
DA:89,0
DA:93,3
DA:94,3
DA:98,1
DA:99,1
DA:103,0
DA:104,0
DA:108,2
DA:109,2
DA:113,0
DA:115,0
DA:117,0
DA:119,0
DA:121,0
DA:137,1
DA:139,1
DA:141,1
DA:143,1
DA:145,1
DA:147,1
DA:149,1
DA:168,0
DA:170,0
DA:172,0
DA:174,0
DA:176,0
DA:178,0
DA:180,0
DA:182,0
DA:184,0
DA:186,0
DA:201,0
DA:203,0
DA:205,0
DA:207,0
DA:209,0
DA:211,0
DA:217,0
DA:219,0
DA:221,0
DA:222,0
DA:224,0
DA:225,0
DA:240,0
DA:242,0
DA:244,0
DA:246,0
DA:248,0
DA:250,0
DA:264,0
DA:266,0
DA:268,0
DA:270,0
DA:272,0
DA:278,0
DA:280,0
DA:282,0
DA:284,0
DA:286,0
DA:300,0
DA:302,0
DA:304,0
DA:306,0
DA:308,0
DA:322,0
DA:324,0
DA:326,0
DA:328,0
DA:330,0
DA:345,0
DA:360,0
DA:375,0
DA:377,0
DA:379,0
DA:381,0
DA:383,0
DA:412,0
DA:441,8
DA:456,0
DA:469,0
DA:470,0
DA:471,0
DA:472,0
DA:473,0
DA:474,0
DA:475,0
DA:476,0
DA:477,0
DA:478,0
DA:479,0
DA:480,0
DA:485,0
DA:486,0
DA:487,0
DA:488,0
DA:489,0
DA:490,0
DA:491,0
DA:492,0
DA:493,0
DA:494,0
DA:508,0
DA:510,0
DA:512,0
DA:514,0
DA:516,0
DA:518,0
DA:520,0
LF:134
LH:38
end_of_record
SF:lib\domain\entities\subtask.dart
DA:34,5
DA:45,5
DA:50,5
DA:51,5
DA:55,5
DA:60,2
DA:63,2
DA:66,4
DA:75,4
DA:76,4
DA:77,4
DA:78,4
DA:79,3
DA:80,3
DA:81,4
DA:82,4
DA:87,4
DA:88,4
DA:90,4
DA:95,2
DA:96,2
DA:97,2
DA:98,2
DA:99,2
DA:102,2
DA:103,2
DA:108,3
DA:109,21
DA:113,4
DA:117,6
DA:121,6
DA:122,2
DA:123,2
DA:124,2
DA:125,2
DA:126,2
DA:127,2
DA:128,2
DA:129,2
DA:130,2
DA:131,1
DA:133,4
DA:134,2
LF:43
LH:43
end_of_record
SF:lib\domain\entities\subtask.g.dart
DA:9,2
DA:10,1
DA:11,1
DA:12,1
DA:13,1
DA:14,1
DA:16,2
DA:17,2
DA:18,2
DA:21,2
DA:22,1
DA:23,1
DA:24,1
DA:25,1
DA:26,2
DA:27,1
DA:28,2
LF:17
LH:17
end_of_record
SF:lib\domain\entities\task_model.dart
DA:74,7
DA:97,7
DA:111,7
DA:112,7
DA:115,7
DA:130,2
DA:133,6
DA:136,5
DA:157,5
DA:158,5
DA:159,5
DA:160,5
DA:161,5
DA:162,5
DA:163,5
DA:164,5
DA:165,5
DA:166,4
DA:167,5
DA:168,3
DA:169,5
DA:170,5
DA:171,5
DA:172,5
DA:173,5
DA:174,5
DA:175,5
DA:176,5
DA:181,2
DA:182,2
DA:184,2
DA:185,2
DA:190,2
DA:191,2
DA:193,2
DA:198,1
DA:199,1
DA:201,1
DA:206,1
DA:207,1
DA:208,1
DA:209,1
DA:210,1
DA:211,1
DA:212,1
DA:213,1
DA:215,1
DA:217,1
DA:218,1
DA:219,1
DA:220,1
DA:221,1
DA:222,1
DA:223,1
DA:224,1
DA:225,1
DA:226,1
DA:231,1
DA:232,2
DA:234,1
DA:235,3
DA:236,1
DA:241,1
DA:242,2
DA:244,3
DA:245,1
DA:247,1
DA:252,3
DA:253,3
DA:254,9
DA:255,3
DA:260,2
DA:261,12
DA:262,4
DA:264,4
DA:265,2
DA:267,2
DA:269,2
DA:274,2
DA:275,12
DA:276,8
DA:278,2
DA:280,2
DA:285,1
DA:286,4
DA:288,1
DA:289,3
DA:290,1
DA:295,1
DA:296,2
DA:298,3
DA:299,1
DA:301,1
DA:306,2
DA:307,2
DA:308,2
DA:309,2
DA:314,1
DA:315,2
DA:316,1
DA:318,1
DA:320,1
DA:325,2
DA:326,10
DA:331,5
DA:336,6
DA:341,4
DA:342,8
DA:348,4
DA:353,6
DA:361,1
DA:362,1
DA:363,1
DA:364,4
DA:365,7
DA:366,1
DA:370,1
DA:371,3
DA:372,3
DA:376,1
DA:377,3
DA:378,1
DA:379,1
DA:380,4
DA:384,9
DA:387,0
DA:390,3
DA:391,6
DA:392,15
DA:393,9
DA:397,2
DA:398,4
DA:399,8
DA:403,5
DA:406,4
DA:409,3
DA:412,4
DA:415,1
DA:416,1
DA:417,1
DA:418,3
DA:423,1
DA:424,3
DA:426,2
DA:427,1
DA:433,1
DA:434,1
DA:435,1
DA:437,1
DA:438,1
DA:439,1
DA:440,1
DA:441,1
DA:442,1
DA:443,1
DA:444,1
DA:445,1
DA:448,1
DA:449,1
DA:450,1
DA:451,1
DA:452,1
DA:453,1
DA:454,1
DA:455,1
DA:456,1
DA:457,1
DA:458,1
DA:459,1
DA:460,1
DA:461,1
DA:462,1
DA:463,1
DA:464,1
DA:465,1
DA:466,1
DA:467,1
DA:468,1
DA:470,1
DA:472,4
DA:473,2
DA:474,4
LF:182
LH:181
end_of_record
SF:lib\domain\entities\task_model.g.dart
DA:9,2
DA:10,1
DA:11,1
DA:12,1
DA:13,2
DA:14,1
DA:16,0
DA:17,1
DA:19,0
DA:20,1
DA:22,0
DA:23,2
DA:25,2
DA:28,3
DA:30,1
DA:31,1
DA:32,1
DA:34,1
DA:35,1
DA:37,0
DA:38,0
DA:39,1
DA:40,1
DA:41,1
DA:42,1
DA:44,1
DA:45,1
DA:46,1
DA:47,1
DA:50,6
DA:51,3
DA:52,3
DA:53,3
DA:54,6
DA:55,4
DA:56,4
DA:57,4
DA:58,6
DA:59,6
DA:60,3
DA:61,3
DA:62,3
DA:63,3
DA:64,3
DA:65,3
DA:66,3
DA:67,3
DA:68,3
DA:69,3
LF:49
LH:44
end_of_record
SF:lib\presentation\pages\ai_settings_page.dart
DA:11,2
DA:12,1
DA:15,1
DA:17,3
DA:18,4
DA:20,1
DA:21,1
DA:23,3
DA:25,1
DA:27,1
DA:29,1
DA:31,1
DA:32,1
DA:34,1
DA:36,1
DA:37,1
DA:38,1
DA:39,1
DA:41,3
DA:44,1
DA:46,3
DA:51,1
DA:53,3
DA:56,1
DA:58,1
DA:59,1
DA:63,1
DA:64,1
DA:65,1
DA:76,2
DA:82,1
DA:83,1
DA:85,1
DA:87,1
DA:88,1
DA:89,1
DA:90,1
DA:92,3
DA:95,1
DA:97,3
DA:102,1
DA:104,3
DA:107,1
DA:110,1
DA:111,1
DA:112,0
DA:115,1
DA:118,1
DA:119,1
DA:120,0
DA:123,1
DA:126,1
DA:127,1
DA:128,0
DA:136,1
DA:139,1
DA:140,1
DA:142,1
DA:144,1
DA:145,1
DA:146,1
DA:147,1
DA:149,3
DA:152,1
DA:154,3
DA:159,1
DA:162,1
DA:163,1
DA:164,0
DA:172,1
DA:175,1
DA:177,1
DA:180,2
DA:186,1
DA:187,1
DA:189,1
DA:191,1
DA:192,1
DA:193,1
DA:194,1
DA:196,3
DA:199,1
DA:201,3
DA:206,1
DA:211,2
DA:213,1
DA:218,2
DA:230,1
DA:231,1
DA:233,2
DA:272,1
DA:273,1
DA:274,0
DA:282,1
DA:283,1
DA:285,2
DA:321,1
DA:322,1
DA:323,0
LF:99
LH:93
end_of_record
SF:lib\services\ai\ai_task_parsing_service.dart
DA:14,0
DA:21,0
DA:23,0
DA:26,0
DA:27,0
DA:31,0
DA:33,0
DA:34,0
DA:35,0
DA:36,0
DA:37,0
DA:38,0
DA:39,0
DA:40,0
DA:41,0
DA:42,0
DA:43,0
DA:45,0
DA:48,0
DA:49,0
DA:50,0
DA:51,0
DA:52,0
DA:61,0
DA:62,0
DA:65,0
DA:66,0
DA:67,0
DA:69,0
DA:71,0
DA:72,0
DA:73,0
DA:75,0
DA:76,0
DA:77,0
DA:78,0
DA:79,0
DA:80,0
DA:81,0
DA:82,0
DA:94,0
DA:96,0
DA:98,0
DA:103,0
DA:105,0
DA:112,0
DA:114,0
DA:121,0
DA:124,0
DA:127,0
DA:130,0
DA:133,0
DA:134,0
DA:135,0
DA:136,0
DA:137,0
DA:142,0
DA:143,0
DA:147,0
DA:148,0
DA:152,0
DA:153,0
DA:154,0
DA:155,0
DA:156,0
DA:157,0
DA:158,0
DA:159,0
DA:169,0
DA:170,0
DA:171,0
DA:174,0
DA:175,0
DA:177,0
DA:178,0
DA:179,0
DA:180,0
DA:183,0
DA:187,0
DA:188,0
DA:193,0
DA:194,0
DA:198,4
DA:199,1
DA:211,3
DA:220,1
DA:228,1
DA:229,1
DA:230,1
DA:231,1
DA:232,1
DA:233,1
DA:234,1
DA:241,2
DA:243,1
DA:244,3
DA:247,1
DA:248,3
DA:251,1
DA:252,3
DA:255,1
DA:256,3
DA:259,1
DA:260,3
DA:263,1
DA:264,3
LF:106
LH:24
end_of_record
SF:lib\services\ai\composite_ai_task_parser.dart
DA:16,1
DA:24,0
DA:26,1
DA:27,4
DA:29,3
DA:30,2
DA:31,1
DA:33,1
DA:34,2
DA:37,1
DA:38,1
DA:40,1
DA:43,2
DA:44,1
DA:45,1
DA:46,1
DA:47,1
DA:48,2
DA:55,0
DA:56,1
DA:58,1
DA:59,2
DA:62,1
DA:63,1
DA:65,1
DA:66,2
DA:69,3
DA:70,2
DA:73,0
DA:77,0
DA:78,1
DA:80,1
DA:81,0
DA:84,1
DA:85,1
DA:87,1
DA:95,2
DA:96,0
DA:98,0
DA:99,0
DA:102,0
DA:103,0
DA:105,0
DA:108,0
DA:112,0
DA:113,0
DA:115,0
DA:116,0
DA:119,0
DA:120,0
DA:122,0
DA:123,0
DA:126,0
DA:127,0
DA:130,0
DA:134,0
DA:138,1
DA:139,1
DA:140,1
DA:141,1
DA:142,1
DA:143,1
DA:144,0
DA:145,0
DA:150,1
DA:151,1
DA:152,1
DA:153,1
DA:154,1
DA:156,1
DA:161,1
DA:162,1
DA:163,1
DA:164,1
DA:165,1
DA:166,1
DA:172,1
DA:173,1
DA:175,3
DA:176,1
DA:179,3
DA:180,0
DA:187,0
DA:188,0
DA:189,0
DA:199,1
DA:201,1
DA:203,1
DA:205,1
DA:210,1
DA:212,1
DA:214,1
DA:216,1
LF:93
LH:63
end_of_record
SF:lib\presentation\widgets\ai_service_selector.dart
DA:9,1
DA:10,1
DA:12,2
DA:13,3
DA:15,1
DA:16,1
DA:18,1
DA:20,1
DA:21,1
DA:22,1
DA:23,1
DA:25,3
DA:28,1
DA:30,3
DA:35,1
DA:37,3
DA:42,1
DA:46,1
DA:47,0
DA:49,0
DA:56,1
DA:60,1
DA:61,0
DA:63,0
DA:70,1
DA:74,1
DA:75,0
DA:77,0
DA:86,2
DA:89,0
DA:90,0
DA:91,0
DA:93,0
DA:96,0
DA:98,0
DA:103,0
DA:105,0
DA:108,0
DA:113,1
DA:114,1
DA:116,1
DA:117,3
DA:118,1
DA:120,1
DA:121,1
DA:122,1
DA:123,2
DA:124,2
DA:128,1
DA:129,1
DA:131,1
DA:132,1
DA:133,2
DA:134,4
DA:138,1
DA:139,2
DA:140,3
DA:154,0
DA:155,0
DA:157,0
DA:161,1
DA:163,1
DA:165,0
DA:166,0
DA:171,1
DA:173,1
DA:175,0
DA:176,0
DA:181,1
DA:183,1
DA:185,0
DA:186,0
DA:191,1
DA:193,1
DA:195,0
DA:197,0
DA:207,0
DA:211,0
DA:212,0
DA:220,0
DA:222,0
DA:223,0
DA:226,0
DA:230,0
DA:232,0
DA:233,0
DA:234,0
DA:235,0
DA:238,0
DA:239,0
DA:240,0
DA:241,0
DA:246,0
DA:247,0
DA:248,0
DA:249,0
DA:251,0
DA:253,0
DA:254,0
DA:255,0
DA:256,0
DA:257,0
DA:266,0
DA:268,0
DA:269,0
DA:270,0
DA:271,0
DA:273,0
DA:284,0
DA:286,0
DA:287,0
DA:288,0
DA:290,0
DA:292,0
DA:293,0
DA:295,0
DA:299,0
DA:300,0
DA:302,0
DA:303,0
DA:305,0
DA:310,0
DA:311,0
DA:312,0
DA:323,0
DA:324,0
DA:325,0
DA:328,0
DA:329,0
DA:330,0
DA:338,0
DA:339,0
DA:346,0
DA:348,0
DA:350,0
DA:352,0
DA:357,0
DA:358,0
DA:359,0
DA:363,0
DA:364,0
DA:369,0
DA:371,0
DA:372,0
DA:375,0
DA:376,0
DA:379,0
DA:380,0
DA:381,0
DA:387,0
DA:388,0
DA:389,0
DA:396,0
DA:397,0
DA:400,0
DA:401,0
DA:402,0
DA:403,0
DA:408,0
DA:410,0
DA:411,0
DA:412,0
LF:162
LH:50
end_of_record
SF:lib\presentation\widgets\ai_privacy_controls.dart
DA:7,2
DA:9,1
DA:10,1
DA:12,1
DA:14,1
DA:15,1
DA:16,1
DA:17,1
DA:19,3
DA:22,1
DA:24,3
DA:29,1
DA:31,3
DA:36,1
DA:41,0
DA:47,1
DA:52,0
DA:58,1
DA:63,0
DA:69,1
DA:74,0
DA:80,1
DA:82,1
DA:83,3
DA:84,1
DA:86,1
DA:88,1
DA:89,1
DA:90,1
DA:91,1
DA:93,3
DA:97,1
DA:99,4
DA:106,1
DA:111,3
DA:122,0
DA:123,0
DA:125,0
DA:129,0
DA:130,0
DA:132,0
DA:141,0
DA:142,0
DA:143,0
DA:146,0
DA:147,0
DA:148,0
DA:149,0
DA:151,0
DA:161,0
DA:163,0
DA:171,0
DA:173,0
DA:181,0
DA:183,0
DA:184,0
DA:185,0
DA:198,1
DA:199,0
DA:203,0
DA:205,0
DA:207,0
DA:210,0
DA:211,0
DA:213,0
DA:217,0
DA:221,0
DA:222,0
DA:223,0
DA:224,0
DA:229,0
DA:233,0
DA:234,0
DA:235,0
DA:236,0
DA:241,0
DA:245,0
DA:246,0
DA:247,0
DA:248,0
DA:253,0
DA:256,0
DA:257,0
DA:258,0
DA:259,0
DA:260,0
DA:267,0
DA:269,0
DA:270,0
DA:271,0
DA:273,0
DA:275,0
DA:276,0
DA:278,0
DA:282,0
DA:283,0
DA:285,0
DA:293,0
DA:294,0
DA:295,0
DA:298,0
DA:299,0
DA:300,0
DA:301,0
DA:309,0
DA:311,0
DA:312,0
DA:313,0
DA:314,0
DA:316,0
DA:317,0
LF:111
LH:32
end_of_record
SF:lib\presentation\widgets\ai_usage_statistics.dart
DA:7,2
DA:10,1
DA:12,1
DA:13,1
DA:15,1
DA:17,1
DA:18,1
DA:19,1
DA:20,1
DA:22,3
DA:25,1
DA:27,3
DA:30,1
DA:31,0
DA:37,1
DA:39,3
DA:44,1
DA:51,1
DA:52,1
DA:54,2
DA:58,1
DA:60,2
DA:64,1
DA:66,2
DA:70,1
DA:72,2
DA:82,1
DA:84,1
DA:85,3
DA:86,1
DA:88,1
DA:89,1
DA:90,1
DA:92,3
DA:96,1
DA:97,1
DA:99,1
DA:100,1
DA:101,2
DA:102,4
DA:106,1
DA:107,2
DA:108,3
DA:113,1
DA:115,1
DA:116,1
DA:117,1
DA:119,1
DA:121,4
DA:122,1
DA:134,1
DA:135,1
DA:136,1
DA:137,1
DA:138,0
DA:144,1
DA:145,1
DA:146,0
DA:159,1
DA:160,1
DA:170,0
DA:171,0
DA:173,0
DA:177,0
DA:178,0
DA:186,0
DA:187,0
DA:189,0
DA:194,0
DA:195,0
DA:196,0
DA:199,0
DA:200,0
DA:201,0
DA:202,0
DA:209,0
DA:225,1
DA:230,1
DA:232,1
DA:234,1
DA:235,2
DA:236,1
DA:237,3
DA:239,1
DA:242,1
DA:243,1
DA:244,1
DA:245,3
DA:247,1
DA:248,1
DA:249,4
DA:250,1
DA:257,1
DA:258,1
DA:259,4
DA:260,2
DA:271,1
DA:273,0
DA:275,0
DA:276,0
DA:279,0
DA:280,0
DA:283,0
DA:291,0
DA:294,0
DA:302,0
DA:305,0
DA:315,0
DA:316,0
DA:317,0
DA:324,0
DA:325,0
DA:327,0
DA:328,0
DA:330,0
DA:335,0
DA:337,0
DA:339,0
DA:340,0
DA:341,0
DA:342,0
DA:358,1
LF:122
LH:79
end_of_record
SF:lib\services\ai\ai_task_parser.dart
DA:38,5
DA:50,2
DA:60,2
DA:61,1
DA:62,2
DA:63,2
DA:64,1
DA:65,1
DA:66,2
DA:67,2
DA:68,1
DA:70,1
DA:72,3
DA:73,3
DA:74,3
DA:84,8
DA:85,4
LF:17
LH:17
end_of_record
SF:lib\services\ai\claude_task_parser.dart
DA:14,0
DA:22,0
DA:23,0
DA:24,0
DA:26,0
DA:31,0
DA:32,0
DA:33,0
DA:35,0
DA:36,0
DA:40,0
DA:42,0
DA:45,0
DA:46,0
DA:47,0
DA:50,0
DA:52,0
DA:54,0
DA:57,0
DA:58,0
DA:59,0
DA:64,0
DA:66,0
DA:69,0
DA:70,0
DA:71,0
DA:76,0
DA:78,0
DA:81,0
DA:82,0
DA:83,0
DA:86,0
DA:91,0
DA:92,0
DA:94,0
DA:95,0
DA:97,0
DA:98,0
DA:105,0
DA:107,0
DA:108,0
DA:115,0
DA:116,0
DA:117,0
DA:118,0
DA:122,0
DA:123,0
DA:129,0
DA:133,0
DA:155,0
DA:159,0
DA:169,0
DA:173,0
DA:181,0
DA:184,0
DA:188,0
DA:199,0
DA:203,0
DA:213,0
DA:217,0
DA:219,0
DA:221,0
DA:222,0
DA:223,0
DA:224,0
DA:225,0
DA:226,0
DA:227,0
DA:228,0
DA:229,0
DA:233,0
DA:234,0
DA:236,0
DA:242,0
DA:244,0
DA:245,0
DA:247,0
DA:252,0
DA:254,0
DA:255,0
DA:256,0
DA:263,0
DA:265,0
DA:266,0
DA:273,0
DA:275,0
DA:276,0
DA:278,0
DA:283,0
DA:284,0
DA:285,0
DA:287,0
DA:289,0
DA:297,0
DA:299,0
DA:300,0
DA:301,0
DA:304,0
DA:308,0
DA:309,0
LF:100
LH:0
end_of_record
SF:lib\services\ai\openai_task_parser.dart
DA:14,0
DA:22,0
DA:23,0
DA:24,0
DA:26,0
DA:31,0
DA:32,0
DA:33,0
DA:35,0
DA:36,0
DA:40,0
DA:42,0
DA:45,0
DA:46,0
DA:47,0
DA:50,0
DA:52,0
DA:54,0
DA:57,0
DA:58,0
DA:59,0
DA:64,0
DA:66,0
DA:69,0
DA:70,0
DA:71,0
DA:76,0
DA:78,0
DA:81,0
DA:82,0
DA:83,0
DA:86,0
DA:91,0
DA:92,0
DA:94,0
DA:95,0
DA:96,0
DA:97,0
DA:101,0
DA:110,0
DA:112,0
DA:113,0
DA:119,0
DA:120,0
DA:121,0
DA:122,0
DA:126,0
DA:127,0
DA:133,0
DA:137,0
DA:159,0
DA:163,0
DA:173,0
DA:177,0
DA:185,0
DA:188,0
DA:192,0
DA:203,0
DA:207,0
DA:217,0
DA:221,0
DA:223,0
DA:225,0
DA:226,0
DA:227,0
DA:228,0
DA:229,0
DA:230,0
DA:231,0
DA:232,0
DA:233,0
DA:237,0
DA:238,0
DA:240,0
DA:246,0
DA:248,0
DA:249,0
DA:251,0
DA:256,0
DA:258,0
DA:259,0
DA:260,0
DA:267,0
DA:269,0
DA:270,0
DA:277,0
DA:279,0
DA:280,0
DA:282,0
DA:287,0
DA:288,0
DA:289,0
DA:291,0
DA:293,0
DA:301,0
DA:303,0
DA:304,0
DA:305,0
DA:308,0
DA:312,0
DA:313,0
LF:101
LH:0
end_of_record
SF:lib\services\ai\local_task_parser.dart
DA:6,1
DA:7,1
DA:8,1
DA:10,1
DA:11,1
DA:12,1
DA:13,1
DA:14,1
DA:15,1
DA:17,1
DA:25,1
DA:27,1
DA:29,1
DA:30,1
DA:32,2
DA:33,1
DA:35,2
DA:36,1
DA:38,2
DA:39,1
DA:41,2
DA:42,1
DA:44,2
DA:45,1
DA:47,2
DA:48,1
DA:50,2
DA:51,0
DA:53,2
DA:54,1
DA:56,2
DA:57,1
DA:59,2
DA:60,1
DA:62,2
DA:63,0
DA:65,2
DA:66,0
DA:69,2
DA:70,1
DA:72,1
DA:73,1
DA:75,2
DA:76,4
DA:79,2
DA:80,1
DA:81,4
DA:84,2
DA:85,2
DA:86,2
DA:87,4
DA:90,2
DA:91,1
DA:92,4
DA:95,2
DA:96,0
DA:97,0
DA:100,1
DA:105,2
DA:106,2
DA:107,1
DA:108,4
DA:109,3
DA:110,4
DA:114,2
DA:116,2
DA:118,2
DA:119,4
DA:123,2
DA:125,0
DA:127,0
DA:128,0
DA:132,1
DA:133,1
DA:134,1
DA:135,1
DA:138,2
DA:139,1
DA:143,2
DA:144,0
DA:145,0
DA:146,0
DA:148,2
DA:149,2
DA:150,2
DA:152,1
DA:160,1
DA:162,1
DA:164,2
DA:171,2
DA:178,2
DA:186,1
DA:188,1
DA:191,2
DA:192,2
DA:193,3
DA:194,2
DA:195,1
DA:197,4
DA:198,1
DA:199,1
DA:206,2
DA:207,2
DA:208,2
DA:209,1
DA:210,1
DA:215,2
DA:216,2
DA:218,2
DA:219,1
DA:220,1
DA:225,3
DA:228,1
DA:230,2
DA:231,1
DA:233,2
DA:234,2
DA:236,1
DA:237,2
DA:238,0
DA:239,0
DA:242,0
DA:245,1
DA:246,1
DA:248,4
DA:252,1
DA:253,2
DA:254,4
DA:255,1
DA:256,2
DA:257,1
DA:259,0
DA:265,1
DA:266,3
LF:134
LH:119
end_of_record
SF:lib\presentation\providers\analytics_providers.dart
DA:10,3
DA:11,0
DA:12,0
DA:13,0
DA:17,4
DA:22,4
DA:27,4
DA:28,2
DA:29,2
DA:30,2
DA:32,1
DA:39,4
DA:40,2
DA:41,1
DA:45,4
DA:46,2
DA:47,1
DA:51,4
DA:52,2
DA:53,2
DA:54,2
DA:56,1
DA:63,4
DA:64,2
DA:65,2
DA:66,2
DA:68,1
DA:69,1
DA:73,4
DA:74,2
DA:75,2
DA:76,2
DA:78,1
DA:79,1
DA:83,4
DA:84,2
DA:85,2
DA:86,2
DA:88,1
DA:89,1
DA:93,4
DA:94,2
DA:95,2
DA:96,2
DA:98,1
DA:99,1
DA:105,4
DA:106,2
DA:107,2
DA:108,2
DA:110,1
DA:111,1
DA:115,4
DA:116,2
DA:117,2
DA:118,2
DA:120,1
DA:121,1
DA:125,4
DA:126,2
DA:127,2
DA:128,2
DA:130,1
DA:137,4
DA:138,2
DA:139,2
DA:140,2
DA:142,1
DA:143,1
DA:147,3
DA:148,0
DA:149,0
DA:150,0
DA:152,0
DA:160,4
DA:161,1
DA:162,2
DA:163,2
DA:164,2
DA:165,2
DA:166,2
DA:167,2
DA:168,2
DA:169,2
DA:170,2
DA:171,2
DA:172,2
DA:173,2
DA:174,2
DA:182,2
DA:184,1
DA:185,3
DA:187,1
DA:191,1
DA:192,3
DA:194,0
DA:198,1
DA:199,3
DA:202,1
DA:203,5
DA:206,1
DA:207,3
DA:209,2
DA:210,3
DA:212,4
DA:216,1
DA:217,3
DA:230,10
DA:239,1
DA:249,1
DA:250,1
DA:251,1
DA:252,1
DA:253,1
DA:254,1
DA:255,1
DA:261,0
DA:262,0
DA:263,0
LF:119
LH:108
end_of_record
SF:lib\services\analytics\analytics_service.dart
DA:81,1
DA:82,1
DA:87,1
DA:88,1
DA:90,1
DA:91,5
DA:92,5
DA:93,5
DA:94,2
DA:96,1
DA:97,1
DA:101,5
DA:102,1
DA:103,1
DA:105,3
DA:106,2
DA:107,1
DA:111,1
DA:112,1
DA:113,1
DA:114,1
DA:116,2
DA:118,2
DA:119,3
DA:122,2
DA:123,3
DA:126,2
DA:127,3
DA:131,1
DA:132,0
DA:133,0
DA:137,1
DA:138,1
DA:139,1
DA:145,1
DA:146,1
DA:155,1
DA:157,1
DA:158,4
DA:161,1
DA:162,1
DA:163,1
DA:165,1
DA:166,1
DA:167,1
DA:170,1
DA:171,1
DA:173,5
DA:174,5
DA:176,3
DA:177,3
DA:180,1
DA:183,1
DA:184,1
DA:187,1
DA:188,1
DA:191,2
DA:193,5
DA:194,1
DA:195,1
DA:197,3
DA:198,4
DA:199,1
DA:202,1
DA:207,1
DA:208,1
DA:217,1
DA:219,2
DA:221,5
DA:222,1
DA:224,1
DA:234,3
DA:235,2
DA:236,2
DA:237,2
DA:239,1
DA:240,1
DA:241,1
DA:245,1
DA:246,4
DA:247,1
DA:252,1
DA:253,1
DA:256,1
DA:257,0
DA:263,4
DA:264,1
DA:265,1
DA:267,1
DA:268,1
DA:285,3
DA:286,1
DA:288,1
DA:290,1
DA:291,2
DA:292,1
DA:294,1
DA:295,1
DA:297,1
DA:300,2
DA:309,1
DA:312,1
DA:315,1
DA:325,1
DA:330,1
DA:331,1
DA:334,1
DA:336,2
DA:337,2
DA:338,4
DA:340,2
DA:341,4
DA:346,1
DA:348,2
DA:349,1
DA:350,1
DA:351,5
DA:352,5
DA:353,2
DA:357,5
DA:358,1
DA:359,1
DA:361,3
DA:362,2
DA:363,1
DA:367,1
DA:368,2
DA:369,2
DA:370,3
DA:373,2
DA:374,1
DA:375,1
DA:386,5
DA:390,1
DA:392,1
DA:393,1
DA:396,1
DA:397,2
DA:398,4
DA:399,2
DA:409,1
DA:413,2
DA:415,1
DA:416,2
DA:417,2
DA:418,2
DA:420,1
DA:421,1
DA:422,2
DA:423,1
DA:424,2
DA:425,1
DA:426,2
DA:427,1
DA:428,1
DA:429,2
DA:430,3
DA:431,5
DA:432,2
DA:433,7
DA:438,3
DA:439,1
DA:440,2
DA:441,2
DA:442,2
DA:444,1
DA:445,1
DA:446,2
DA:447,2
DA:448,1
DA:449,1
DA:450,2
DA:451,1
DA:452,2
DA:453,4
DA:455,2
DA:456,1
DA:457,1
DA:464,2
DA:465,1
DA:466,2
DA:467,3
DA:468,1
DA:469,1
DA:470,1
DA:471,1
DA:472,3
DA:473,1
DA:474,1
DA:475,1
DA:480,7
DA:482,1
DA:484,1
DA:485,1
DA:488,2
DA:489,1
DA:493,2
DA:494,3
DA:495,2
DA:496,3
DA:502,1
DA:504,1
DA:505,1
DA:508,2
DA:509,1
DA:513,2
DA:514,3
DA:515,2
DA:516,3
DA:522,1
DA:527,1
DA:528,1
DA:530,2
DA:531,2
DA:532,1
DA:534,3
DA:537,1
DA:538,5
DA:539,3
DA:541,1
DA:547,0
DA:553,0
DA:559,0
DA:561,0
DA:563,0
DA:564,0
DA:565,0
DA:567,0
DA:568,0
DA:569,0
DA:572,0
DA:573,0
DA:574,0
DA:576,0
DA:577,0
DA:578,0
DA:582,0
DA:583,0
DA:584,0
DA:585,0
DA:589,0
DA:590,0
DA:591,0
DA:593,0
DA:594,0
DA:595,0
DA:598,0
DA:599,0
DA:600,0
DA:602,0
DA:603,0
DA:604,0
DA:608,0
DA:609,0
DA:610,0
DA:611,0
DA:615,0
DA:616,0
DA:618,0
DA:619,0
DA:622,0
DA:623,0
DA:624,0
DA:625,0
DA:626,0
DA:627,0
DA:628,0
DA:629,0
DA:635,0
DA:636,0
DA:637,0
DA:638,0
DA:639,0
DA:640,0
DA:641,0
DA:642,0
DA:647,0
DA:648,0
DA:649,0
DA:653,0
DA:654,0
DA:656,0
DA:657,0
DA:658,0
DA:660,0
DA:661,0
DA:666,0
DA:667,0
DA:668,0
DA:669,0
DA:670,0
DA:675,0
DA:677,0
DA:682,0
DA:687,0
DA:689,0
DA:691,0
DA:692,0
DA:694,0
DA:695,0
DA:696,0
DA:697,0
DA:699,0
DA:700,0
DA:701,0
DA:702,0
DA:703,0
DA:704,0
DA:708,0
DA:711,0
DA:712,0
DA:714,0
DA:715,0
DA:716,0
DA:717,0
DA:719,0
DA:720,0
DA:724,0
DA:733,0
DA:734,0
DA:736,0
DA:737,0
DA:739,0
DA:740,0
DA:742,0
DA:743,0
DA:747,0
DA:750,0
DA:753,0
DA:755,0
DA:766,0
DA:771,0
DA:772,0
DA:775,0
DA:776,0
DA:777,0
DA:778,0
DA:782,0
DA:783,0
DA:784,0
DA:788,0
DA:791,0
DA:794,0
DA:795,0
DA:797,0
DA:798,0
DA:799,0
DA:802,0
DA:812,0
DA:818,0
DA:819,0
DA:820,0
DA:821,0
DA:824,0
DA:825,0
DA:826,0
DA:827,0
DA:828,0
DA:829,0
DA:830,0
DA:831,0
DA:834,0
DA:836,0
DA:837,0
DA:838,0
DA:841,0
DA:844,0
DA:845,0
DA:848,0
DA:850,0
DA:855,0
DA:856,0
DA:858,0
DA:859,0
DA:861,0
DA:866,0
DA:869,0
DA:872,0
DA:873,0
DA:875,0
DA:876,0
DA:877,0
DA:878,0
DA:879,0
DA:883,0
DA:885,0
DA:895,1
DA:896,2
DA:897,2
DA:899,3
DA:900,3
DA:901,1
DA:902,3
DA:903,3
DA:905,1
DA:908,1
DA:909,1
DA:910,4
DA:911,1
DA:913,2
DA:914,2
DA:915,1
DA:917,1
DA:919,1
DA:920,5
DA:921,1
DA:927,1
DA:928,1
DA:929,4
DA:930,1
DA:932,2
DA:933,2
DA:934,1
DA:936,1
DA:938,1
DA:939,5
DA:940,1
DA:948,0
DA:949,0
DA:951,0
DA:953,0
DA:960,0
DA:961,0
DA:962,0
DA:963,0
DA:964,0
DA:967,0
DA:968,0
DA:969,0
DA:972,0
DA:973,0
DA:976,0
DA:977,0
DA:979,0
DA:980,0
DA:981,0
DA:982,0
DA:985,0
DA:986,0
DA:987,0
DA:988,0
DA:989,0
DA:990,0
DA:994,0
DA:995,0
DA:996,0
DA:997,0
DA:1002,0
DA:1004,0
DA:1005,0
DA:1007,0
DA:1013,0
DA:1024,0
DA:1028,0
DA:1031,0
DA:1032,0
DA:1034,0
DA:1035,0
DA:1036,0
DA:1038,0
DA:1042,0
DA:1047,0
DA:1048,0
DA:1049,0
DA:1051,0
DA:1055,0
DA:1060,0
DA:1061,0
DA:1062,0
DA:1063,0
DA:1064,0
DA:1070,0
DA:1078,0
DA:1079,0
DA:1083,0
DA:1084,0
DA:1085,0
DA:1087,0
DA:1094,0
DA:1095,0
DA:1096,0
DA:1098,0
DA:1099,0
DA:1100,0
DA:1101,0
DA:1103,0
DA:1106,0
DA:1107,0
DA:1108,0
DA:1109,0
DA:1111,0
DA:1119,0
DA:1120,0
DA:1121,0
DA:1122,0
DA:1124,0
DA:1126,0
DA:1131,0
DA:1139,0
DA:1143,0
DA:1145,0
DA:1146,0
DA:1149,0
DA:1153,0
DA:1154,0
DA:1155,0
DA:1158,0
DA:1160,0
DA:1166,0
DA:1168,0
DA:1169,0
DA:1177,0
DA:1178,0
DA:1180,0
DA:1182,0
DA:1183,0
DA:1184,0
DA:1186,0
DA:1189,0
DA:1190,0
DA:1192,0
DA:1193,0
DA:1195,0
DA:1202,0
DA:1206,0
DA:1208,0
DA:1209,0
DA:1212,0
DA:1213,0
DA:1214,0
DA:1217,0
DA:1219,0
DA:1220,0
DA:1222,0
DA:1223,0
DA:1228,0
DA:1229,0
DA:1230,0
DA:1232,0
DA:1233,0
DA:1242,0
DA:1243,0
DA:1244,0
DA:1245,0
DA:1246,0
DA:1248,0
DA:1249,0
DA:1250,0
DA:1253,0
DA:1254,0
DA:1255,0
DA:1256,0
DA:1263,0
DA:1264,0
DA:1265,0
DA:1266,0
DA:1267,0
DA:1269,0
DA:1270,0
DA:1271,0
DA:1274,0
DA:1275,0
DA:1276,0
DA:1277,0
DA:1284,0
DA:1285,0
DA:1286,0
DA:1287,0
DA:1288,0
DA:1289,0
DA:1291,0
DA:1294,0
DA:1295,0
DA:1298,0
DA:1301,0
DA:1302,0
DA:1303,0
DA:1304,0
DA:1305,0
DA:1308,0
DA:1309,0
DA:1310,0
DA:1312,0
DA:1315,0
DA:1320,0
DA:1325,0
DA:1330,0
DA:1331,0
DA:1332,0
DA:1333,0
DA:1335,0
DA:1338,0
DA:1340,0
DA:1342,0
DA:1344,0
DA:1346,0
DA:1348,0
DA:1350,0
DA:1352,0
DA:1354,0
DA:1360,0
DA:1370,0
DA:1374,0
DA:1377,0
DA:1378,0
DA:1381,0
DA:1382,0
DA:1397,0
DA:1398,0
DA:1413,0
DA:1414,0
DA:1431,0
DA:1432,0
DA:1433,0
DA:1434,0
DA:1435,0
LF:616
LH:248
end_of_record
SF:lib\services\analytics\analytics_models.dart
DA:27,2
DA:45,0
DA:46,0
DA:48,0
DA:49,0
DA:50,0
DA:51,0
DA:52,0
DA:53,0
DA:54,0
DA:55,0
DA:56,0
DA:57,0
DA:58,0
DA:59,0
DA:60,0
DA:61,0
DA:62,0
DA:63,0
DA:64,0
DA:80,2
DA:91,0
DA:92,0
DA:94,0
DA:95,0
DA:96,0
DA:97,0
DA:98,0
DA:99,0
DA:100,0
DA:101,0
DA:102,0
DA:103,0
DA:123,3
DA:138,0
DA:139,0
DA:141,0
DA:142,0
DA:143,0
DA:144,0
DA:145,0
DA:146,0
DA:147,0
DA:148,0
DA:149,0
DA:150,0
DA:151,0
DA:152,0
DA:153,0
DA:154,0
DA:169,13
DA:179,0
DA:180,0
DA:182,0
DA:184,2
DA:185,2
DA:186,2
DA:187,10
DA:188,8
DA:189,2
DA:190,4
DA:191,4
DA:192,4
DA:194,2
DA:195,2
DA:196,0
DA:197,0
DA:198,0
DA:199,0
DA:200,0
DA:201,0
DA:202,0
DA:203,0
DA:204,0
DA:220,4
DA:231,0
DA:232,0
DA:234,0
DA:235,0
DA:236,0
DA:237,0
DA:238,0
DA:239,0
DA:240,0
DA:241,0
DA:242,0
DA:243,0
DA:260,2
DA:262,2
DA:264,2
DA:266,2
DA:268,2
DA:270,2
DA:272,2
DA:274,2
DA:276,1
DA:281,2
DA:282,2
DA:283,8
DA:286,2
DA:287,1
DA:289,1
DA:291,2
DA:292,2
DA:293,6
DA:294,2
DA:296,2
DA:298,1
DA:299,3
DA:300,4
DA:301,1
DA:302,0
DA:303,0
DA:304,0
DA:305,0
DA:306,0
DA:307,0
DA:308,0
DA:309,0
DA:311,0
DA:312,0
DA:313,0
DA:314,0
DA:316,0
DA:317,0
DA:318,0
DA:319,0
DA:321,0
DA:322,0
DA:333,2
DA:338,0
DA:339,0
DA:341,0
DA:343,5
DA:345,1
DA:346,4
DA:347,0
DA:348,0
DA:362,0
DA:372,0
DA:373,0
DA:375,0
DA:376,0
DA:377,0
DA:378,0
DA:379,0
DA:380,0
DA:381,0
DA:382,0
DA:383,0
DA:399,0
DA:410,0
DA:411,0
DA:413,0
DA:414,0
DA:415,0
DA:416,0
DA:417,0
DA:418,0
DA:419,0
DA:420,0
DA:421,0
DA:422,0
DA:437,0
DA:447,0
DA:448,0
DA:450,0
DA:451,0
DA:452,0
DA:453,0
DA:454,0
DA:455,0
DA:456,0
DA:457,0
DA:458,0
DA:472,0
DA:481,0
DA:482,0
DA:484,0
DA:485,0
DA:486,0
DA:487,0
DA:488,0
DA:489,0
DA:490,0
DA:491,0
DA:504,0
DA:511,0
DA:512,0
DA:514,0
DA:515,0
DA:525,0
DA:532,0
DA:533,0
DA:535,0
DA:536,0
DA:546,0
DA:553,0
DA:554,0
DA:556,0
DA:557,0
DA:569,0
DA:578,0
DA:579,0
DA:581,0
DA:582,0
DA:583,0
DA:584,0
DA:585,0
DA:586,0
DA:587,0
DA:588,0
DA:599,0
DA:606,0
DA:607,0
DA:609,0
DA:610,0
DA:611,0
DA:612,0
DA:613,0
DA:614,0
DA:624,8
DA:630,0
DA:631,0
DA:633,0
DA:634,0
DA:644,0
DA:651,0
DA:652,0
DA:654,0
DA:655,0
DA:665,0
DA:672,0
DA:673,0
DA:675,0
DA:676,0
DA:685,0
DA:691,0
DA:692,0
DA:694,0
DA:695,0
DA:696,0
DA:697,0
DA:698,0
DA:710,0
DA:718,0
DA:719,0
DA:721,0
DA:722,0
DA:723,0
DA:724,0
DA:725,0
DA:726,0
DA:727,0
DA:739,0
DA:747,0
DA:748,0
DA:750,0
DA:751,0
DA:763,0
DA:772,0
DA:773,0
DA:775,0
DA:776,0
DA:777,0
DA:778,0
DA:779,0
DA:780,0
DA:781,0
DA:782,0
DA:795,8
DA:804,0
DA:805,0
DA:807,0
DA:808,0
DA:809,0
DA:810,0
DA:811,0
DA:812,0
DA:813,0
DA:814,0
DA:827,0
DA:829,0
DA:831,0
DA:833,0
DA:835,0
DA:840,0
DA:842,0
DA:844,0
DA:846,0
DA:848,0
DA:853,0
DA:855,0
DA:857,0
DA:859,0
DA:861,0
LF:296
LH:46
end_of_record
SF:lib\services\analytics\analytics_models.g.dart
DA:9,0
DA:10,0
DA:11,0
DA:12,0
DA:13,0
DA:14,0
DA:15,0
DA:16,0
DA:17,0
DA:18,0
DA:19,0
DA:20,0
DA:21,0
DA:22,0
DA:23,0
DA:24,0
DA:25,0
DA:26,0
DA:27,0
DA:30,0
DA:31,0
DA:32,0
DA:33,0
DA:34,0
DA:35,0
DA:36,0
DA:37,0
DA:38,0
DA:39,0
DA:40,0
DA:41,0
DA:42,0
DA:43,0
DA:44,0
DA:45,0
DA:46,0
DA:49,0
DA:50,0
DA:51,0
DA:52,0
DA:53,0
DA:54,0
DA:55,0
DA:56,0
DA:57,0
DA:60,0
DA:61,0
DA:62,0
DA:63,0
DA:64,0
DA:65,0
DA:66,0
DA:67,0
DA:68,0
DA:69,0
DA:72,0
DA:73,0
DA:74,0
DA:75,0
DA:76,0
DA:77,0
DA:78,0
DA:79,0
DA:80,0
DA:81,0
DA:82,0
DA:83,0
DA:84,0
DA:85,0
DA:87,0
DA:88,0
DA:91,0
DA:92,0
DA:94,0
DA:95,0
DA:98,0
DA:100,0
DA:101,0
DA:102,0
DA:103,0
DA:104,0
DA:105,0
DA:106,0
DA:107,0
DA:108,0
DA:110,0
DA:112,0
DA:113,0
DA:114,0
DA:117,0
DA:118,0
DA:119,0
DA:120,0
DA:122,0
DA:123,0
DA:125,0
DA:126,0
DA:128,0
DA:129,0
DA:131,0
DA:132,0
DA:133,0
DA:134,0
DA:137,0
DA:138,0
DA:139,0
DA:140,0
DA:141,0
DA:142,0
DA:144,0
DA:145,0
DA:147,0
DA:150,0
DA:151,0
DA:152,0
DA:153,0
DA:154,0
DA:155,0
DA:156,0
DA:157,0
DA:158,0
DA:160,0
DA:163,0
DA:164,0
DA:165,0
DA:166,0
DA:167,0
DA:168,0
DA:169,0
DA:170,0
DA:171,0
DA:172,0
DA:175,0
DA:176,0
DA:177,0
DA:180,0
DA:181,0
DA:182,0
DA:185,0
DA:187,0
DA:188,0
DA:189,0
DA:192,0
DA:193,0
DA:195,0
DA:196,0
DA:197,0
DA:198,0
DA:199,0
DA:200,0
DA:201,0
DA:203,0
DA:204,0
DA:206,0
DA:207,0
DA:208,0
DA:211,0
DA:213,0
DA:215,0
DA:217,0
DA:218,0
DA:219,0
DA:220,0
DA:221,0
DA:222,0
DA:225,0
DA:226,0
DA:227,0
DA:228,0
DA:229,0
DA:230,0
DA:231,0
DA:232,0
DA:233,0
DA:235,0
DA:236,0
DA:237,0
DA:238,0
DA:239,0
DA:240,0
DA:241,0
DA:242,0
DA:244,0
DA:245,0
DA:246,0
DA:249,0
DA:250,0
DA:251,0
DA:252,0
DA:253,0
DA:254,0
DA:255,0
DA:257,0
DA:258,0
DA:259,0
DA:262,0
DA:264,0
DA:265,0
DA:266,0
DA:267,0
DA:268,0
DA:269,0
DA:270,0
DA:272,0
DA:273,0
DA:276,0
DA:277,0
DA:278,0
DA:280,0
DA:281,0
DA:282,0
DA:283,0
DA:284,0
DA:286,0
DA:287,0
DA:289,0
DA:290,0
DA:294,0
DA:295,0
DA:297,0
DA:298,0
DA:303,0
DA:305,0
DA:306,0
DA:307,0
DA:308,0
DA:309,0
DA:310,0
DA:311,0
DA:312,0
DA:313,0
DA:314,0
DA:317,0
DA:319,0
DA:320,0
DA:321,0
DA:322,0
DA:323,0
DA:324,0
DA:325,0
DA:326,0
DA:327,0
DA:328,0
DA:329,0
DA:330,0
DA:331,0
DA:332,0
DA:333,0
DA:335,0
DA:336,0
DA:340,0
DA:342,0
DA:343,0
DA:344,0
DA:345,0
DA:346,0
DA:347,0
DA:348,0
DA:351,0
DA:352,0
DA:353,0
DA:354,0
DA:355,0
DA:356,0
DA:359,0
DA:360,0
DA:361,0
DA:362,0
DA:363,0
DA:364,0
DA:367,0
DA:368,0
DA:369,0
DA:370,0
DA:371,0
DA:372,0
DA:375,0
DA:376,0
DA:377,0
DA:378,0
DA:379,0
DA:380,0
DA:383,0
DA:384,0
DA:385,0
DA:386,0
DA:387,0
DA:388,0
DA:391,0
DA:392,0
DA:393,0
DA:394,0
DA:395,0
DA:396,0
DA:399,0
DA:401,0
DA:402,0
DA:403,0
DA:404,0
DA:405,0
DA:406,0
DA:407,0
DA:410,0
DA:412,0
DA:413,0
DA:414,0
DA:415,0
DA:416,0
DA:417,0
DA:418,0
DA:421,0
DA:423,0
DA:425,0
DA:427,0
DA:428,0
DA:429,0
DA:432,0
DA:434,0
DA:435,0
DA:436,0
DA:437,0
DA:438,0
DA:441,0
DA:442,0
DA:443,0
DA:444,0
DA:447,0
DA:448,0
DA:449,0
DA:450,0
DA:453,0
DA:454,0
DA:455,0
DA:456,0
DA:457,0
DA:458,0
DA:459,0
DA:460,0
DA:463,0
DA:464,0
DA:465,0
DA:466,0
DA:467,0
DA:468,0
DA:471,0
DA:472,0
DA:473,0
DA:474,0
DA:475,0
DA:476,0
DA:479,0
DA:481,0
DA:482,0
DA:483,0
DA:484,0
DA:485,0
DA:488,0
DA:490,0
DA:492,0
DA:493,0
DA:494,0
DA:496,0
DA:497,0
DA:498,0
DA:499,0
DA:500,0
DA:504,0
DA:506,0
DA:507,0
DA:508,0
DA:509,0
DA:512,0
DA:513,0
DA:514,0
DA:515,0
DA:516,0
DA:517,0
DA:518,0
DA:521,0
DA:522,0
DA:523,0
DA:524,0
DA:525,0
DA:526,0
DA:527,0
DA:530,0
DA:531,0
DA:532,0
DA:533,0
DA:534,0
DA:535,0
DA:536,0
DA:539,0
DA:541,0
DA:542,0
DA:543,0
DA:544,0
DA:545,0
DA:546,0
DA:549,0
DA:550,0
DA:551,0
DA:552,0
DA:553,0
DA:554,0
DA:555,0
DA:556,0
DA:559,0
DA:560,0
DA:561,0
DA:562,0
DA:563,0
DA:564,0
DA:565,0
DA:566,0
DA:569,0
DA:570,0
DA:571,0
DA:572,0
DA:573,0
DA:574,0
DA:575,0
DA:576,0
DA:577,0
DA:578,0
DA:581,0
DA:582,0
DA:583,0
DA:584,0
DA:585,0
DA:586,0
DA:587,0
DA:588,0
LF:433
LH:0
end_of_record
SF:lib\services\database\database.g.dart
DA:10,0
DA:60,0
DA:61,0
DA:62,0
DA:63,0
DA:64,0
DA:65,0
DA:66,0
DA:67,0
DA:68,0
DA:69,0
DA:71,0
DA:72,0
DA:73,0
DA:76,0
DA:79,0
DA:80,0
DA:81,0
DA:82,0
DA:84,0
DA:86,0
DA:87,0
DA:88,0
DA:90,0
DA:92,0
DA:93,0
DA:95,0
DA:96,0
DA:98,0
DA:99,0
DA:100,0
DA:102,0
DA:104,0
DA:105,0
DA:106,0
DA:108,0
DA:110,0
DA:111,0
DA:112,0
DA:114,0
DA:115,0
DA:117,0
DA:118,0
DA:120,0
DA:121,0
DA:122,0
DA:127,0
DA:128,0
DA:129,0
DA:131,0
DA:132,0
DA:133,0
DA:134,0
DA:135,0
DA:136,0
DA:137,0
DA:138,0
DA:139,0
DA:140,0
DA:141,0
DA:142,0
DA:143,0
DA:144,0
DA:145,0
DA:146,0
DA:147,0
DA:148,0
DA:152,0
DA:154,0
DA:167,0
DA:176,0
DA:178,0
DA:179,0
DA:180,0
DA:181,0
DA:182,0
DA:184,0
DA:185,0
DA:186,0
DA:187,0
DA:189,0
DA:190,0
DA:191,0
DA:196,0
DA:197,0
DA:198,0
DA:199,0
DA:200,0
DA:202,0
DA:203,0
DA:204,0
DA:205,0
DA:207,0
DA:208,0
DA:209,0
DA:211,0
DA:215,0
DA:217,0
DA:218,0
DA:219,0
DA:220,0
DA:221,0
DA:222,0
DA:223,0
DA:224,0
DA:225,0
DA:226,0
DA:229,0
DA:231,0
DA:232,0
DA:233,0
DA:234,0
DA:235,0
DA:236,0
DA:237,0
DA:238,0
DA:239,0
DA:240,0
DA:244,0
DA:253,0
DA:254,0
DA:255,0
DA:256,0
DA:257,0
DA:258,0
DA:259,0
DA:260,0
DA:261,0
DA:263,0
DA:264,0
DA:265,0
DA:266,0
DA:268,0
DA:269,0
DA:270,0
DA:271,0
DA:273,0
DA:274,0
DA:278,0
DA:280,0
DA:281,0
DA:282,0
DA:283,0
DA:284,0
DA:285,0
DA:286,0
DA:287,0
DA:288,0
DA:289,0
DA:290,0
DA:293,0
DA:294,0
DA:295,0
DA:296,0
DA:299,0
DA:300,0
DA:301,0
DA:302,0
DA:303,0
DA:304,0
DA:305,0
DA:306,0
DA:307,0
DA:320,0
DA:331,0
DA:341,0
DA:342,0
DA:343,0
DA:344,0
DA:345,0
DA:356,0
DA:357,0
DA:358,0
DA:359,0
DA:360,0
DA:361,0
DA:362,0
DA:363,0
DA:364,0
DA:365,0
DA:369,0
DA:379,0
DA:380,0
DA:381,0
DA:382,0
DA:383,0
DA:384,0
DA:385,0
DA:386,0
DA:387,0
DA:388,0
DA:392,0
DA:394,0
DA:395,0
DA:396,0
DA:398,0
DA:399,0
DA:401,0
DA:402,0
DA:404,0
DA:405,0
DA:407,0
DA:408,0
DA:410,0
DA:411,0
DA:413,0
DA:414,0
DA:416,0
DA:417,0
DA:419,0
DA:420,0
DA:425,0
DA:427,0
DA:428,0
DA:429,0
DA:430,0
DA:431,0
DA:432,0
DA:433,0
DA:434,0
DA:435,0
DA:436,0
DA:437,0
DA:438,0
DA:446,0
DA:568,0
DA:569,0
DA:570,0
DA:571,0
DA:572,0
DA:573,0
DA:574,0
DA:575,0
DA:576,0
DA:577,0
DA:578,0
DA:579,0
DA:580,0
DA:581,0
DA:582,0
DA:583,0
DA:584,0
DA:585,0
DA:586,0
DA:587,0
DA:588,0
DA:589,0
DA:591,0
DA:592,0
DA:593,0
DA:596,0
DA:599,0
DA:600,0
DA:601,0
DA:602,0
DA:604,0
DA:606,0
DA:607,0
DA:608,0
DA:610,0
DA:612,0
DA:613,0
DA:615,0
DA:616,0
DA:618,0
DA:619,0
DA:620,0
DA:622,0
DA:624,0
DA:625,0
DA:626,0
DA:628,0
DA:629,0
DA:630,0
DA:632,0
DA:633,0
DA:635,0
DA:636,0
DA:638,0
DA:639,0
DA:640,0
DA:642,0
DA:644,0
DA:645,0
DA:646,0
DA:648,0
DA:650,0
DA:651,0
DA:653,0
DA:654,0
DA:656,0
DA:657,0
DA:658,0
DA:660,0
DA:661,0
DA:662,0
DA:664,0
DA:666,0
DA:667,0
DA:668,0
DA:670,0
DA:671,0
DA:673,0
DA:674,0
DA:676,0
DA:677,0
DA:679,0
DA:680,0
DA:682,0
DA:683,0
DA:685,0
DA:686,0
DA:688,0
DA:689,0
DA:691,0
DA:692,0
DA:694,0
DA:695,0
DA:697,0
DA:698,0
DA:700,0
DA:701,0
DA:703,0
DA:704,0
DA:706,0
DA:707,0
DA:709,0
DA:710,0
DA:716,0
DA:717,0
DA:718,0
DA:720,0
DA:721,0
DA:722,0
DA:723,0
DA:724,0
DA:725,0
DA:726,0
DA:727,0
DA:728,0
DA:729,0
DA:730,0
DA:731,0
DA:732,0
DA:733,0
DA:734,0
DA:735,0
DA:736,0
DA:737,0
DA:738,0
DA:739,0
DA:740,0
DA:741,0
DA:742,0
DA:743,0
DA:744,0
DA:745,0
DA:746,0
DA:747,0
DA:748,0
DA:749,0
DA:750,0
DA:751,0
DA:752,0
DA:753,0
DA:754,0
DA:755,0
DA:756,0
DA:758,0
DA:759,0
DA:760,0
DA:761,0
DA:763,0
DA:767,0
DA:769,0
DA:794,0
DA:815,0
DA:817,0
DA:818,0
DA:819,0
DA:820,0
DA:821,0
DA:823,0
DA:824,0
DA:825,0
DA:827,0
DA:828,0
DA:830,0
DA:831,0
DA:833,0
DA:834,0
DA:835,0
DA:836,0
DA:838,0
DA:839,0
DA:841,0
DA:842,0
DA:843,0
DA:844,0
DA:846,0
DA:847,0
DA:849,0
DA:850,0
DA:852,0
DA:853,0
DA:855,0
DA:856,0
DA:858,0
DA:859,0
DA:861,0
DA:862,0
DA:863,0
DA:868,0
DA:869,0
DA:870,0
DA:871,0
DA:872,0
DA:874,0
DA:875,0
DA:876,0
DA:878,0
DA:879,0
DA:881,0
DA:882,0
DA:884,0
DA:885,0
DA:886,0
DA:887,0
DA:889,0
DA:890,0
DA:892,0
DA:893,0
DA:894,0
DA:895,0
DA:897,0
DA:898,0
DA:900,0
DA:901,0
DA:903,0
DA:904,0
DA:906,0
DA:907,0
DA:909,0
DA:910,0
DA:912,0
DA:913,0
DA:915,0
DA:919,0
DA:921,0
DA:922,0
DA:923,0
DA:924,0
DA:925,0
DA:926,0
DA:927,0
DA:928,0
DA:929,0
DA:930,0
DA:931,0
DA:932,0
DA:933,0
DA:934,0
DA:935,0
DA:936,0
DA:937,0
DA:938,0
DA:939,0
DA:941,0
DA:943,0
DA:945,0
DA:948,0
DA:950,0
DA:951,0
DA:952,0
DA:953,0
DA:954,0
DA:955,0
DA:956,0
DA:957,0
DA:958,0
DA:959,0
DA:960,0
DA:961,0
DA:962,0
DA:963,0
DA:964,0
DA:965,0
DA:966,0
DA:967,0
DA:968,0
DA:969,0
DA:970,0
DA:972,0
DA:976,0
DA:997,0
DA:998,0
DA:999,0
DA:1000,0
DA:1001,0
DA:1002,0
DA:1003,0
DA:1004,0
DA:1005,0
DA:1006,0
DA:1007,0
DA:1008,0
DA:1009,0
DA:1010,0
DA:1011,0
DA:1012,0
DA:1013,0
DA:1014,0
DA:1015,0
DA:1017,0
DA:1019,0
DA:1020,0
DA:1021,0
DA:1022,0
DA:1023,0
DA:1024,0
DA:1025,0
DA:1026,0
DA:1027,0
DA:1028,0
DA:1029,0
DA:1030,0
DA:1031,0
DA:1033,0
DA:1034,0
DA:1035,0
DA:1036,0
DA:1038,0
DA:1039,0
DA:1040,0
DA:1041,0
DA:1043,0
DA:1044,0
DA:1045,0
DA:1046,0
DA:1047,0
DA:1048,0
DA:1049,0
DA:1050,0
DA:1051,0
DA:1052,0
DA:1053,0
DA:1054,0
DA:1055,0
DA:1056,0
DA:1057,0
DA:1058,0
DA:1059,0
DA:1060,0
DA:1061,0
DA:1062,0
DA:1063,0
DA:1064,0
DA:1065,0
DA:1066,0
DA:1067,0
DA:1068,0
DA:1069,0
DA:1070,0
DA:1071,0
DA:1072,0
DA:1076,0
DA:1078,0
DA:1079,0
DA:1080,0
DA:1081,0
DA:1082,0
DA:1083,0
DA:1084,0
DA:1085,0
DA:1086,0
DA:1087,0
DA:1088,0
DA:1089,0
DA:1090,0
DA:1091,0
DA:1092,0
DA:1093,0
DA:1094,0
DA:1095,0
DA:1096,0
DA:1097,0
DA:1098,0
DA:1099,0
DA:1100,0
DA:1103,0
DA:1104,0
DA:1105,0
DA:1106,0
DA:1107,0
DA:1108,0
DA:1109,0
DA:1110,0
DA:1111,0
DA:1112,0
DA:1113,0
DA:1114,0
DA:1115,0
DA:1116,0
DA:1117,0
DA:1118,0
DA:1119,0
DA:1120,0
DA:1121,0
DA:1122,0
DA:1123,0
DA:1124,0
DA:1125,0
DA:1128,0
DA:1129,0
DA:1130,0
DA:1131,0
DA:1132,0
DA:1133,0
DA:1134,0
DA:1135,0
DA:1136,0
DA:1137,0
DA:1138,0
DA:1139,0
DA:1140,0
DA:1141,0
DA:1142,0
DA:1143,0
DA:1144,0
DA:1145,0
DA:1146,0
DA:1147,0
DA:1148,0
DA:1173,8
DA:1196,0
DA:1218,0
DA:1219,0
DA:1220,0
DA:1221,0
DA:1222,0
DA:1223,0
DA:1224,0
DA:1247,0
DA:1248,0
DA:1249,0
DA:1250,0
DA:1251,0
DA:1252,0
DA:1253,0
DA:1254,0
DA:1255,0
DA:1256,0
DA:1257,0
DA:1258,0
DA:1259,0
DA:1260,0
DA:1261,0
DA:1262,0
DA:1263,0
DA:1264,0
DA:1266,0
DA:1267,0
DA:1269,0
DA:1270,0
DA:1274,0
DA:1296,0
DA:1297,0
DA:1298,0
DA:1299,0
DA:1300,0
DA:1301,0
DA:1302,0
DA:1303,0
DA:1304,0
DA:1305,0
DA:1306,0
DA:1307,0
DA:1308,0
DA:1309,0
DA:1310,0
DA:1311,0
DA:1312,0
DA:1313,0
DA:1314,0
DA:1315,0
DA:1317,0
DA:1318,0
DA:1322,0
DA:1324,0
DA:1325,0
DA:1326,0
DA:1328,0
DA:1329,0
DA:1331,0
DA:1332,0
DA:1334,0
DA:1335,0
DA:1337,0
DA:1338,0
DA:1340,0
DA:1341,0
DA:1343,0
DA:1344,0
DA:1346,0
DA:1347,0
DA:1349,0
DA:1350,0
DA:1352,0
DA:1353,0
DA:1355,0
DA:1356,0
DA:1358,0
DA:1359,0
DA:1361,0
DA:1362,0
DA:1364,0
DA:1365,0
DA:1367,0
DA:1368,0
DA:1370,0
DA:1371,0
DA:1373,0
DA:1374,0
DA:1376,0
DA:1377,0
DA:1378,0
DA:1380,0
DA:1381,0
DA:1383,0
DA:1384,0
DA:1385,0
DA:1387,0
DA:1388,0
DA:1393,0
DA:1395,0
DA:1396,0
DA:1397,0
DA:1398,0
DA:1399,0
DA:1400,0
DA:1401,0
DA:1402,0
DA:1403,0
DA:1404,0
DA:1405,0
DA:1406,0
DA:1407,0
DA:1408,0
DA:1409,0
DA:1410,0
DA:1411,0
DA:1412,0
DA:1413,0
DA:1414,0
DA:1415,0
DA:1416,0
DA:1417,0
DA:1418,0
DA:1426,0
DA:1472,0
DA:1474,0
DA:1475,0
DA:1476,0
DA:1477,0
DA:1480,0
DA:1483,0
DA:1484,0
DA:1485,0
DA:1486,0
DA:1488,0
DA:1490,0
DA:1491,0
DA:1492,0
DA:1494,0
DA:1496,0
DA:1497,0
DA:1498,0
DA:1500,0
DA:1502,0
DA:1503,0
DA:1505,0
DA:1506,0
DA:1508,0
DA:1509,0
DA:1511,0
DA:1512,0
DA:1514,0
DA:1515,0
DA:1516,0
DA:1518,0
DA:1519,0
DA:1520,0
DA:1522,0
DA:1527,0
DA:1528,0
DA:1529,0
DA:1531,0
DA:1532,0
DA:1533,0
DA:1534,0
DA:1535,0
DA:1536,0
DA:1537,0
DA:1538,0
DA:1539,0
DA:1540,0
DA:1541,0
DA:1542,0
DA:1543,0
DA:1544,0
DA:1545,0
DA:1546,0
DA:1550,0
DA:1552,0
DA:1564,0
DA:1572,0
DA:1574,0
DA:1575,0
DA:1576,0
DA:1577,0
DA:1578,0
DA:1579,0
DA:1580,0
DA:1582,0
DA:1583,0
DA:1587,0
DA:1588,0
DA:1589,0
DA:1590,0
DA:1591,0
DA:1592,0
DA:1593,0
DA:1595,0
DA:1596,0
DA:1597,0
DA:1601,0
DA:1603,0
DA:1604,0
DA:1605,0
DA:1606,0
DA:1607,0
DA:1608,0
DA:1609,0
DA:1610,0
DA:1611,0
DA:1614,0
DA:1616,0
DA:1617,0
DA:1618,0
DA:1619,0
DA:1620,0
DA:1621,0
DA:1622,0
DA:1623,0
DA:1624,0
DA:1628,0
DA:1636,0
DA:1637,0
DA:1638,0
DA:1639,0
DA:1640,0
DA:1641,0
DA:1642,0
DA:1643,0
DA:1645,0
DA:1646,0
DA:1647,0
DA:1648,0
DA:1649,0
DA:1651,0
DA:1653,0
DA:1654,0
DA:1655,0
DA:1659,0
DA:1661,0
DA:1662,0
DA:1663,0
DA:1664,0
DA:1665,0
DA:1666,0
DA:1667,0
DA:1668,0
DA:1669,0
DA:1670,0
DA:1673,0
DA:1674,0
DA:1675,0
DA:1676,0
DA:1679,0
DA:1680,0
DA:1681,0
DA:1682,0
DA:1683,0
DA:1684,0
DA:1685,0
DA:1686,0
DA:1698,0
DA:1708,0
DA:1717,0
DA:1718,0
DA:1719,0
DA:1720,0
DA:1721,0
DA:1731,0
DA:1732,0
DA:1733,0
DA:1734,0
DA:1735,0
DA:1736,0
DA:1737,0
DA:1738,0
DA:1739,0
DA:1743,0
DA:1752,0
DA:1753,0
DA:1754,0
DA:1755,0
DA:1756,0
DA:1757,0
DA:1758,0
DA:1759,0
DA:1760,0
DA:1764,0
DA:1766,0
DA:1767,0
DA:1768,0
DA:1770,0
DA:1771,0
DA:1773,0
DA:1774,0
DA:1776,0
DA:1777,0
DA:1779,0
DA:1780,0
DA:1782,0
DA:1783,0
DA:1785,0
DA:1786,0
DA:1788,0
DA:1789,0
DA:1794,0
DA:1796,0
DA:1797,0
DA:1798,0
DA:1799,0
DA:1800,0
DA:1801,0
DA:1802,0
DA:1803,0
DA:1804,0
DA:1805,0
DA:1806,0
DA:1814,0
DA:1838,0
DA:1839,0
DA:1840,0
DA:1841,0
DA:1842,0
DA:1845,0
DA:1848,0
DA:1849,0
DA:1850,0
DA:1851,0
DA:1853,0
DA:1855,0
DA:1856,0
DA:1857,0
DA:1859,0
DA:1861,0
DA:1862,0
DA:1863,0
DA:1865,0
DA:1866,0
DA:1867,0
DA:1869,0
DA:1874,0
DA:1875,0
DA:1876,0
DA:1878,0
DA:1879,0
DA:1880,0
DA:1881,0
DA:1882,0
DA:1883,0
DA:1884,0
DA:1885,0
DA:1886,0
DA:1887,0
DA:1891,0
DA:1893,0
DA:1902,0
DA:1907,0
DA:1909,0
DA:1910,0
DA:1911,0
DA:1912,0
DA:1913,0
DA:1915,0
DA:1919,0
DA:1920,0
DA:1921,0
DA:1922,0
DA:1924,0
DA:1925,0
DA:1929,0
DA:1931,0
DA:1932,0
DA:1933,0
DA:1934,0
DA:1935,0
DA:1936,0
DA:1939,0
DA:1941,0
DA:1942,0
DA:1943,0
DA:1944,0
DA:1945,0
DA:1946,0
DA:1950,0
DA:1955,0
DA:1956,0
DA:1957,0
DA:1958,0
DA:1959,0
DA:1961,0
DA:1962,0
DA:1963,0
DA:1964,0
DA:1965,0
DA:1966,0
DA:1970,0
DA:1972,0
DA:1973,0
DA:1974,0
DA:1975,0
DA:1976,0
DA:1977,0
DA:1978,0
DA:1981,0
DA:1982,0
DA:1983,0
DA:1986,0
DA:1987,0
DA:1988,0
DA:1989,0
DA:1990,0
DA:1999,0
DA:2006,0
DA:2012,0
DA:2013,0
DA:2014,0
DA:2015,0
DA:2022,0
DA:2023,0
DA:2024,0
DA:2025,0
DA:2026,0
DA:2027,0
DA:2031,0
DA:2037,0
DA:2038,0
DA:2039,0
DA:2040,0
DA:2041,0
DA:2042,0
DA:2046,0
DA:2048,0
DA:2049,0
DA:2050,0
DA:2052,0
DA:2053,0
DA:2055,0
DA:2056,0
DA:2058,0
DA:2059,0
DA:2061,0
DA:2062,0
DA:2067,0
DA:2069,0
DA:2070,0
DA:2071,0
DA:2072,0
DA:2073,0
DA:2074,0
DA:2075,0
DA:2076,0
DA:2084,0
DA:2095,0
DA:2096,0
DA:2097,0
DA:2098,0
DA:2099,0
DA:2102,0
DA:2105,0
DA:2106,0
DA:2107,0
DA:2108,0
DA:2109,0
DA:2111,0
DA:2113,0
DA:2114,0
DA:2115,0
DA:2117,0
DA:2122,0
DA:2123,0
DA:2124,0
DA:2126,0
DA:2127,0
DA:2128,0
DA:2129,0
DA:2130,0
DA:2131,0
DA:2135,0
DA:2137,0
DA:2144,0
DA:2145,0
DA:2147,0
DA:2148,0
DA:2149,0
DA:2153,0
DA:2154,0
DA:2155,0
DA:2156,0
DA:2160,0
DA:2162,0
DA:2163,0
DA:2164,0
DA:2165,0
DA:2168,0
DA:2170,0
DA:2171,0
DA:2172,0
DA:2173,0
DA:2177,0
DA:2178,0
DA:2179,0
DA:2181,0
DA:2182,0
DA:2183,0
DA:2184,0
DA:2188,0
DA:2190,0
DA:2191,0
DA:2192,0
DA:2193,0
DA:2194,0
DA:2197,0
DA:2198,0
DA:2199,0
DA:2202,0
DA:2203,0
DA:2204,0
DA:2211,0
DA:2216,0
DA:2220,0
DA:2221,0
DA:2222,0
DA:2227,0
DA:2228,0
DA:2229,0
DA:2230,0
DA:2234,0
DA:2236,0
DA:2237,0
DA:2238,0
DA:2239,0
DA:2243,0
DA:2245,0
DA:2246,0
DA:2247,0
DA:2249,0
DA:2250,0
DA:2252,0
DA:2253,0
DA:2258,0
DA:2260,0
DA:2261,0
DA:2262,0
DA:2263,0
DA:2264,0
DA:2265,0
DA:2274,0
DA:2287,0
DA:2288,0
DA:2289,0
DA:2290,0
DA:2291,0
DA:2294,0
DA:2297,0
DA:2298,0
DA:2299,0
DA:2300,0
DA:2302,0
DA:2303,0
DA:2305,0
DA:2307,0
DA:2308,0
DA:2310,0
DA:2311,0
DA:2313,0
DA:2318,0
DA:2319,0
DA:2320,0
DA:2322,0
DA:2323,0
DA:2324,0
DA:2325,0
DA:2326,0
DA:2327,0
DA:2331,0
DA:2333,0
DA:2340,0
DA:2342,0
DA:2344,0
DA:2345,0
DA:2346,0
DA:2350,0
DA:2351,0
DA:2352,0
DA:2353,0
DA:2357,0
DA:2359,0
DA:2360,0
DA:2361,0
DA:2363,0
DA:2366,0
DA:2368,0
DA:2369,0
DA:2370,0
DA:2371,0
DA:2375,0
DA:2377,0
DA:2378,0
DA:2379,0
DA:2381,0
DA:2382,0
DA:2383,0
DA:2384,0
DA:2385,0
DA:2386,0
DA:2387,0
DA:2388,0
DA:2392,0
DA:2394,0
DA:2395,0
DA:2396,0
DA:2397,0
DA:2398,0
DA:2401,0
DA:2402,0
DA:2403,0
DA:2406,0
DA:2407,0
DA:2408,0
DA:2415,0
DA:2420,0
DA:2424,0
DA:2425,0
DA:2426,0
DA:2431,0
DA:2432,0
DA:2434,0
DA:2435,0
DA:2439,0
DA:2443,0
DA:2444,0
DA:2445,0
DA:2446,0
DA:2450,0
DA:2452,0
DA:2453,0
DA:2454,0
DA:2456,0
DA:2457,0
DA:2459,0
DA:2460,0
DA:2465,0
DA:2467,0
DA:2468,0
DA:2469,0
DA:2470,0
DA:2471,0
DA:2472,0
DA:2481,0
DA:2617,0
DA:2618,0
DA:2619,0
DA:2620,0
DA:2621,0
DA:2622,0
DA:2623,0
DA:2624,0
DA:2625,0
DA:2626,0
DA:2627,0
DA:2628,0
DA:2629,0
DA:2630,0
DA:2631,0
DA:2632,0
DA:2633,0
DA:2634,0
DA:2635,0
DA:2636,0
DA:2637,0
DA:2638,0
DA:2639,0
DA:2640,0
DA:2642,0
DA:2643,0
DA:2644,0
DA:2647,0
DA:2650,0
DA:2651,0
DA:2652,0
DA:2653,0
DA:2655,0
DA:2657,0
DA:2658,0
DA:2659,0
DA:2661,0
DA:2663,0
DA:2664,0
DA:2666,0
DA:2667,0
DA:2669,0
DA:2670,0
DA:2672,0
DA:2673,0
DA:2675,0
DA:2677,0
DA:2678,0
DA:2680,0
DA:2681,0
DA:2683,0
DA:2684,0
DA:2685,0
DA:2687,0
DA:2689,0
DA:2690,0
DA:2691,0
DA:2693,0
DA:2695,0
DA:2696,0
DA:2698,0
DA:2699,0
DA:2701,0
DA:2703,0
DA:2704,0
DA:2706,0
DA:2707,0
DA:2709,0
DA:2710,0
DA:2711,0
DA:2713,0
DA:2714,0
DA:2716,0
DA:2717,0
DA:2719,0
DA:2720,0
DA:2721,0
DA:2723,0
DA:2725,0
DA:2726,0
DA:2727,0
DA:2729,0
DA:2731,0
DA:2732,0
DA:2733,0
DA:2735,0
DA:2736,0
DA:2738,0
DA:2739,0
DA:2741,0
DA:2742,0
DA:2744,0
DA:2745,0
DA:2747,0
DA:2748,0
DA:2749,0
DA:2751,0
DA:2752,0
DA:2754,0
DA:2755,0
DA:2757,0
DA:2758,0
DA:2760,0
DA:2761,0
DA:2763,0
DA:2764,0
DA:2766,0
DA:2767,0
DA:2769,0
DA:2770,0
DA:2772,0
DA:2773,0
DA:2775,0
DA:2776,0
DA:2778,0
DA:2779,0
DA:2785,0
DA:2786,0
DA:2787,0
DA:2789,0
DA:2790,0
DA:2791,0
DA:2792,0
DA:2793,0
DA:2794,0
DA:2795,0
DA:2796,0
DA:2797,0
DA:2798,0
DA:2799,0
DA:2800,0
DA:2801,0
DA:2802,0
DA:2803,0
DA:2804,0
DA:2805,0
DA:2806,0
DA:2807,0
DA:2808,0
DA:2809,0
DA:2810,0
DA:2811,0
DA:2812,0
DA:2813,0
DA:2814,0
DA:2815,0
DA:2816,0
DA:2817,0
DA:2818,0
DA:2819,0
DA:2820,0
DA:2821,0
DA:2822,0
DA:2823,0
DA:2824,0
DA:2825,0
DA:2826,0
DA:2827,0
DA:2828,0
DA:2829,0
DA:2831,0
DA:2832,0
DA:2833,0
DA:2834,0
DA:2836,0
DA:2840,0
DA:2842,0
DA:2869,0
DA:2892,0
DA:2894,0
DA:2895,0
DA:2896,0
DA:2897,0
DA:2898,0
DA:2900,0
DA:2901,0
DA:2902,0
DA:2904,0
DA:2905,0
DA:2906,0
DA:2907,0
DA:2908,0
DA:2910,0
DA:2911,0
DA:2913,0
DA:2914,0
DA:2916,0
DA:2917,0
DA:2918,0
DA:2919,0
DA:2921,0
DA:2922,0
DA:2923,0
DA:2924,0
DA:2926,0
DA:2927,0
DA:2929,0
DA:2930,0
DA:2932,0
DA:2933,0
DA:2935,0
DA:2936,0
DA:2938,0
DA:2939,0
DA:2940,0
DA:2945,0
DA:2946,0
DA:2947,0
DA:2948,0
DA:2949,0
DA:2951,0
DA:2952,0
DA:2953,0
DA:2955,0
DA:2956,0
DA:2957,0
DA:2958,0
DA:2959,0
DA:2961,0
DA:2962,0
DA:2964,0
DA:2965,0
DA:2967,0
DA:2968,0
DA:2969,0
DA:2970,0
DA:2972,0
DA:2973,0
DA:2974,0
DA:2975,0
DA:2977,0
DA:2978,0
DA:2980,0
DA:2981,0
DA:2983,0
DA:2984,0
DA:2986,0
DA:2987,0
DA:2989,0
DA:2990,0
DA:2992,0
DA:2996,0
DA:2998,0
DA:2999,0
DA:3000,0
DA:3001,0
DA:3002,0
DA:3003,0
DA:3005,0
DA:3006,0
DA:3007,0
DA:3008,0
DA:3009,0
DA:3010,0
DA:3011,0
DA:3012,0
DA:3013,0
DA:3014,0
DA:3015,0
DA:3016,0
DA:3017,0
DA:3018,0
DA:3019,0
DA:3021,0
DA:3023,0
DA:3025,0
DA:3028,0
DA:3030,0
DA:3031,0
DA:3032,0
DA:3033,0
DA:3034,0
DA:3035,0
DA:3036,0
DA:3037,0
DA:3038,0
DA:3039,0
DA:3040,0
DA:3041,0
DA:3042,0
DA:3043,0
DA:3044,0
DA:3045,0
DA:3046,0
DA:3047,0
DA:3048,0
DA:3049,0
DA:3050,0
DA:3051,0
DA:3052,0
DA:3054,0
DA:3058,0
DA:3081,0
DA:3082,0
DA:3083,0
DA:3084,0
DA:3085,0
DA:3086,0
DA:3087,0
DA:3088,0
DA:3089,0
DA:3090,0
DA:3091,0
DA:3092,0
DA:3093,0
DA:3094,0
DA:3095,0
DA:3096,0
DA:3097,0
DA:3098,0
DA:3099,0
DA:3100,0
DA:3101,0
DA:3102,0
DA:3103,0
DA:3104,0
DA:3106,0
DA:3107,0
DA:3108,0
DA:3109,0
DA:3110,0
DA:3111,0
DA:3112,0
DA:3113,0
DA:3114,0
DA:3115,0
DA:3116,0
DA:3117,0
DA:3118,0
DA:3120,0
DA:3121,0
DA:3122,0
DA:3123,0
DA:3125,0
DA:3126,0
DA:3127,0
DA:3128,0
DA:3129,0
DA:3130,0
DA:3131,0
DA:3132,0
DA:3133,0
DA:3134,0
DA:3135,0
DA:3136,0
DA:3137,0
DA:3138,0
DA:3139,0
DA:3140,0
DA:3141,0
DA:3142,0
DA:3143,0
DA:3144,0
DA:3145,0
DA:3146,0
DA:3148,0
DA:3150,0
DA:3151,0
DA:3152,0
DA:3153,0
DA:3154,0
DA:3155,0
DA:3156,0
DA:3157,0
DA:3158,0
DA:3159,0
DA:3160,0
DA:3161,0
DA:3162,0
DA:3163,0
DA:3164,0
DA:3165,0
DA:3166,0
DA:3170,0
DA:3172,0
DA:3173,0
DA:3174,0
DA:3175,0
DA:3176,0
DA:3177,0
DA:3178,0
DA:3179,0
DA:3180,0
DA:3181,0
DA:3182,0
DA:3183,0
DA:3184,0
DA:3185,0
DA:3186,0
DA:3187,0
DA:3188,0
DA:3189,0
DA:3190,0
DA:3191,0
DA:3192,0
DA:3193,0
DA:3194,0
DA:3195,0
DA:3196,0
DA:3199,0
DA:3200,0
DA:3201,0
DA:3202,0
DA:3203,0
DA:3204,0
DA:3205,0
DA:3206,0
DA:3207,0
DA:3208,0
DA:3209,0
DA:3210,0
DA:3211,0
DA:3212,0
DA:3213,0
DA:3214,0
DA:3215,0
DA:3216,0
DA:3217,0
DA:3218,0
DA:3219,0
DA:3220,0
DA:3221,0
DA:3222,0
DA:3224,0
DA:3227,0
DA:3228,0
DA:3229,0
DA:3230,0
DA:3231,0
DA:3232,0
DA:3233,0
DA:3234,0
DA:3235,0
DA:3236,0
DA:3237,0
DA:3238,0
DA:3239,0
DA:3240,0
DA:3241,0
DA:3242,0
DA:3243,0
DA:3244,0
DA:3245,0
DA:3246,0
DA:3247,0
DA:3248,0
DA:3249,0
DA:3276,0
DA:3301,0
DA:3325,0
DA:3326,0
DA:3327,0
DA:3328,0
DA:3329,0
DA:3330,0
DA:3331,0
DA:3332,0
DA:3333,0
DA:3358,0
DA:3359,0
DA:3360,0
DA:3361,0
DA:3362,0
DA:3364,0
DA:3365,0
DA:3366,0
DA:3367,0
DA:3368,0
DA:3369,0
DA:3370,0
DA:3371,0
DA:3372,0
DA:3373,0
DA:3374,0
DA:3375,0
DA:3376,0
DA:3377,0
DA:3378,0
DA:3380,0
DA:3381,0
DA:3383,0
DA:3384,0
DA:3388,0
DA:3412,0
DA:3413,0
DA:3414,0
DA:3415,0
DA:3416,0
DA:3417,0
DA:3418,0
DA:3419,0
DA:3420,0
DA:3421,0
DA:3422,0
DA:3423,0
DA:3424,0
DA:3425,0
DA:3426,0
DA:3427,0
DA:3428,0
DA:3429,0
DA:3430,0
DA:3431,0
DA:3432,0
DA:3433,0
DA:3435,0
DA:3436,0
DA:3440,0
DA:3442,0
DA:3443,0
DA:3444,0
DA:3446,0
DA:3447,0
DA:3449,0
DA:3450,0
DA:3452,0
DA:3453,0
DA:3455,0
DA:3456,0
DA:3458,0
DA:3459,0
DA:3461,0
DA:3462,0
DA:3464,0
DA:3465,0
DA:3467,0
DA:3468,0
DA:3470,0
DA:3471,0
DA:3473,0
DA:3474,0
DA:3476,0
DA:3477,0
DA:3479,0
DA:3480,0
DA:3482,0
DA:3483,0
DA:3485,0
DA:3486,0
DA:3488,0
DA:3489,0
DA:3491,0
DA:3492,0
DA:3494,0
DA:3495,0
DA:3497,0
DA:3498,0
DA:3500,0
DA:3501,0
DA:3502,0
DA:3504,0
DA:3505,0
DA:3507,0
DA:3508,0
DA:3509,0
DA:3511,0
DA:3512,0
DA:3517,0
DA:3519,0
DA:3520,0
DA:3521,0
DA:3522,0
DA:3523,0
DA:3524,0
DA:3525,0
DA:3526,0
DA:3527,0
DA:3528,0
DA:3529,0
DA:3530,0
DA:3531,0
DA:3532,0
DA:3533,0
DA:3534,0
DA:3535,0
DA:3536,0
DA:3537,0
DA:3538,0
DA:3539,0
DA:3540,0
DA:3541,0
DA:3542,0
DA:3543,0
DA:3544,0
DA:3549,0
DA:3550,0
DA:3559,0
DA:3561,0
DA:3562,0
DA:3563,0
DA:3564,0
DA:3565,0
DA:3566,0
DA:3567,0
DA:3568,0
DA:3569,0
DA:3570,0
DA:3605,0
DA:3606,0
DA:3610,0
DA:3612,0
DA:3613,0
DA:3624,0
DA:3635,0
DA:3646,0
DA:3662,0
DA:3663,0
DA:3664,0
DA:3665,0
DA:3666,0
DA:3668,0
DA:3669,0
DA:3670,0
DA:3671,0
DA:3673,0
DA:3674,0
DA:3675,0
DA:3676,0
DA:3678,0
DA:3679,0
DA:3680,0
DA:3681,0
DA:3683,0
DA:3684,0
DA:3685,0
DA:3686,0
DA:3688,0
DA:3689,0
DA:3690,0
DA:3691,0
DA:3693,0
DA:3694,0
DA:3695,0
DA:3696,0
DA:3698,0
DA:3699,0
DA:3700,0
DA:3701,0
DA:3706,0
DA:3707,0
DA:3708,0
DA:3709,0
DA:3710,0
DA:3712,0
DA:3713,0
DA:3714,0
DA:3715,0
DA:3717,0
DA:3718,0
DA:3719,0
DA:3720,0
DA:3722,0
DA:3723,0
DA:3724,0
DA:3725,0
DA:3727,0
DA:3728,0
DA:3729,0
DA:3730,0
DA:3732,0
DA:3733,0
DA:3734,0
DA:3735,0
DA:3737,0
DA:3738,0
DA:3739,0
DA:3740,0
DA:3742,0
DA:3743,0
DA:3744,0
DA:3745,0
DA:3803,0
DA:3804,0
DA:3808,0
DA:3810,0
DA:3811,0
DA:3834,0
DA:3857,0
DA:3880,0
DA:3908,0
DA:3909,0
DA:3910,0
DA:3911,0
DA:3912,0
DA:3914,0
DA:3915,0
DA:3916,0
DA:3917,0
DA:3919,0
DA:3920,0
DA:3921,0
DA:3922,0
DA:3924,0
DA:3925,0
DA:3926,0
DA:3927,0
DA:3929,0
DA:3930,0
DA:3931,0
DA:3932,0
DA:3934,0
DA:3935,0
DA:3936,0
DA:3937,0
DA:3939,0
DA:3940,0
DA:3941,0
DA:3942,0
DA:3944,0
DA:3945,0
DA:3946,0
DA:3947,0
DA:3949,0
DA:3950,0
DA:3951,0
DA:3952,0
DA:3954,0
DA:3955,0
DA:3956,0
DA:3957,0
DA:3959,0
DA:3960,0
DA:3961,0
DA:3962,0
DA:3964,0
DA:3965,0
DA:3966,0
DA:3967,0
DA:3969,0
DA:3970,0
DA:3971,0
DA:3972,0
DA:3974,0
DA:3975,0
DA:3976,0
DA:3977,0
DA:3979,0
DA:3980,0
DA:3981,0
DA:3982,0
DA:3984,0
DA:3985,0
DA:3986,0
DA:3987,0
DA:3989,0
DA:3990,0
DA:3991,0
DA:3992,0
DA:3994,0
DA:3995,0
DA:3996,0
DA:3997,0
DA:3999,0
DA:4000,0
DA:4001,0
DA:4002,0
DA:4004,0
DA:4005,0
DA:4006,0
DA:4007,0
DA:4012,0
DA:4013,0
DA:4014,0
DA:4015,0
DA:4016,0
DA:4018,0
DA:4019,0
DA:4020,0
DA:4021,0
DA:4023,0
DA:4024,0
DA:4025,0
DA:4026,0
DA:4028,0
DA:4029,0
DA:4030,0
DA:4031,0
DA:4033,0
DA:4034,0
DA:4035,0
DA:4036,0
DA:4038,0
DA:4039,0
DA:4040,0
DA:4041,0
DA:4043,0
DA:4044,0
DA:4045,0
DA:4046,0
DA:4048,0
DA:4049,0
DA:4050,0
DA:4051,0
DA:4053,0
DA:4054,0
DA:4055,0
DA:4056,0
DA:4058,0
DA:4059,0
DA:4060,0
DA:4061,0
DA:4063,0
DA:4064,0
DA:4065,0
DA:4066,0
DA:4068,0
DA:4069,0
DA:4070,0
DA:4071,0
DA:4073,0
DA:4074,0
DA:4075,0
DA:4076,0
DA:4078,0
DA:4079,0
DA:4080,0
DA:4081,0
DA:4083,0
DA:4084,0
DA:4085,0
DA:4086,0
DA:4088,0
DA:4089,0
DA:4090,0
DA:4091,0
DA:4093,0
DA:4094,0
DA:4095,0
DA:4096,0
DA:4098,0
DA:4099,0
DA:4100,0
DA:4101,0
DA:4103,0
DA:4104,0
DA:4105,0
DA:4106,0
DA:4108,0
DA:4109,0
DA:4110,0
DA:4111,0
DA:4143,0
DA:4144,0
DA:4148,0
DA:4150,0
DA:4151,0
DA:4161,0
DA:4171,0
DA:4181,0
DA:4196,0
DA:4197,0
DA:4198,0
DA:4199,0
DA:4200,0
DA:4202,0
DA:4203,0
DA:4204,0
DA:4205,0
DA:4207,0
DA:4208,0
DA:4209,0
DA:4210,0
DA:4212,0
DA:4213,0
DA:4214,0
DA:4215,0
DA:4217,0
DA:4218,0
DA:4219,0
DA:4220,0
DA:4222,0
DA:4223,0
DA:4224,0
DA:4225,0
DA:4227,0
DA:4228,0
DA:4229,0
DA:4230,0
DA:4235,0
DA:4236,0
DA:4237,0
DA:4238,0
DA:4239,0
DA:4241,0
DA:4242,0
DA:4243,0
DA:4244,0
DA:4246,0
DA:4247,0
DA:4248,0
DA:4249,0
DA:4251,0
DA:4252,0
DA:4253,0
DA:4254,0
DA:4256,0
DA:4257,0
DA:4258,0
DA:4259,0
DA:4261,0
DA:4262,0
DA:4263,0
DA:4264,0
DA:4266,0
DA:4267,0
DA:4268,0
DA:4269,0
DA:4295,0
DA:4296,0
DA:4300,0
DA:4302,0
DA:4303,0
DA:4310,0
DA:4317,0
DA:4324,0
DA:4336,0
DA:4337,0
DA:4338,0
DA:4339,0
DA:4340,0
DA:4342,0
DA:4343,0
DA:4344,0
DA:4345,0
DA:4347,0
DA:4348,0
DA:4349,0
DA:4350,0
DA:4352,0
DA:4353,0
DA:4354,0
DA:4355,0
DA:4360,0
DA:4361,0
DA:4362,0
DA:4363,0
DA:4364,0
DA:4366,0
DA:4367,0
DA:4368,0
DA:4369,0
DA:4371,0
DA:4372,0
DA:4373,0
DA:4374,0
DA:4376,0
DA:4377,0
DA:4378,0
DA:4379,0
DA:4401,0
DA:4402,0
DA:4406,0
DA:4408,0
DA:4409,0
DA:4414,0
DA:4419,0
DA:4424,0
DA:4434,0
DA:4435,0
DA:4436,0
DA:4437,0
DA:4438,0
DA:4440,0
DA:4441,0
DA:4442,0
DA:4443,0
DA:4448,0
DA:4449,0
DA:4450,0
DA:4451,0
DA:4452,0
DA:4454,0
DA:4455,0
DA:4456,0
DA:4457,0
DA:4481,0
DA:4483,0
DA:4487,0
DA:4489,0
DA:4490,0
DA:4495,0
DA:4500,0
DA:4505,0
DA:4515,0
DA:4516,0
DA:4517,0
DA:4518,0
DA:4519,0
DA:4521,0
DA:4522,0
DA:4523,0
DA:4524,0
DA:4529,0
DA:4530,0
DA:4531,0
DA:4532,0
DA:4533,0
DA:4535,0
DA:4536,0
DA:4537,0
DA:4538,0
DA:4602,0
DA:4603,0
DA:4607,0
DA:4609,0
DA:4610,0
DA:4635,0
DA:4660,0
DA:4685,0
DA:4715,0
DA:4716,0
DA:4717,0
DA:4718,0
DA:4719,0
DA:4721,0
DA:4722,0
DA:4723,0
DA:4724,0
DA:4726,0
DA:4727,0
DA:4728,0
DA:4729,0
DA:4731,0
DA:4732,0
DA:4733,0
DA:4734,0
DA:4736,0
DA:4737,0
DA:4738,0
DA:4739,0
DA:4741,0
DA:4742,0
DA:4743,0
DA:4744,0
DA:4746,0
DA:4747,0
DA:4748,0
DA:4749,0
DA:4751,0
DA:4752,0
DA:4753,0
DA:4754,0
DA:4756,0
DA:4757,0
DA:4758,0
DA:4759,0
DA:4761,0
DA:4762,0
DA:4763,0
DA:4764,0
DA:4766,0
DA:4767,0
DA:4768,0
DA:4769,0
DA:4771,0
DA:4772,0
DA:4773,0
DA:4774,0
DA:4776,0
DA:4777,0
DA:4778,0
DA:4779,0
DA:4781,0
DA:4782,0
DA:4783,0
DA:4784,0
DA:4786,0
DA:4787,0
DA:4788,0
DA:4789,0
DA:4791,0
DA:4792,0
DA:4793,0
DA:4794,0
DA:4796,0
DA:4797,0
DA:4798,0
DA:4799,0
DA:4801,0
DA:4802,0
DA:4803,0
DA:4804,0
DA:4806,0
DA:4807,0
DA:4808,0
DA:4809,0
DA:4811,0
DA:4812,0
DA:4813,0
DA:4814,0
DA:4816,0
DA:4817,0
DA:4818,0
DA:4819,0
DA:4821,0
DA:4822,0
DA:4823,0
DA:4824,0
DA:4829,0
DA:4830,0
DA:4831,0
DA:4832,0
DA:4833,0
DA:4835,0
DA:4836,0
DA:4837,0
DA:4838,0
DA:4840,0
DA:4841,0
DA:4842,0
DA:4843,0
DA:4845,0
DA:4846,0
DA:4847,0
DA:4848,0
DA:4850,0
DA:4851,0
DA:4852,0
DA:4853,0
DA:4855,0
DA:4856,0
DA:4857,0
DA:4858,0
DA:4860,0
DA:4861,0
DA:4862,0
DA:4863,0
DA:4865,0
DA:4866,0
DA:4867,0
DA:4868,0
DA:4870,0
DA:4871,0
DA:4872,0
DA:4873,0
DA:4875,0
DA:4876,0
DA:4877,0
DA:4878,0
DA:4880,0
DA:4881,0
DA:4882,0
DA:4883,0
DA:4885,0
DA:4886,0
DA:4887,0
DA:4888,0
DA:4890,0
DA:4891,0
DA:4892,0
DA:4893,0
DA:4895,0
DA:4896,0
DA:4897,0
DA:4898,0
DA:4900,0
DA:4901,0
DA:4902,0
DA:4903,0
DA:4905,0
DA:4906,0
DA:4907,0
DA:4908,0
DA:4910,0
DA:4911,0
DA:4912,0
DA:4913,0
DA:4915,0
DA:4916,0
DA:4917,0
DA:4918,0
DA:4920,0
DA:4921,0
DA:4922,0
DA:4923,0
DA:4925,0
DA:4926,0
DA:4927,0
DA:4928,0
DA:4930,0
DA:4931,0
DA:4932,0
DA:4933,0
DA:4935,0
DA:4936,0
DA:4937,0
DA:4938,0
DA:4943,0
DA:4944,0
DA:4945,0
DA:4946,0
DA:4947,0
DA:4948,0
DA:4949,0
DA:4950,0
DA:4951,0
DA:4952,0
DA:4953,0
DA:4954,0
DA:4955,0
DA:4956,0
LF:2485
LH:1
end_of_record
SF:lib\services\database\database.dart
DA:30,0
DA:33,0
DA:40,0
DA:42,0
DA:43,0
DA:44,0
DA:46,0
DA:48,0
DA:50,0
DA:53,0
DA:55,0
DA:60,0
DA:62,0
DA:66,0
DA:67,0
DA:69,0
DA:70,0
DA:71,0
DA:72,0
DA:73,0
DA:74,0
DA:79,0
DA:80,0
DA:81,0
DA:82,0
DA:84,0
DA:93,0
DA:94,0
DA:95,0
DA:96,0
DA:98,0
LF:31
LH:0
end_of_record
SF:lib\services\database\daos\project_dao.dart
DA:14,0
DA:17,0
DA:18,0
DA:19,0
DA:21,0
DA:22,0
DA:23,0
DA:30,0
DA:31,0
DA:32,0
DA:33,0
DA:35,0
DA:36,0
DA:37,0
DA:38,0
DA:45,0
DA:46,0
DA:49,0
DA:53,0
DA:54,0
DA:58,0
DA:59,0
DA:60,0
DA:65,0
DA:66,0
DA:68,0
DA:69,0
DA:72,0
DA:77,0
DA:78,0
DA:79,0
DA:81,0
DA:86,0
DA:87,0
DA:88,0
DA:90,0
DA:95,0
DA:96,0
DA:97,0
DA:100,0
DA:101,0
DA:103,0
DA:104,0
DA:105,0
DA:107,0
DA:108,0
DA:110,0
DA:113,0
DA:114,0
DA:115,0
DA:116,0
DA:117,0
DA:118,0
DA:119,0
DA:120,0
DA:122,0
DA:123,0
DA:125,0
DA:128,0
DA:129,0
DA:130,0
DA:131,0
DA:132,0
DA:137,0
DA:141,0
DA:142,0
DA:143,0
DA:144,0
DA:146,0
DA:147,0
DA:148,0
DA:149,0
DA:156,0
DA:157,0
DA:158,0
DA:159,0
DA:160,0
DA:161,0
DA:168,0
DA:169,0
DA:170,0
DA:171,0
DA:172,0
DA:173,0
DA:174,0
DA:181,0
DA:183,0
DA:184,0
DA:186,0
DA:187,0
DA:188,0
DA:189,0
DA:190,0
DA:191,0
DA:192,0
DA:194,0
DA:195,0
DA:200,0
DA:201,0
DA:202,0
DA:203,0
DA:204,0
DA:205,0
DA:206,0
DA:207,0
DA:208,0
DA:209,0
DA:219,0
LF:108
LH:0
end_of_record
SF:lib\services\database\daos\project_dao.g.dart
DA:7,0
DA:8,0
LF:2
LH:0
end_of_record
SF:lib\services\database\daos\tag_dao.dart
DA:15,0
DA:22,0
DA:28,0
DA:29,0
DA:30,0
DA:31,0
DA:32,0
DA:34,0
DA:37,0
DA:38,0
DA:39,0
DA:40,0
DA:41,0
DA:42,0
DA:44,0
DA:45,0
DA:47,0
DA:56,0
DA:59,0
DA:60,0
DA:61,0
DA:65,0
DA:66,0
DA:69,0
DA:73,0
DA:74,0
DA:77,0
DA:81,0
DA:82,0
DA:86,0
DA:87,0
DA:88,0
DA:93,0
DA:94,0
DA:99,0
DA:100,0
DA:101,0
DA:102,0
DA:104,0
DA:105,0
DA:109,0
DA:110,0
DA:111,0
DA:114,0
DA:115,0
DA:117,0
DA:118,0
DA:119,0
DA:121,0
DA:122,0
DA:123,0
DA:127,0
DA:128,0
DA:129,0
DA:130,0
DA:135,0
DA:139,0
DA:140,0
DA:141,0
DA:142,0
DA:146,0
DA:147,0
DA:148,0
DA:149,0
DA:151,0
DA:155,0
DA:156,0
DA:157,0
DA:158,0
DA:160,0
DA:161,0
DA:165,0
DA:166,0
DA:173,0
DA:174,0
DA:175,0
DA:176,0
DA:180,0
DA:181,0
DA:182,0
DA:187,0
DA:188,0
DA:189,0
DA:190,0
DA:192,0
DA:193,0
DA:198,0
DA:199,0
DA:200,0
DA:201,0
DA:202,0
DA:203,0
DA:208,0
DA:209,0
DA:210,0
DA:211,0
DA:212,0
DA:213,0
DA:223,0
DA:226,0
DA:229,0
DA:230,0
DA:231,0
DA:232,0
DA:233,0
DA:235,0
LF:106
LH:0
end_of_record
SF:lib\services\database\daos\tag_dao.g.dart
DA:7,0
DA:8,0
DA:9,0
DA:10,0
LF:4
LH:0
end_of_record
SF:lib\services\database\daos\task_dao.g.dart
DA:7,0
DA:8,0
DA:9,0
DA:10,0
DA:11,0
DA:12,0
DA:13,0
LF:7
LH:0
end_of_record
SF:lib\services\database\daos\task_dao.dart
DA:19,0
DA:22,0
DA:23,0
DA:24,0
DA:26,0
DA:27,0
DA:28,0
DA:35,0
DA:36,0
DA:39,0
DA:43,0
DA:44,0
DA:46,0
DA:49,0
DA:50,0
DA:54,0
DA:55,0
DA:56,0
DA:62,0
DA:63,0
DA:64,0
DA:72,0
DA:73,0
DA:75,0
DA:76,0
DA:79,0
DA:80,0
DA:81,0
DA:85,0
DA:86,0
DA:87,0
DA:88,0
DA:94,0
DA:95,0
DA:96,0
DA:97,0
DA:105,0
DA:106,0
DA:111,0
DA:112,0
DA:113,0
DA:115,0
DA:116,0
DA:117,0
DA:118,0
DA:125,0
DA:126,0
DA:127,0
DA:129,0
DA:130,0
DA:131,0
DA:132,0
DA:139,0
DA:140,0
DA:141,0
DA:142,0
DA:144,0
DA:145,0
DA:146,0
DA:148,0
DA:149,0
DA:150,0
DA:151,0
DA:158,0
DA:159,0
DA:160,0
DA:161,0
DA:162,0
DA:164,0
DA:165,0
DA:166,0
DA:167,0
DA:174,0
DA:175,0
DA:176,0
DA:177,0
DA:179,0
DA:180,0
DA:181,0
DA:182,0
DA:189,0
DA:190,0
DA:192,0
DA:193,0
DA:194,0
DA:195,0
DA:202,0
DA:204,0
DA:205,0
DA:206,0
DA:209,0
DA:210,0
DA:211,0
DA:212,0
DA:215,0
DA:218,0
DA:219,0
DA:220,0
DA:221,0
DA:225,0
DA:226,0
DA:227,0
DA:228,0
DA:229,0
DA:233,0
DA:234,0
DA:235,0
DA:236,0
DA:243,0
DA:244,0
DA:245,0
DA:246,0
DA:247,0
DA:248,0
DA:255,0
DA:256,0
DA:257,0
DA:258,0
DA:259,0
DA:260,0
DA:261,0
DA:268,0
DA:270,0
DA:271,0
DA:274,0
DA:275,0
DA:276,0
DA:277,0
DA:280,0
DA:281,0
DA:282,0
DA:283,0
DA:286,0
DA:287,0
DA:288,0
DA:292,0
DA:293,0
DA:294,0
DA:297,0
DA:298,0
DA:299,0
DA:301,0
DA:302,0
DA:306,0
DA:307,0
DA:308,0
DA:309,0
DA:310,0
DA:311,0
DA:312,0
DA:313,0
DA:314,0
DA:315,0
DA:318,0
DA:320,0
DA:323,0
DA:324,0
DA:325,0
DA:330,0
DA:331,0
DA:339,0
DA:340,0
DA:341,0
DA:342,0
DA:343,0
DA:345,0
DA:346,0
DA:349,0
DA:350,0
DA:351,0
DA:352,0
DA:353,0
DA:354,0
DA:355,0
DA:356,0
DA:357,0
DA:358,0
DA:359,0
DA:360,0
DA:362,0
DA:363,0
DA:364,0
DA:365,0
DA:366,0
DA:367,0
DA:368,0
DA:369,0
DA:374,0
DA:375,0
DA:376,0
DA:377,0
DA:378,0
DA:379,0
DA:380,0
DA:381,0
DA:382,0
DA:387,0
DA:388,0
DA:389,0
DA:390,0
DA:391,0
DA:392,0
DA:393,0
DA:394,0
DA:395,0
DA:400,0
DA:402,0
DA:404,0
DA:406,0
DA:408,0
DA:413,0
DA:415,0
DA:417,0
DA:419,0
DA:421,0
DA:428,0
DA:430,0
DA:432,0
DA:434,0
DA:436,0
DA:441,0
DA:443,0
DA:445,0
DA:447,0
DA:449,0
DA:456,0
DA:458,0
DA:460,0
DA:462,0
DA:464,0
DA:466,0
DA:468,0
DA:473,0
DA:475,0
DA:477,0
DA:479,0
DA:481,0
DA:483,0
DA:485,0
LF:239
LH:0
end_of_record
SF:lib\services\database\daos\task_template_dao.g.dart
DA:7,0
DA:8,0
LF:2
LH:0
end_of_record
SF:lib\services\database\daos\task_template_dao.dart
DA:16,0
DA:19,0
DA:20,0
DA:21,0
DA:25,0
DA:26,0
DA:27,0
DA:28,0
DA:32,0
DA:33,0
DA:37,0
DA:38,0
DA:39,0
DA:43,0
DA:44,0
DA:48,0
DA:49,0
DA:50,0
DA:51,0
DA:55,0
DA:56,0
DA:57,0
DA:58,0
DA:59,0
DA:60,0
DA:64,0
DA:65,0
DA:66,0
DA:67,0
DA:68,0
DA:69,0
DA:73,0
DA:74,0
DA:75,0
DA:76,0
DA:77,0
DA:78,0
DA:79,0
DA:80,0
DA:81,0
DA:85,0
DA:86,0
DA:87,0
DA:88,0
DA:89,0
DA:90,0
DA:92,0
DA:93,0
DA:97,0
DA:98,0
DA:99,0
DA:103,0
DA:104,0
DA:105,0
DA:106,0
DA:107,0
DA:111,0
DA:112,0
DA:113,0
DA:117,0
DA:120,0
DA:121,0
DA:122,0
DA:123,0
DA:124,0
DA:125,0
DA:127,0
DA:128,0
DA:132,0
DA:133,0
DA:134,0
DA:135,0
DA:136,0
DA:137,0
DA:138,0
DA:139,0
DA:140,0
DA:141,0
DA:142,0
DA:143,0
DA:145,0
DA:146,0
DA:147,0
DA:148,0
DA:149,0
DA:150,0
DA:151,0
DA:152,0
DA:157,0
DA:158,0
DA:159,0
DA:160,0
DA:161,0
DA:162,0
DA:163,0
DA:164,0
DA:165,0
DA:166,0
DA:167,0
DA:168,0
DA:169,0
DA:170,0
DA:171,0
DA:172,0
DA:173,0
DA:174,0
DA:175,0
DA:176,0
DA:177,0
DA:178,0
DA:179,0
DA:181,0
DA:182,0
LF:113
LH:0
end_of_record
SF:lib\data\repositories\task_repository_impl.dart
DA:13,0
DA:14,0
DA:16,0
DA:18,0
DA:20,0
DA:22,0
DA:24,0
DA:26,0
DA:28,0
DA:30,0
DA:32,0
DA:34,0
DA:36,0
DA:38,0
DA:40,0
DA:42,0
DA:44,0
DA:46,0
DA:48,0
DA:50,0
DA:52,0
DA:54,0
DA:56,0
DA:58,0
DA:60,0
DA:64,0
DA:67,0
DA:70,0
DA:71,0
DA:74,0
DA:75,0
DA:78,0
DA:79,0
DA:80,0
DA:81,0
DA:84,0
DA:85,0
DA:88,0
DA:89,0
DA:90,0
DA:91,0
DA:94,0
DA:95,0
DA:96,0
DA:97,0
DA:100,0
DA:101,0
DA:102,0
DA:103,0
DA:106,0
DA:107,0
DA:110,0
DA:111,0
DA:112,0
DA:113,0
DA:114,0
DA:115,0
DA:119,0
DA:122,0
DA:123,0
DA:124,0
DA:126,0
DA:127,0
DA:128,0
DA:129,0
DA:131,0
DA:132,0
DA:134,0
DA:136,0
DA:137,0
DA:139,0
DA:142,0
DA:143,0
DA:145,0
DA:146,0
DA:148,0
DA:149,0
DA:153,0
DA:158,0
DA:160,0
DA:162,0
DA:164,0
DA:166,0
DA:168,0
DA:169,0
DA:173,0
DA:175,0
DA:176,0
DA:179,0
DA:181,0
DA:182,0
LF:91
LH:0
end_of_record
SF:lib\domain\entities\task_template.dart
DA:72,0
DA:94,0
DA:110,0
DA:111,0
DA:124,0
DA:131,0
DA:137,0
DA:140,0
DA:141,0
DA:142,0
DA:143,0
DA:144,0
DA:145,0
DA:146,0
DA:147,0
DA:148,0
DA:149,0
DA:155,0
DA:156,0
DA:159,0
DA:162,0
DA:182,0
DA:183,0
DA:184,0
DA:185,0
DA:186,0
DA:187,0
DA:188,0
DA:189,0
DA:190,0
DA:191,0
DA:192,0
DA:193,0
DA:194,0
DA:195,0
DA:196,0
DA:197,0
DA:198,0
DA:199,0
DA:200,0
DA:205,0
DA:212,0
DA:214,0
DA:217,0
DA:218,0
DA:219,0
DA:222,0
DA:224,0
DA:228,0
DA:229,0
DA:230,0
DA:231,0
DA:232,0
DA:233,0
DA:234,0
DA:235,0
DA:239,0
DA:241,0
DA:242,0
DA:246,0
DA:247,0
DA:248,0
DA:249,0
DA:255,0
DA:256,0
DA:260,0
DA:261,0
DA:262,0
DA:263,0
DA:268,0
DA:269,0
DA:270,0
DA:271,0
DA:276,0
DA:277,0
DA:282,0
DA:283,0
DA:289,0
DA:297,0
DA:300,0
DA:303,0
DA:306,0
DA:309,0
DA:310,0
DA:311,0
DA:312,0
DA:313,0
DA:314,0
DA:315,0
DA:316,0
DA:317,0
DA:318,0
DA:319,0
DA:320,0
DA:321,0
DA:322,0
DA:323,0
DA:324,0
DA:325,0
DA:326,0
DA:327,0
DA:328,0
DA:329,0
DA:331,0
DA:333,0
DA:334,0
LF:106
LH:0
end_of_record
SF:lib\domain\entities\task_template.g.dart
DA:9,0
DA:10,0
DA:11,0
DA:12,0
DA:13,0
DA:14,0
DA:15,0
DA:18,0
DA:20,0
DA:21,0
DA:22,0
DA:24,0
DA:25,0
DA:27,0
DA:28,0
DA:29,0
DA:30,0
DA:31,0
DA:32,0
DA:33,0
DA:35,0
DA:36,0
DA:37,0
DA:38,0
DA:41,0
DA:42,0
DA:43,0
DA:44,0
DA:45,0
DA:46,0
DA:47,0
DA:48,0
DA:49,0
DA:50,0
DA:51,0
DA:52,0
DA:53,0
DA:54,0
DA:55,0
DA:56,0
DA:57,0
DA:58,0
DA:59,0
DA:60,0
LF:44
LH:0
end_of_record
SF:lib\presentation\providers\task_providers.dart
DA:12,0
DA:13,0
DA:18,0
DA:19,0
DA:20,0
DA:24,0
DA:25,0
DA:26,0
DA:30,0
DA:31,0
DA:32,0
DA:36,0
DA:37,0
DA:38,0
DA:42,0
DA:43,0
DA:44,0
DA:48,0
DA:49,0
DA:50,0
DA:54,0
DA:59,0
DA:60,0
DA:61,0
DA:63,0
DA:64,0
DA:67,0
DA:71,0
DA:74,0
DA:75,0
DA:76,0
DA:78,0
DA:79,0
DA:82,0
DA:86,0
DA:87,0
DA:88,0
DA:95,0
DA:97,0
DA:98,0
DA:101,0
DA:102,0
DA:105,0
DA:106,0
DA:109,0
DA:110,0
DA:111,0
DA:112,0
DA:113,0
DA:116,0
DA:117,0
DA:118,0
DA:121,0
DA:122,0
DA:123,0
DA:126,0
DA:127,0
DA:128,0
LF:58
LH:0
end_of_record
SF:lib\services\database\tables.dart
DA:7,0
DA:8,0
DA:9,0
DA:10,0
DA:11,0
DA:12,0
DA:13,0
DA:14,0
DA:15,0
DA:16,0
DA:17,0
DA:18,0
DA:19,0
DA:20,0
DA:21,0
DA:24,0
DA:25,0
DA:26,0
DA:27,0
DA:28,0
DA:29,0
DA:30,0
DA:39,0
DA:40,0
DA:41,0
DA:42,0
DA:43,0
DA:44,0
DA:45,0
DA:46,0
DA:47,0
DA:56,0
DA:57,0
DA:58,0
DA:59,0
DA:60,0
DA:67,0
DA:68,0
DA:69,0
DA:70,0
DA:80,0
DA:81,0
DA:82,0
DA:83,0
DA:84,0
DA:85,0
DA:86,0
DA:87,0
DA:88,0
DA:95,0
DA:96,0
DA:97,0
DA:98,0
DA:108,0
DA:109,0
DA:110,0
DA:111,0
DA:112,0
DA:113,0
DA:114,0
DA:115,0
DA:116,0
DA:117,0
DA:118,0
DA:119,0
DA:120,0
DA:121,0
DA:122,0
DA:123,0
DA:124,0
DA:127,0
DA:128,0
DA:129,0
DA:130,0
DA:131,0
DA:132,0
DA:133,0
LF:77
LH:0
end_of_record
SF:lib\services\speech\speech_service.dart
DA:74,0
DA:79,0
DA:81,0
DA:91,0
DA:95,0
DA:97,0
LF:6
LH:0
end_of_record
SF:lib\presentation\providers\speech_providers.dart
DA:7,4
DA:8,1
DA:21,3
DA:31,1
DA:40,1
DA:41,1
DA:42,1
DA:44,1
DA:45,1
DA:46,1
DA:47,1
DA:51,3
DA:52,3
DA:53,3
DA:54,2
DA:55,3
DA:63,2
DA:66,0
DA:69,1
DA:71,3
DA:74,2
DA:76,2
DA:78,3
DA:88,2
DA:90,3
DA:99,2
DA:101,3
DA:105,2
DA:109,3
DA:111,1
DA:117,0
DA:122,0
DA:123,0
DA:124,0
DA:130,0
DA:136,0
DA:137,0
DA:138,0
DA:139,0
DA:145,0
DA:147,0
DA:149,0
DA:155,0
DA:157,0
DA:158,0
DA:160,0
DA:165,0
DA:167,0
DA:173,0
DA:175,0
DA:176,0
DA:178,0
DA:185,0
DA:187,0
DA:193,1
DA:194,3
DA:195,3
DA:200,1
DA:201,3
DA:203,2
DA:208,1
DA:209,3
DA:214,0
DA:215,0
DA:221,0
DA:222,0
DA:223,0
DA:230,0
DA:231,0
DA:232,0
DA:234,0
DA:237,0
DA:238,0
DA:239,0
DA:245,1
DA:246,1
DA:247,1
DA:249,1
DA:251,1
DA:252,2
DA:253,1
DA:258,4
DA:259,2
DA:260,1
DA:264,4
DA:265,3
DA:268,4
DA:269,3
DA:272,4
DA:273,3
DA:276,4
DA:277,3
DA:280,4
DA:281,3
LF:94
LH:57
end_of_record
SF:lib\services\speech\transcription_service.dart
DA:37,1
DA:47,1
DA:54,1
DA:64,1
DA:68,1
DA:75,0
DA:77,0
DA:88,1
DA:93,0
DA:95,0
DA:106,6
DA:111,0
DA:113,0
DA:136,3
DA:140,0
DA:142,0
DA:155,8
LF:17
LH:9
end_of_record
SF:lib\services\speech\speech_service_impl.dart
DA:18,1
DA:21,2
DA:22,0
DA:24,0
DA:27,0
DA:29,0
DA:34,0
DA:35,0
DA:38,0
DA:39,0
DA:42,2
DA:44,1
DA:45,1
DA:50,1
DA:51,1
DA:53,1
DA:54,1
DA:56,1
DA:57,1
DA:59,1
DA:67,2
DA:68,1
DA:72,0
DA:73,0
DA:78,0
DA:79,0
DA:80,0
DA:81,0
DA:82,0
DA:93,0
DA:95,0
DA:99,1
DA:101,1
DA:102,0
DA:103,0
DA:107,1
DA:109,1
DA:110,0
DA:111,0
DA:115,1
DA:118,1
DA:119,0
DA:125,1
DA:128,1
DA:129,0
DA:135,0
DA:137,0
DA:138,0
DA:141,0
DA:144,0
DA:147,0
DA:148,0
DA:151,0
DA:153,0
DA:157,0
DA:160,0
DA:161,0
DA:164,0
DA:166,0
DA:170,0
DA:173,0
DA:178,2
DA:180,2
DA:181,0
LF:64
LH:24
end_of_record
SF:lib\services\speech\transcription_service_impl.dart
DA:14,0
DA:19,0
DA:20,0
DA:23,0
DA:26,0
DA:29,0
DA:31,0
DA:32,0
DA:37,0
DA:38,0
DA:40,0
DA:41,0
DA:43,0
DA:45,0
DA:46,0
DA:55,0
DA:56,0
DA:57,0
DA:65,0
DA:69,0
DA:73,0
DA:75,0
DA:77,0
DA:80,0
DA:84,0
DA:85,0
DA:86,0
DA:94,0
DA:96,0
DA:97,0
DA:106,0
DA:109,0
DA:114,0
DA:116,0
DA:119,0
DA:123,0
DA:124,0
DA:125,0
DA:133,0
DA:134,0
DA:136,0
DA:138,0
DA:139,0
DA:149,0
DA:151,0
DA:152,0
DA:155,0
DA:158,0
DA:160,0
DA:162,0
DA:164,0
DA:166,0
DA:169,0
DA:182,0
DA:187,0
DA:190,0
DA:191,0
DA:194,0
DA:195,0
DA:197,0
DA:198,0
DA:200,0
DA:209,0
DA:217,0
DA:220,0
DA:228,0
DA:229,0
DA:231,0
DA:233,0
LF:69
LH:0
end_of_record
SF:lib\presentation\screens\performance_dashboard_screen.dart
DA:7,1
DA:8,1
DA:10,2
DA:12,1
DA:13,1
DA:15,1
DA:16,1
DA:18,3
DA:22,1
DA:23,2
DA:24,1
DA:25,2
DA:26,1
DA:28,1
DA:31,2
DA:33,1
DA:34,0
DA:44,1
DA:45,1
DA:47,1
DA:49,1
DA:50,1
DA:52,1
DA:54,1
DA:60,1
DA:61,1
DA:62,1
DA:64,1
DA:66,1
DA:67,1
DA:69,3
DA:72,1
DA:73,1
DA:74,1
DA:75,1
DA:77,2
DA:81,1
DA:82,1
DA:84,3
DA:91,1
DA:92,3
DA:93,3
DA:101,1
DA:102,1
DA:105,1
DA:106,1
DA:107,1
DA:109,1
DA:110,1
DA:111,1
DA:113,1
DA:120,1
DA:130,1
DA:131,1
DA:132,1
DA:134,1
DA:136,1
DA:137,1
DA:139,3
DA:142,2
DA:143,1
DA:145,4
DA:146,1
DA:154,1
DA:155,1
DA:158,1
DA:159,2
DA:160,1
DA:162,1
DA:164,1
DA:165,1
DA:167,1
DA:168,1
DA:169,1
DA:170,1
DA:174,1
DA:176,1
DA:177,2
DA:178,1
DA:180,1
DA:181,2
DA:192,1
DA:193,1
DA:194,1
DA:195,4
DA:197,1
DA:198,4
DA:200,1
DA:201,4
DA:203,1
DA:204,4
DA:213,1
DA:214,1
DA:215,1
DA:216,1
DA:223,1
DA:234,1
DA:235,1
DA:236,1
DA:238,1
DA:240,1
DA:241,1
DA:243,3
DA:246,1
DA:250,1
DA:251,1
DA:252,1
DA:253,2
DA:261,1
DA:265,1
DA:266,1
DA:267,3
DA:268,2
DA:281,1
DA:282,1
DA:283,1
DA:284,1
DA:288,1
DA:289,4
DA:290,3
DA:291,3
LF:121
LH:120
end_of_record
SF:lib\services\performance_service.dart
DA:25,0
DA:28,1
DA:29,1
DA:30,1
DA:31,1
DA:34,1
DA:38,2
DA:39,8
DA:43,2
DA:44,4
DA:46,2
DA:47,2
DA:49,2
DA:50,2
DA:51,2
DA:54,2
DA:59,1
DA:60,1
DA:63,1
DA:64,1
DA:67,1
DA:71,1
DA:73,2
DA:75,1
DA:78,1
DA:79,1
DA:81,1
DA:85,1
DA:90,1
DA:91,1
DA:92,1
DA:94,6
DA:96,1
DA:97,2
DA:98,5
DA:101,1
DA:102,2
DA:103,6
DA:104,1
DA:106,3
DA:107,1
DA:108,1
DA:109,7
DA:110,3
DA:111,3
DA:112,6
DA:116,1
DA:117,1
DA:124,1
DA:125,1
DA:128,1
DA:131,1
DA:133,1
DA:137,1
DA:138,1
DA:142,1
DA:145,1
DA:148,1
DA:151,0
DA:154,1
DA:158,1
DA:159,1
DA:166,0
DA:169,1
DA:173,1
DA:179,1
DA:182,1
DA:189,1
DA:190,2
DA:191,0
DA:196,1
DA:197,2
DA:198,0
DA:203,0
DA:204,0
DA:205,0
DA:209,2
DA:210,4
DA:211,4
DA:214,6
DA:215,1
DA:216,4
DA:222,8
DA:223,0
DA:228,1
DA:230,1
DA:231,1
DA:238,0
DA:243,0
DA:245,0
DA:246,0
DA:247,0
DA:248,0
DA:250,0
DA:251,0
DA:254,0
DA:256,0
DA:261,1
DA:262,2
DA:263,2
DA:264,2
DA:275,2
DA:282,1
DA:283,1
DA:284,1
DA:285,2
DA:286,2
DA:287,1
DA:291,1
DA:292,1
DA:293,1
DA:294,2
DA:295,2
DA:296,1
DA:307,2
DA:323,2
DA:344,0
DA:355,0
DA:356,0
DA:362,0
DA:364,0
DA:365,0
DA:367,0
DA:369,0
DA:370,0
DA:372,0
DA:374,0
DA:376,0
DA:377,0
DA:378,0
DA:379,0
DA:380,0
DA:381,0
DA:382,0
DA:383,0
DA:384,0
DA:386,0
DA:387,0
DA:390,0
DA:391,0
DA:392,0
DA:396,0
DA:407,1
DA:408,1
DA:409,0
DA:414,2
DA:417,2
DA:421,6
DA:427,1
DA:428,1
DA:438,0
DA:443,0
DA:444,0
DA:450,0
DA:452,0
DA:453,0
DA:454,0
DA:455,0
DA:457,0
DA:459,0
DA:460,0
DA:462,0
DA:464,0
DA:469,3
DA:470,0
DA:471,0
DA:475,4
DA:476,2
DA:477,1
LF:169
LH:108
end_of_record
SF:lib\presentation\widgets\analytics_widgets.dart
DA:17,2
DA:27,1
DA:29,1
DA:30,1
DA:31,1
DA:32,1
DA:33,1
DA:35,1
DA:37,1
DA:38,1
DA:39,1
DA:40,3
DA:42,1
DA:43,1
DA:44,1
DA:45,4
DA:46,3
DA:53,1
DA:54,1
DA:55,4
DA:56,1
DA:60,1
DA:61,1
DA:62,4
DA:63,3
DA:66,2
DA:68,1
DA:69,1
DA:70,1
DA:71,2
DA:73,2
DA:77,2
DA:79,2
DA:84,1
DA:85,1
DA:86,1
DA:88,2
DA:90,2
DA:115,1
DA:122,1
DA:124,6
DA:125,4
DA:127,1
DA:128,1
DA:130,1
DA:132,1
DA:133,1
DA:134,1
DA:135,3
DA:138,1
DA:139,1
DA:140,1
DA:142,4
DA:143,2
DA:144,5
DA:145,5
DA:147,1
DA:148,1
DA:150,1
DA:152,1
DA:153,1
DA:155,1
DA:163,1
DA:165,3
DA:187,2
DA:191,1
DA:193,5
DA:195,1
DA:196,1
DA:198,1
DA:200,1
DA:201,1
DA:202,1
DA:203,3
DA:206,4
DA:207,5
DA:208,2
DA:210,1
DA:212,1
DA:213,1
DA:216,1
DA:217,1
DA:227,1
DA:228,1
DA:238,4
DA:250,2
DA:257,1
DA:259,1
DA:260,1
DA:261,1
DA:264,1
DA:265,1
DA:270,1
DA:271,1
DA:273,1
DA:274,1
DA:275,1
DA:276,3
DA:278,1
DA:279,4
DA:280,4
DA:281,3
DA:287,1
DA:289,1
DA:290,1
DA:291,2
DA:292,3
DA:294,1
DA:295,2
DA:296,4
DA:313,1
DA:318,1
DA:320,1
DA:322,1
DA:323,1
DA:325,1
DA:327,1
DA:328,1
DA:330,3
DA:333,3
DA:335,1
DA:336,1
DA:337,1
DA:338,1
DA:339,1
DA:348,1
DA:349,1
DA:352,2
DA:353,5
DA:354,1
DA:355,1
DA:356,2
DA:359,1
DA:364,3
DA:365,2
DA:368,3
DA:374,4
DA:375,4
DA:376,1
DA:377,2
DA:380,1
DA:386,3
DA:387,0
DA:390,0
DA:398,1
DA:399,1
DA:400,2
DA:401,0
DA:402,0
DA:413,1
DA:428,2
DA:434,1
DA:436,1
DA:437,1
DA:438,1
DA:440,1
DA:441,2
DA:442,1
DA:444,3
DA:447,1
DA:448,1
DA:450,1
DA:451,1
DA:452,1
DA:453,3
DA:455,1
DA:456,1
DA:457,4
DA:458,3
DA:473,2
DA:476,1
DA:478,1
DA:479,1
DA:481,1
DA:483,1
DA:484,1
DA:485,1
DA:486,1
DA:488,2
DA:492,1
DA:494,3
DA:499,1
DA:500,1
DA:501,1
DA:502,1
DA:504,3
DA:506,2
DA:510,1
DA:511,1
DA:513,3
DA:520,3
DA:522,1
DA:523,4
DA:524,4
DA:525,3
DA:535,1
DA:536,1
DA:537,4
DA:538,1
DA:539,4
DA:541,1
DA:543,1
DA:546,4
DA:558,1
DA:563,1
DA:565,1
DA:567,1
DA:568,1
DA:569,1
DA:570,4
DA:571,3
DA:575,1
DA:577,1
DA:578,1
DA:579,1
DA:580,4
DA:581,4
DA:586,1
DA:588,1
DA:589,1
DA:590,4
DA:591,3
DA:607,1
DA:611,1
DA:613,1
DA:614,1
DA:616,1
DA:618,1
DA:619,1
DA:621,3
DA:624,1
DA:628,3
DA:629,3
DA:630,2
DA:631,2
DA:632,1
DA:634,2
DA:638,1
DA:653,0
DA:656,0
DA:658,0
DA:659,0
DA:661,0
DA:663,0
DA:664,0
DA:666,0
DA:671,0
DA:672,0
DA:675,0
DA:676,0
DA:677,0
DA:684,0
DA:685,0
DA:687,0
DA:690,0
DA:692,0
DA:693,0
DA:696,0
DA:697,0
DA:698,0
DA:703,0
DA:707,0
DA:708,0
DA:710,0
DA:713,0
DA:714,0
DA:715,0
DA:716,0
DA:717,0
DA:719,0
DA:720,0
DA:721,0
DA:724,0
DA:725,0
DA:730,0
DA:731,0
DA:732,0
DA:733,0
DA:736,0
DA:737,0
DA:738,0
DA:752,0
DA:753,0
DA:754,0
DA:755,0
DA:756,0
DA:759,0
DA:760,0
DA:770,0
DA:778,0
DA:781,0
DA:783,0
DA:784,0
DA:786,0
DA:788,0
DA:789,0
DA:791,0
DA:796,0
DA:797,0
DA:798,0
DA:799,0
DA:801,0
DA:807,0
DA:808,0
DA:810,0
DA:820,0
DA:821,0
DA:822,0
DA:823,0
DA:825,0
DA:831,0
DA:832,0
DA:834,0
DA:844,0
DA:845,0
DA:847,0
DA:850,0
DA:852,0
DA:854,0
DA:855,0
DA:856,0
DA:858,0
DA:860,0
DA:861,0
DA:862,0
DA:863,0
DA:866,0
DA:867,0
DA:868,0
DA:869,0
DA:883,0
DA:884,0
DA:885,0
DA:886,0
DA:887,0
DA:895,0
DA:898,0
DA:900,0
DA:901,0
DA:903,0
DA:905,0
DA:906,0
DA:908,0
DA:913,0
DA:914,0
DA:916,0
DA:919,0
DA:920,0
DA:921,0
DA:923,0
DA:924,0
DA:927,0
DA:928,0
DA:930,0
DA:933,0
DA:934,0
DA:935,0
DA:943,0
DA:947,0
DA:948,0
DA:950,0
DA:953,0
DA:955,0
DA:957,0
DA:958,0
DA:959,0
DA:961,0
DA:963,0
DA:964,0
DA:965,0
DA:966,0
DA:969,0
DA:970,0
DA:971,0
DA:972,0
DA:991,0
DA:994,0
DA:996,0
DA:997,0
DA:999,0
DA:1001,0
DA:1002,0
DA:1004,0
DA:1009,0
DA:1011,0
DA:1012,0
DA:1013,0
DA:1015,0
DA:1016,0
DA:1017,0
DA:1019,0
DA:1020,0
DA:1023,0
DA:1024,0
DA:1033,0
DA:1034,0
DA:1036,0
DA:1037,0
DA:1039,0
DA:1041,0
DA:1042,0
DA:1043,0
DA:1056,0
DA:1057,0
DA:1058,0
DA:1059,0
DA:1061,0
DA:1065,0
DA:1066,0
DA:1068,0
DA:1075,0
DA:1076,0
DA:1077,0
DA:1078,0
DA:1080,0
DA:1084,0
DA:1085,0
DA:1087,0
DA:1096,0
DA:1097,0
DA:1099,0
DA:1102,0
DA:1104,0
DA:1106,0
DA:1107,0
DA:1108,0
DA:1110,0
DA:1111,0
DA:1112,0
DA:1114,0
DA:1115,0
DA:1116,0
DA:1118,0
DA:1119,0
DA:1120,0
DA:1125,0
DA:1126,0
DA:1128,0
DA:1129,0
DA:1130,0
DA:1131,0
DA:1133,0
DA:1134,0
DA:1135,0
DA:1136,0
DA:1153,0
DA:1154,0
DA:1155,0
DA:1159,0
DA:1160,0
DA:1161,0
DA:1165,0
DA:1167,0
DA:1169,0
DA:1171,0
DA:1186,0
DA:1191,0
DA:1193,0
DA:1195,0
DA:1196,0
DA:1197,0
DA:1199,0
DA:1201,0
DA:1202,0
DA:1203,0
DA:1204,0
DA:1206,0
DA:1207,0
DA:1208,0
DA:1209,0
DA:1210,0
DA:1217,0
DA:1218,0
DA:1219,0
DA:1235,0
DA:1239,0
DA:1241,0
DA:1242,0
DA:1243,0
DA:1245,0
DA:1246,0
DA:1247,0
DA:1249,0
DA:1250,0
DA:1251,0
DA:1267,0
DA:1273,0
DA:1275,0
DA:1276,0
DA:1278,0
DA:1280,0
DA:1281,0
DA:1283,0
DA:1286,0
DA:1287,0
DA:1288,0
DA:1289,0
DA:1292,0
DA:1296,0
DA:1297,0
DA:1300,0
DA:1306,0
DA:1307,0
DA:1308,0
DA:1309,0
DA:1312,0
DA:1316,0
DA:1317,0
DA:1320,0
DA:1338,0
DA:1342,0
DA:1344,0
DA:1345,0
DA:1346,0
DA:1347,0
DA:1348,0
LF:516
LH:234
end_of_record
SF:lib\presentation\widgets\custom_buttons.dart
DA:11,1
DA:18,1
DA:20,1
DA:21,1
DA:22,2
DA:23,1
DA:29,2
DA:30,2
DA:32,1
DA:33,2
DA:34,1
DA:40,2
DA:43,2
DA:55,1
DA:62,1
DA:64,1
DA:65,0
DA:66,0
DA:67,0
DA:73,0
DA:74,0
DA:76,1
DA:77,2
DA:78,1
DA:84,2
DA:87,1
DA:98,1
DA:104,1
DA:106,1
DA:107,0
DA:108,0
DA:109,0
DA:115,0
DA:116,0
DA:118,1
DA:119,2
DA:120,1
DA:126,2
DA:138,1
DA:144,1
DA:146,1
DA:152,1
DA:158,2
DA:159,2
DA:160,1
DA:166,2
DA:167,2
DA:170,1
DA:171,3
DA:174,2
DA:188,1
DA:195,1
DA:197,1
DA:198,0
DA:199,0
DA:200,0
DA:206,0
DA:207,0
DA:208,0
DA:209,0
DA:210,0
DA:213,1
DA:214,2
DA:215,1
DA:216,3
DA:217,3
DA:219,1
DA:225,2
DA:228,1
LF:69
LH:51
end_of_record
SF:lib\presentation\widgets\optimized_list_widgets.dart
DA:19,1
DA:34,1
DA:35,1
DA:43,1
DA:45,1
DA:46,4
DA:47,3
DA:50,2
DA:51,0
DA:54,1
DA:56,3
DA:57,2
DA:58,2
DA:62,2
DA:63,0
DA:66,1
DA:69,1
DA:70,1
DA:71,1
DA:72,5
DA:76,2
DA:77,13
DA:78,3
DA:82,2
DA:83,5
DA:84,1
DA:85,5
DA:89,1
DA:91,1
DA:92,1
DA:93,3
DA:94,2
DA:95,2
DA:96,2
DA:97,2
DA:98,2
DA:99,1
DA:100,1
DA:105,1
DA:107,1
DA:108,1
DA:112,1
DA:116,2
DA:117,8
DA:120,3
DA:122,0
DA:123,0
DA:124,0
DA:129,2
DA:144,1
DA:155,1
DA:156,1
DA:163,1
DA:165,1
DA:166,4
DA:168,2
DA:169,0
DA:172,1
DA:174,2
DA:175,2
DA:178,2
DA:179,0
DA:182,1
DA:184,1
DA:186,1
DA:187,1
DA:188,3
DA:189,2
DA:190,2
DA:191,2
DA:192,2
DA:194,1
DA:195,1
DA:196,1
DA:202,1
DA:205,2
DA:206,8
DA:209,3
DA:210,0
DA:211,0
DA:212,0
DA:217,2
DA:227,1
DA:233,1
DA:234,1
DA:240,1
DA:242,1
DA:244,2
DA:245,0
DA:248,1
DA:250,2
DA:251,0
DA:254,1
DA:256,1
DA:258,1
DA:259,1
DA:260,1
DA:261,1
DA:262,1
DA:265,3
DA:270,1
DA:273,2
DA:274,8
DA:277,3
DA:278,0
DA:279,0
DA:280,0
DA:285,2
DA:298,1
DA:307,1
DA:308,1
DA:315,1
DA:317,1
DA:318,4
DA:320,2
DA:321,0
DA:324,1
DA:326,1
DA:327,4
DA:329,1
DA:331,2
DA:332,0
DA:335,1
DA:338,1
DA:340,1
DA:341,1
DA:344,4
DA:345,2
DA:346,0
DA:347,0
DA:349,0
DA:350,0
DA:351,0
DA:357,3
DA:358,2
DA:359,3
DA:360,5
DA:364,1
DA:366,1
DA:367,1
DA:368,2
DA:369,1
DA:370,3
DA:372,1
DA:373,5
DA:389,1
DA:398,1
DA:399,1
DA:404,1
DA:406,1
DA:407,3
DA:409,1
DA:411,3
DA:412,2
DA:413,1
DA:416,0
DA:417,0
DA:418,0
DA:419,0
DA:423,1
DA:425,1
DA:426,1
DA:427,3
DA:428,2
DA:429,3
LF:165
LH:139
end_of_record
SF:lib\presentation\widgets\subtask_list.dart
DA:13,1
DA:18,1
DA:19,1
DA:25,1
DA:27,2
DA:28,1
DA:30,1
DA:32,1
DA:34,1
DA:35,1
DA:37,1
DA:39,1
DA:41,1
DA:42,1
DA:43,1
DA:45,2
DA:48,3
DA:49,1
DA:50,12
DA:51,3
DA:52,2
DA:59,4
DA:61,1
DA:62,3
DA:63,2
DA:64,1
DA:65,2
DA:70,1
DA:73,3
DA:74,7
DA:75,1
DA:76,1
DA:77,1
DA:79,2
DA:80,2
DA:81,0
DA:82,0
DA:83,0
DA:84,2
DA:89,3
DA:91,1
DA:92,0
DA:94,1
DA:98,4
DA:99,1
DA:106,0
DA:107,0
DA:109,0
DA:110,0
DA:111,0
DA:113,0
DA:114,0
DA:115,0
DA:116,0
DA:123,0
DA:126,0
DA:128,0
DA:129,0
DA:130,0
DA:134,0
DA:135,0
DA:145,1
DA:146,1
DA:147,0
DA:148,0
DA:149,0
DA:152,1
DA:153,1
DA:155,1
DA:156,1
DA:157,3
DA:160,1
DA:162,1
DA:163,1
DA:164,1
DA:167,2
DA:170,1
DA:172,3
DA:173,2
DA:182,1
DA:183,1
DA:185,1
DA:186,1
DA:187,1
DA:190,3
DA:193,1
DA:195,3
DA:196,2
DA:200,1
DA:202,3
DA:203,3
DA:212,0
DA:213,0
DA:214,0
DA:216,0
DA:217,0
DA:219,0
DA:222,0
DA:223,0
DA:225,0
DA:226,0
DA:227,0
DA:231,0
DA:232,0
DA:233,0
DA:234,0
DA:238,0
DA:239,0
DA:240,0
DA:241,0
DA:243,0
DA:244,0
DA:247,0
DA:248,0
DA:249,0
DA:250,0
DA:252,0
DA:253,0
DA:254,0
DA:255,0
DA:261,0
DA:262,0
DA:263,0
DA:264,0
DA:266,0
DA:270,0
DA:271,0
DA:272,0
DA:278,0
DA:279,0
DA:281,0
DA:282,0
DA:283,0
DA:286,0
DA:287,0
DA:290,0
DA:291,0
DA:305,1
DA:314,1
DA:316,1
DA:318,1
DA:320,1
DA:322,1
DA:323,1
DA:324,2
DA:325,1
DA:327,1
DA:328,1
DA:330,2
DA:331,1
DA:334,3
DA:340,1
DA:341,2
DA:342,1
DA:346,1
DA:349,1
DA:350,1
DA:351,2
DA:352,3
DA:353,2
DA:356,2
DA:357,2
DA:358,2
DA:364,1
DA:365,1
DA:366,0
DA:368,0
DA:369,0
DA:371,0
DA:372,0
DA:376,0
DA:394,1
DA:397,2
DA:414,0
DA:418,0
DA:419,0
DA:424,0
DA:426,0
DA:427,0
DA:429,0
DA:431,0
DA:432,0
DA:434,0
DA:436,0
DA:438,0
DA:439,0
DA:445,0
DA:447,0
DA:448,0
DA:449,0
DA:452,0
DA:453,0
DA:460,0
DA:461,0
DA:462,0
DA:463,0
DA:464,0
LF:197
LH:98
end_of_record
SF:lib\presentation\widgets\custom_dialogs.dart
DA:14,0
DA:26,0
DA:28,0
DA:29,0
DA:30,0
DA:31,0
DA:32,0
DA:33,0
DA:34,0
DA:37,0
DA:38,0
DA:39,0
DA:40,0
DA:41,0
DA:42,0
DA:43,0
DA:45,0
DA:47,0
DA:48,0
DA:49,0
DA:50,0
DA:52,0
DA:53,0
DA:54,0
DA:55,0
DA:58,0
DA:73,0
DA:82,0
DA:84,0
DA:85,0
DA:86,0
DA:87,0
DA:88,0
DA:91,0
DA:92,0
DA:93,0
DA:94,0
DA:95,0
DA:96,0
DA:97,0
DA:99,0
DA:120,0
DA:135,0
DA:136,0
DA:143,0
DA:145,0
DA:146,0
DA:149,0
DA:151,0
DA:152,0
DA:155,0
DA:157,0
DA:158,0
DA:159,0
DA:160,0
DA:161,0
DA:164,0
DA:165,0
DA:166,0
DA:169,0
DA:170,0
DA:171,0
DA:172,0
DA:175,0
DA:176,0
DA:177,0
DA:183,0
DA:184,0
DA:185,0
DA:186,0
DA:187,0
DA:189,0
DA:191,0
DA:192,0
DA:193,0
DA:194,0
DA:195,0
DA:198,0
DA:214,0
DA:224,0
DA:226,0
DA:227,0
DA:228,0
DA:230,0
DA:232,0
DA:233,0
DA:234,0
DA:235,0
DA:237,0
DA:238,0
DA:240,0
DA:242,0
DA:245,0
DA:246,0
DA:247,0
DA:253,0
DA:254,0
DA:255,0
DA:268,0
DA:274,0
DA:276,0
DA:277,0
DA:278,0
DA:280,0
DA:282,0
DA:284,0
DA:295,0
DA:304,0
DA:306,0
DA:313,0
DA:314,0
DA:322,0
DA:329,0
DA:331,0
DA:341,0
DA:353,0
DA:355,0
DA:365,0
DA:366,0
DA:372,0
DA:379,0
DA:381,0
DA:386,0
DA:392,0
DA:397,0
DA:400,0
DA:408,0
DA:409,0
LF:128
LH:0
end_of_record
SF:lib\presentation\widgets\task_card.dart
DA:27,4
DA:48,3
DA:50,15
DA:51,3
DA:52,3
DA:53,0
DA:55,3
DA:57,3
DA:58,3
DA:59,9
DA:60,3
DA:70,3
DA:80,1
DA:81,1
DA:83,2
DA:85,1
DA:87,1
DA:91,3
DA:92,3
DA:93,3
DA:94,3
DA:96,3
DA:98,3
DA:100,3
DA:102,3
DA:104,3
DA:105,3
DA:106,3
DA:112,3
DA:113,3
DA:115,3
DA:117,3
DA:118,3
DA:119,3
DA:120,0
DA:123,0
DA:127,3
DA:128,3
DA:129,0
DA:130,0
[...]
DA:87,1
DA:88,2
DA:89,2
DA:90,2
DA:95,0
DA:96,0
DA:97,0
DA:98,0
DA:102,0
DA:103,0
DA:106,0
DA:107,0
DA:110,0
DA:113,0
DA:118,0
DA:120,0
DA:121,0
DA:122,0
DA:124,0
DA:125,0
DA:128,0
DA:131,0
DA:132,0
DA:135,0
DA:138,0
DA:144,0
DA:146,0
DA:147,0
DA:148,0
DA:149,0
DA:150,0
DA:155,0
DA:158,0
DA:159,0
DA:161,0
DA:163,0
DA:165,0
DA:168,0
DA:169,0
DA:171,0
DA:172,0
LF:70
LH:25
end_of_record
SF:lib\services\location\location_models.dart
DA:15,0
DA:24,0
DA:25,0
DA:27,0
DA:28,0
DA:29,0
DA:30,0
DA:31,0
DA:32,0
DA:33,0
DA:34,0
DA:37,0
DA:45,0
DA:46,0
DA:47,0
DA:48,0
DA:49,0
DA:50,0
DA:51,0
DA:67,1
DA:78,0
DA:79,0
DA:81,0
DA:82,0
DA:83,0
DA:84,0
DA:85,0
DA:86,0
DA:87,0
DA:88,0
DA:89,0
DA:90,0
DA:93,0
DA:103,0
DA:104,0
DA:105,0
DA:106,0
DA:107,0
DA:108,0
DA:109,0
DA:110,0
DA:111,0
DA:133,1
DA:141,0
DA:142,0
DA:144,0
DA:145,0
DA:146,0
DA:147,0
DA:148,0
DA:149,0
DA:150,0
DA:153,1
DA:160,1
DA:161,1
DA:162,1
DA:163,1
DA:164,0
DA:165,1
DA:193,0
DA:200,0
DA:201,0
DA:203,0
DA:204,0
DA:223,0
DA:232,0
DA:233,0
DA:235,0
DA:236,0
DA:237,0
DA:238,0
DA:239,0
DA:240,0
DA:241,0
DA:242,0
DA:245,0
DA:253,0
DA:254,0
DA:255,0
DA:256,0
DA:257,0
DA:258,0
DA:259,0
DA:268,0
DA:269,0
LF:85
LH:8
end_of_record
SF:lib\services\location\location_models.g.dart
DA:9,0
DA:10,0
DA:11,0
DA:12,0
DA:13,0
DA:14,0
DA:15,0
DA:18,0
DA:19,0
DA:20,0
DA:21,0
DA:22,0
DA:23,0
DA:24,0
DA:25,0
DA:28,0
DA:29,0
DA:30,0
DA:31,0
DA:32,0
DA:33,0
DA:34,0
DA:35,0
DA:36,0
DA:39,0
DA:40,0
DA:41,0
DA:42,0
DA:43,0
DA:44,0
DA:45,0
DA:46,0
DA:47,0
DA:48,0
DA:57,0
DA:58,0
DA:59,0
DA:60,0
DA:61,0
DA:62,0
DA:63,0
DA:66,0
DA:67,0
DA:68,0
DA:69,0
DA:70,0
DA:71,0
DA:72,0
DA:75,0
DA:76,0
DA:77,0
DA:78,0
DA:79,0
DA:80,0
DA:83,0
DA:84,0
DA:85,0
DA:86,0
DA:87,0
DA:88,0
DA:96,0
DA:97,0
DA:98,0
DA:99,0
DA:100,0
DA:101,0
DA:104,0
DA:105,0
DA:107,0
DA:110,0
DA:111,0
DA:112,0
DA:113,0
DA:114,0
DA:115,0
DA:116,0
DA:117,0
LF:77
LH:0
end_of_record
SF:lib\services\notification\notification_service.dart
DA:102,0
LF:1
LH:0
end_of_record
SF:lib\services\notification\notification_models.dart
DA:23,1
DA:25,1
DA:27,1
DA:29,1
DA:31,0
DA:33,0
DA:53,1
DA:55,1
DA:57,1
DA:59,1
DA:61,0
DA:106,2
DA:121,0
DA:122,0
DA:124,0
DA:126,1
DA:140,1
DA:141,0
DA:142,0
DA:143,1
DA:144,1
DA:145,1
DA:146,1
DA:147,1
DA:148,1
DA:149,1
DA:150,1
DA:151,1
DA:152,1
DA:155,0
DA:156,0
DA:157,0
DA:158,0
DA:159,0
DA:160,0
DA:161,0
DA:162,0
DA:163,0
DA:164,0
DA:165,0
DA:166,0
DA:167,0
DA:168,0
DA:202,1
DA:214,0
DA:215,0
DA:217,0
DA:219,0
DA:230,0
DA:231,0
DA:232,0
DA:233,0
DA:234,0
DA:235,0
DA:236,0
DA:237,0
DA:238,0
DA:239,0
DA:242,0
DA:243,0
DA:244,0
DA:245,0
DA:246,0
DA:247,0
DA:248,0
DA:249,0
DA:250,0
DA:251,0
DA:252,0
DA:261,6
DA:263,1
DA:264,1
DA:265,1
DA:266,1
DA:270,1
DA:271,1
DA:272,1
DA:273,1
DA:276,0
DA:279,0
DA:281,0
DA:282,0
DA:283,0
DA:284,0
DA:314,0
DA:325,0
DA:326,0
DA:328,0
DA:330,0
DA:340,0
DA:341,0
DA:342,0
DA:343,0
DA:344,0
DA:345,0
DA:346,0
DA:347,0
DA:348,0
DA:351,0
DA:352,0
DA:353,0
DA:354,0
DA:355,0
DA:356,0
DA:357,0
DA:358,0
DA:359,0
DA:360,0
DA:388,0
DA:398,0
DA:399,0
DA:401,0
DA:403,0
DA:412,0
DA:413,0
DA:414,0
DA:415,0
DA:416,0
DA:417,0
DA:418,0
DA:419,0
DA:422,0
DA:423,0
DA:424,0
DA:425,0
DA:426,0
DA:427,0
DA:428,0
DA:429,0
DA:430,0
LF:130
LH:31
end_of_record
SF:lib\services\notification\notification_models.g.dart
DA:9,0
DA:11,0
DA:12,0
DA:13,0
DA:15,0
DA:16,0
DA:17,0
DA:19,0
DA:20,0
DA:21,0
DA:22,0
DA:23,0
DA:25,0
DA:26,0
DA:27,0
DA:29,0
DA:30,0
DA:31,0
DA:32,0
DA:33,0
DA:34,0
DA:37,0
DA:39,0
DA:40,0
DA:41,0
DA:42,0
DA:43,0
DA:44,0
DA:45,0
DA:46,0
DA:47,0
DA:48,0
DA:49,0
DA:50,0
DA:51,0
DA:54,0
DA:56,0
DA:57,0
DA:58,0
DA:59,0
DA:60,0
DA:61,0
DA:62,0
DA:63,0
DA:64,0
DA:65,0
DA:68,0
DA:70,0
DA:71,0
DA:72,0
DA:73,0
DA:74,0
DA:75,0
DA:76,0
DA:77,0
DA:78,0
DA:79,0
DA:90,0
DA:92,0
DA:93,0
DA:94,0
DA:95,0
DA:96,0
DA:97,0
DA:98,0
DA:99,0
DA:101,0
DA:102,0
DA:105,0
DA:107,0
DA:108,0
DA:109,0
DA:110,0
DA:111,0
DA:112,0
DA:113,0
DA:114,0
DA:115,0
DA:125,0
DA:126,0
DA:127,0
DA:128,0
DA:129,0
DA:130,0
DA:132,0
DA:133,0
DA:134,0
DA:135,0
DA:138,0
DA:139,0
DA:140,0
DA:141,0
DA:142,0
DA:143,0
DA:144,0
DA:145,0
DA:146,0
LF:97
LH:0
end_of_record
SF:lib\services\speech\audio_manager.dart
DA:13,1
DA:14,1
DA:15,0
DA:17,0
DA:18,0
DA:25,1
DA:26,1
DA:27,0
DA:28,0
DA:29,0
DA:33,1
DA:34,1
DA:35,0
DA:36,0
DA:37,0
DA:39,0
DA:40,0
DA:46,1
DA:48,1
DA:49,1
DA:50,0
DA:60,1
DA:62,1
DA:63,0
DA:66,0
DA:67,0
DA:68,0
DA:70,0
DA:71,0
DA:85,1
DA:87,1
DA:88,0
DA:89,0
DA:92,0
DA:93,0
DA:94,0
DA:95,0
DA:97,0
DA:98,0
DA:113,1
DA:115,1
DA:116,0
DA:119,0
DA:120,0
DA:121,0
DA:122,0
DA:124,1
DA:129,1
DA:131,1
DA:134,1
DA:135,0
DA:136,0
DA:137,0
DA:138,0
DA:149,1
DA:150,2
DA:151,5
DA:152,7
DA:153,5
DA:157,1
DA:159,1
DA:160,0
DA:169,1
DA:171,1
DA:172,0
DA:175,0
DA:176,0
DA:178,0
DA:179,0
LF:69
LH:28
end_of_record
SF:lib\services\speech\voice_command_parser.dart
DA:112,3
DA:117,3
DA:118,6
DA:119,1
DA:125,3
DA:128,3
DA:141,6
DA:142,3
DA:143,6
DA:144,6
DA:146,3
DA:152,1
DA:156,3
DA:158,3
DA:159,3
DA:160,6
DA:161,6
DA:162,3
DA:163,3
DA:164,3
DA:165,3
DA:166,3
DA:170,3
DA:176,3
DA:177,3
DA:179,2
DA:180,2
DA:182,1
DA:183,1
DA:185,1
DA:186,1
DA:188,1
DA:189,1
DA:191,1
DA:192,1
DA:194,1
DA:195,1
DA:197,1
DA:198,1
DA:202,1
DA:205,1
DA:206,1
DA:208,1
DA:209,1
DA:212,0
DA:214,0
DA:220,3
DA:225,10
DA:226,2
DA:227,3
DA:228,6
DA:231,3
DA:232,0
DA:239,3
DA:242,3
DA:245,3
DA:248,3
DA:250,3
DA:253,3
DA:261,2
DA:262,4
DA:264,2
DA:266,2
DA:267,2
DA:272,1
DA:273,2
DA:275,1
DA:277,1
DA:278,1
DA:283,1
DA:284,2
DA:285,2
DA:287,1
DA:289,1
DA:291,1
DA:293,1
DA:298,1
DA:299,2
DA:300,2
DA:302,2
DA:304,1
DA:306,1
DA:313,1
DA:314,2
DA:315,2
DA:317,1
DA:319,1
DA:321,1
DA:322,1
DA:323,2
DA:324,1
DA:325,1
DA:326,2
DA:332,1
DA:333,2
DA:335,1
DA:338,1
DA:343,1
DA:344,2
DA:346,1
DA:348,1
DA:350,1
DA:351,1
DA:353,1
DA:354,2
DA:355,2
DA:361,1
DA:362,2
DA:363,2
DA:365,1
DA:367,1
DA:369,1
DA:370,1
DA:371,1
DA:372,1
DA:373,2
DA:374,2
DA:380,1
DA:382,1
DA:383,2
DA:385,1
DA:390,1
DA:391,1
DA:398,1
DA:405,1
DA:406,1
DA:412,2
DA:413,2
DA:417,1
DA:418,1
DA:419,2
DA:420,2
DA:424,3
DA:425,6
DA:426,9
DA:427,1
DA:434,3
DA:435,3
DA:438,6
DA:439,21
DA:441,6
DA:442,6
DA:443,2
DA:444,4
DA:447,0
DA:453,3
DA:454,3
DA:456,2
DA:457,2
DA:458,1
DA:461,2
DA:462,1
DA:463,2
DA:467,1
DA:468,4
DA:471,1
DA:472,0
DA:482,0
DA:483,0
DA:493,0
DA:496,0
DA:497,0
DA:498,0
DA:500,0
DA:504,3
DA:505,3
DA:508,3
DA:509,3
DA:510,3
DA:511,0
DA:515,3
DA:516,6
DA:518,0
DA:519,0
DA:520,0
DA:527,3
DA:537,2
DA:538,4
DA:539,4
DA:544,6
DA:545,12
DA:549,6
DA:552,6
DA:555,6
DA:558,9
DA:561,6
DA:569,3
DA:570,3
DA:572,3
DA:573,3
DA:576,3
DA:579,3
DA:583,6
DA:584,4
DA:585,2
DA:590,3
DA:591,3
DA:592,6
DA:594,3
DA:595,1
DA:596,1
DA:597,1
LF:202
LH:186
end_of_record
SF:lib\services\speech\voice_command_models.dart
DA:52,3
DA:71,3
DA:81,3
DA:85,3
DA:91,3
DA:92,3
DA:93,4
DA:94,4
DA:95,3
DA:96,0
DA:97,3
DA:103,3
DA:109,3
DA:113,3
DA:117,3
DA:118,0
DA:119,3
DA:120,6
DA:126,2
DA:132,2
DA:136,2
DA:139,2
DA:140,0
DA:141,2
DA:147,2
DA:154,2
DA:158,2
DA:162,2
DA:163,0
DA:164,2
DA:165,4
DA:171,2
DA:178,2
DA:182,2
DA:186,2
DA:187,0
DA:188,2
DA:189,4
DA:195,2
DA:200,2
DA:204,2
DA:206,2
DA:213,2
DA:217,2
DA:221,2
DA:223,2
DA:224,2
DA:230,0
DA:247,0
DA:248,0
DA:249,0
DA:250,0
DA:251,0
DA:252,0
DA:253,0
DA:254,0
DA:255,0
DA:256,0
DA:257,0
DA:258,0
DA:259,0
DA:260,0
DA:261,0
DA:262,0
DA:267,0
DA:268,0
DA:284,0
DA:288,3
DA:289,6
DA:290,6
DA:293,3
DA:294,3
DA:295,9
DA:296,1
DA:297,0
DA:298,1
DA:299,0
DA:300,0
DA:301,0
DA:302,0
DA:303,0
DA:304,0
DA:305,0
DA:306,0
DA:307,0
DA:308,0
DA:309,0
DA:310,0
DA:311,2
DA:312,0
DA:313,0
DA:314,0
DA:315,0
DA:317,0
DA:320,0
DA:321,0
DA:322,0
DA:323,0
DA:324,0
DA:325,0
DA:326,0
DA:327,0
DA:328,0
DA:329,0
DA:330,0
DA:331,0
DA:332,0
DA:333,0
DA:334,0
DA:335,0
DA:336,0
DA:337,0
DA:339,0
DA:340,0
DA:341,0
DA:354,2
DA:364,2
DA:369,2
DA:374,2
DA:379,2
DA:385,2
DA:391,2
DA:393,0
DA:394,0
DA:395,0
DA:396,0
DA:397,0
DA:398,0
DA:399,0
DA:400,0
DA:401,0
DA:403,0
DA:404,0
DA:419,7
DA:431,0
DA:441,0
DA:442,0
DA:443,0
DA:444,0
DA:445,0
DA:446,0
DA:447,0
DA:448,0
DA:449,0
LF:144
LH:59
end_of_record
SF:lib\services\speech\voice_command_processor.dart
DA:21,2
DA:26,2
DA:29,0
DA:32,0
DA:35,2
DA:38,4
DA:41,2
DA:42,0
DA:44,0
DA:47,0
DA:52,2
DA:53,4
DA:56,6
DA:60,0
DA:62,0
DA:65,0
DA:67,0
DA:71,0
DA:77,2
DA:79,2
DA:80,2
DA:81,2
DA:83,2
DA:84,2
DA:86,1
DA:87,1
DA:89,1
DA:90,1
DA:92,1
DA:93,1
DA:95,1
DA:96,0
DA:98,1
DA:99,0
DA:101,1
DA:102,1
DA:104,1
DA:105,0
DA:107,1
DA:108,1
DA:110,1
DA:111,1
DA:113,1
DA:114,0
DA:116,1
DA:117,1
DA:119,1
DA:120,0
DA:122,1
DA:123,1
DA:125,1
DA:126,0
DA:128,1
DA:129,0
DA:131,1
DA:132,1
DA:134,2
DA:139,0
DA:141,0
DA:146,2
DA:148,4
DA:155,2
DA:156,6
DA:157,1
DA:164,2
DA:165,2
DA:166,2
DA:167,2
DA:168,2
DA:169,2
DA:172,4
DA:174,2
DA:176,4
DA:177,6
DA:182,2
DA:183,2
DA:185,2
DA:192,1
DA:193,2
DA:195,1
DA:197,2
DA:198,3
DA:203,1
DA:204,1
DA:206,0
DA:213,3
DA:215,1
DA:217,2
DA:218,2
DA:223,1
DA:224,1
DA:226,0
DA:233,1
DA:234,1
DA:241,2
DA:242,2
DA:244,1
DA:246,4
DA:247,3
DA:252,1
DA:253,1
DA:255,0
DA:262,1
DA:263,0
DA:270,2
DA:271,2
DA:273,1
DA:275,4
DA:276,3
DA:281,0
DA:282,0
DA:284,0
DA:291,0
DA:292,0
DA:300,0
DA:301,0
DA:304,0
DA:306,0
DA:308,0
DA:309,0
DA:314,0
DA:315,0
DA:317,0
DA:324,0
DA:325,0
DA:333,0
DA:334,0
DA:337,0
DA:339,0
DA:341,0
DA:342,0
DA:347,1
DA:348,1
DA:350,0
DA:357,1
DA:358,2
DA:360,1
DA:362,2
DA:363,3
DA:368,0
DA:369,0
DA:371,0
DA:378,0
DA:379,0
DA:381,0
DA:383,0
DA:384,0
DA:389,1
DA:390,3
DA:391,0
DA:398,3
DA:400,1
DA:402,5
DA:403,1
DA:404,4
DA:405,1
DA:411,1
DA:412,2
DA:413,5
DA:415,1
DA:417,4
DA:418,1
DA:419,4
DA:420,1
DA:426,0
DA:427,0
DA:429,0
DA:436,0
DA:438,0
DA:441,0
DA:446,1
DA:447,1
DA:449,0
DA:456,3
DA:457,0
DA:464,1
DA:465,1
DA:466,1
DA:469,1
DA:470,2
DA:472,1
DA:474,3
DA:475,4
DA:480,0
DA:481,0
DA:483,0
DA:490,0
DA:491,0
DA:499,0
DA:500,0
DA:501,0
DA:504,0
DA:505,0
DA:506,0
DA:508,0
DA:510,0
DA:511,0
DA:516,1
DA:517,1
DA:519,0
DA:526,1
DA:527,0
DA:529,0
DA:530,0
DA:534,1
DA:535,2
DA:537,1
DA:539,2
DA:540,3
DA:545,0
DA:546,0
DA:548,0
DA:555,0
DA:556,0
DA:558,0
DA:559,0
DA:563,0
DA:564,0
DA:566,0
DA:568,0
DA:569,0
DA:574,0
DA:575,0
DA:577,0
DA:586,0
DA:587,0
DA:588,0
DA:590,0
DA:592,0
DA:593,0
DA:598,2
DA:600,2
DA:601,0
DA:605,6
DA:606,6
DA:609,3
DA:610,5
DA:616,2
DA:617,1
DA:625,1
DA:626,1
DA:627,4
DA:628,4
DA:630,1
DA:631,0
DA:632,2
DA:633,0
DA:635,5
DA:640,1
DA:641,2
DA:642,3
DA:643,2
DA:644,1
DA:648,0
DA:649,0
DA:650,0
DA:652,0
DA:653,0
DA:656,0
DA:657,0
DA:659,0
DA:660,0
DA:663,0
DA:664,0
DA:667,0
DA:668,0
DA:671,0
DA:675,0
DA:676,0
DA:677,0
DA:680,0
DA:683,0
DA:687,0
DA:695,2
DA:696,4
DA:697,4
LF:276
LH:151
end_of_record
SF:lib\services\speech\voice_command_service.dart
DA:28,1
DA:34,0
DA:35,1
DA:41,3
DA:44,3
DA:47,3
DA:50,3
DA:53,1
DA:54,1
DA:55,1
DA:60,2
DA:63,2
DA:66,3
DA:69,1
DA:72,2
DA:74,1
DA:79,2
DA:81,1
DA:84,2
DA:90,1
DA:94,2
DA:99,1
DA:100,1
DA:102,2
DA:103,1
DA:104,1
DA:109,1
DA:110,1
DA:111,2
DA:116,1
DA:117,1
DA:120,2
DA:121,1
DA:122,1
DA:124,0
DA:129,1
DA:130,1
DA:133,2
DA:134,1
DA:135,1
DA:137,0
DA:142,1
DA:143,1
DA:144,1
DA:148,1
DA:149,1
DA:151,2
DA:152,2
DA:156,1
DA:157,1
DA:162,2
DA:165,0
DA:166,0
DA:174,1
DA:175,2
DA:179,1
DA:180,2
DA:184,1
DA:185,2
DA:189,1
DA:190,2
DA:194,1
DA:195,2
DA:199,0
DA:200,0
DA:204,0
DA:205,0
DA:209,0
DA:210,0
DA:214,1
DA:215,1
DA:216,2
DA:217,2
DA:219,2
DA:220,2
DA:221,2
DA:222,2
DA:227,0
DA:228,0
DA:231,0
DA:234,0
DA:235,0
DA:236,0
DA:237,0
DA:240,0
DA:241,0
DA:244,0
DA:245,0
DA:246,0
DA:248,0
DA:249,0
DA:252,0
DA:253,0
DA:254,0
DA:255,0
DA:257,0
DA:261,0
DA:263,0
DA:264,0
DA:268,1
DA:269,2
DA:272,1
DA:273,2
DA:294,0
DA:296,0
DA:298,0
DA:300,0
DA:302,0
DA:308,0
DA:309,0
DA:310,0
DA:314,0
DA:315,0
DA:329,0
DA:340,0
DA:349,0
DA:350,0
DA:351,0
DA:352,0
DA:353,0
DA:354,0
DA:355,0
DA:356,0
LF:123
LH:70
end_of_record
SF:lib\services\speech\voice_command_customization.dart
DA:21,0
DA:24,0
DA:27,0
DA:30,0
DA:31,0
DA:32,0
DA:33,0
DA:34,0
DA:38,0
DA:39,0
DA:40,0
DA:44,0
DA:45,0
DA:46,0
DA:50,0
DA:51,0
DA:52,0
DA:53,0
DA:58,0
DA:59,0
DA:60,0
DA:64,0
DA:65,0
DA:66,0
DA:70,0
DA:71,0
DA:72,0
DA:76,0
DA:77,0
DA:78,0
DA:81,0
DA:82,0
DA:83,0
DA:84,0
DA:90,0
DA:91,0
DA:92,0
DA:97,0
DA:98,0
DA:100,0
DA:101,0
DA:103,0
DA:104,0
DA:107,0
DA:111,0
DA:112,0
DA:113,0
DA:114,0
DA:115,0
DA:116,0
DA:120,0
DA:124,0
DA:126,0
DA:129,0
DA:130,0
DA:131,0
DA:132,0
DA:137,0
DA:138,0
DA:142,0
DA:143,0
DA:147,0
DA:148,0
DA:149,0
DA:151,0
DA:156,0
DA:157,0
DA:158,0
DA:159,0
DA:161,0
DA:162,0
DA:163,0
DA:167,0
DA:170,0
DA:174,0
DA:175,0
DA:176,0
DA:177,0
DA:180,0
DA:182,0
DA:193,0
DA:194,0
DA:195,0
DA:197,0
DA:198,0
DA:201,0
DA:202,0
DA:203,0
DA:206,0
DA:207,0
DA:212,0
DA:213,0
DA:215,0
DA:216,0
DA:220,0
DA:224,0
DA:225,0
DA:227,0
DA:228,0
DA:231,0
DA:232,0
DA:237,0
DA:238,0
DA:241,0
DA:245,0
DA:246,0
DA:248,0
DA:251,0
DA:252,0
DA:257,0
DA:258,0
DA:259,0
DA:262,0
DA:266,0
DA:267,0
DA:269,0
DA:270,0
DA:273,0
DA:274,0
DA:275,0
DA:276,0
DA:277,0
DA:278,0
DA:279,0
DA:280,0
DA:281,0
DA:282,0
DA:286,0
DA:287,0
DA:288,0
DA:289,0
DA:290,0
DA:291,0
DA:292,0
DA:293,0
DA:294,0
DA:295,0
DA:299,0
DA:300,0
DA:301,0
DA:303,0
DA:304,0
DA:306,0
DA:308,0
DA:309,0
DA:312,0
DA:313,0
DA:314,0
DA:315,0
DA:318,0
DA:319,0
DA:322,0
DA:323,0
DA:326,0
DA:327,0
DA:328,0
DA:329,0
DA:330,0
DA:331,0
DA:332,0
DA:333,0
DA:337,0
DA:353,0
DA:366,0
DA:367,0
DA:368,0
DA:369,0
DA:370,0
DA:371,0
DA:372,0
DA:373,0
DA:374,0
DA:376,0
DA:377,0
DA:378,0
DA:379,0
DA:384,0
DA:385,0
DA:386,0
DA:387,0
DA:388,0
DA:389,0
DA:390,0
DA:391,0
DA:392,0
DA:393,0
DA:394,0
DA:399,0
DA:410,0
DA:411,0
DA:412,0
DA:413,0
DA:414,0
DA:415,0
DA:416,0
DA:417,0
DA:418,0
DA:419,0
LF:198
LH:0
end_of_record
SF:lib\services\speech\local_transcription_service.dart
DA:18,1
DA:21,1
DA:22,1
DA:23,1
DA:24,1
DA:25,1
DA:27,1
DA:31,1
DA:38,2
DA:39,1
DA:41,1
DA:43,0
DA:44,0
DA:45,0
DA:46,0
DA:52,0
DA:54,0
DA:61,0
DA:62,0
DA:70,0
DA:71,0
DA:72,0
DA:73,0
DA:78,0
DA:79,0
DA:81,1
DA:83,1
DA:90,0
DA:99,0
DA:100,0
DA:102,0
DA:103,0
DA:104,0
DA:105,0
DA:106,0
DA:107,0
DA:110,0
DA:112,0
DA:113,0
DA:114,0
DA:118,0
DA:122,1
DA:124,1
DA:125,1
DA:130,1
DA:138,1
DA:141,2
DA:143,0
DA:149,0
DA:151,0
DA:152,0
DA:156,0
DA:169,0
DA:170,0
DA:171,0
DA:175,0
DA:176,0
DA:179,0
DA:182,0
DA:187,0
DA:188,0
DA:189,0
DA:192,0
DA:193,0
DA:194,0
DA:196,0
DA:199,0
DA:200,0
DA:202,0
DA:209,0
DA:223,0
LF:71
LH:19
end_of_record
SF:lib\services\speech\composite_transcription_service.dart
DA:18,1
DA:27,1
DA:28,1
DA:29,1
DA:30,1
DA:31,1
DA:33,2
DA:34,2
DA:37,3
DA:39,1
DA:47,2
DA:50,0
DA:54,1
DA:56,0
DA:59,0
DA:63,1
DA:64,1
DA:66,1
DA:68,0
DA:69,0
DA:70,0
DA:71,0
DA:77,0
DA:79,0
DA:86,0
DA:87,0
DA:94,0
DA:95,0
DA:96,0
DA:99,0
DA:101,0
DA:108,0
DA:109,0
DA:112,1
DA:114,2
DA:115,1
DA:116,1
DA:117,1
DA:122,0
DA:127,0
DA:129,0
DA:131,0
DA:137,0
DA:142,0
DA:145,0
DA:146,0
DA:147,0
DA:148,0
DA:156,0
DA:160,0
DA:168,0
DA:169,0
DA:170,0
DA:171,0
DA:173,0
DA:174,0
DA:176,0
DA:177,0
DA:179,0
DA:180,0
DA:182,0
DA:183,0
DA:185,0
DA:186,0
DA:190,0
DA:191,0
DA:198,0
DA:201,0
DA:202,0
DA:209,0
DA:212,0
DA:214,0
DA:216,0
DA:217,0
DA:222,0
DA:227,0
DA:228,0
DA:237,0
DA:239,0
DA:241,0
DA:242,0
DA:247,0
DA:252,0
DA:253,0
DA:262,0
DA:263,0
DA:265,0
DA:266,0
DA:269,0
DA:270,0
DA:273,0
DA:281,0
DA:283,0
DA:284,0
DA:290,0
DA:291,0
DA:292,0
DA:296,0
DA:297,0
DA:300,0
DA:302,0
DA:303,0
DA:309,0
DA:311,0
DA:312,0
DA:318,0
DA:326,0
DA:327,0
DA:330,0
DA:334,0
DA:335,0
DA:336,0
LF:112
LH:20
end_of_record
SF:lib\services\speech\transcription_validator.dart
DA:10,1
DA:11,1
DA:14,1
DA:15,2
DA:17,3
DA:21,1
DA:30,2
DA:31,2
DA:33,3
DA:39,3
DA:40,1
DA:41,2
DA:43,1
DA:46,1
DA:47,0
DA:49,0
DA:55,3
DA:56,1
DA:64,2
DA:67,3
DA:68,0
DA:70,0
DA:76,2
DA:77,2
DA:79,1
DA:81,1
DA:82,1
DA:90,1
DA:91,1
DA:92,1
DA:95,2
DA:96,0
DA:100,2
DA:101,3
DA:104,2
DA:105,2
DA:106,2
DA:107,1
DA:110,2
DA:114,1
DA:115,1
DA:118,1
DA:119,0
DA:127,1
DA:134,2
DA:135,1
DA:136,0
DA:138,0
DA:146,1
DA:147,0
DA:156,1
DA:157,3
DA:158,2
DA:161,4
DA:162,4
DA:168,1
DA:169,1
DA:173,1
DA:175,1
DA:176,2
DA:177,1
DA:179,3
DA:184,1
DA:185,1
DA:186,1
DA:187,1
DA:188,1
DA:191,2
DA:192,1
DA:201,1
DA:205,1
DA:208,2
DA:209,1
DA:210,1
DA:211,1
DA:213,1
DA:214,1
DA:216,0
DA:217,0
DA:222,1
DA:226,1
DA:227,1
DA:230,1
DA:231,1
DA:235,3
DA:236,3
DA:237,3
DA:238,3
DA:240,4
DA:242,1
DA:253,1
DA:261,0
DA:262,0
DA:266,1
DA:267,5
DA:270,0
DA:271,0
DA:273,0
DA:274,0
DA:275,0
DA:277,0
DA:278,0
DA:279,0
DA:280,0
DA:282,0
DA:283,0
DA:285,0
DA:295,2
DA:299,0
DA:301,0
LF:110
LH:83
end_of_record
SF:lib\services\speech\openai_transcription_service.dart
DA:20,0
DA:26,0
DA:27,0
DA:28,0
DA:29,0
DA:33,0
DA:34,0
DA:35,0
DA:36,0
DA:39,0
DA:41,0
DA:42,0
DA:44,0
DA:45,0
DA:46,0
DA:47,0
DA:48,0
DA:50,0
DA:54,0
DA:55,0
DA:56,0
DA:57,0
DA:62,0
DA:64,0
DA:71,0
DA:72,0
DA:80,0
DA:81,0
DA:82,0
DA:83,0
DA:88,0
DA:89,0
DA:90,0
DA:92,0
DA:96,0
DA:100,0
DA:107,0
DA:110,0
DA:112,0
DA:116,0
DA:117,0
DA:121,0
DA:122,0
DA:130,0
DA:131,0
DA:133,0
DA:134,0
DA:137,0
DA:138,0
DA:141,0
DA:142,0
DA:149,0
DA:151,0
DA:154,0
DA:155,0
DA:156,0
DA:160,0
DA:165,0
DA:176,0
DA:178,0
DA:180,0
DA:181,0
DA:183,0
DA:186,0
DA:187,0
DA:191,0
DA:192,0
DA:193,0
DA:194,0
DA:197,0
DA:200,0
DA:202,0
DA:203,0
DA:208,0
DA:210,0
DA:212,0
DA:213,0
DA:214,0
DA:215,0
DA:216,0
DA:217,0
DA:218,0
DA:220,0
DA:222,0
DA:223,0
DA:224,0
DA:226,0
DA:230,0
DA:231,0
DA:234,0
DA:238,0
DA:239,0
DA:240,0
DA:249,0
DA:251,0
DA:252,0
DA:253,0
DA:255,0
DA:256,0
DA:264,0
DA:265,0
DA:266,0
DA:267,0
DA:276,0
DA:277,0
DA:279,0
DA:281,0
DA:284,0
DA:287,0
DA:289,0
DA:291,0
DA:293,0
DA:300,0
DA:301,0
DA:303,0
DA:305,0
DA:312,0
DA:313,0
DA:314,0
DA:317,0
DA:318,0
DA:323,0
LF:122
LH:0
end_of_record
SF:lib\services\privacy_service.dart
DA:16,3
DA:17,3
DA:20,1
DA:21,1
DA:22,1
DA:25,1
DA:26,1
DA:29,1
DA:33,1
DA:34,1
DA:35,2
DA:36,1
DA:40,1
DA:41,1
DA:42,1
DA:45,5
DA:48,1
DA:50,1
DA:51,4
DA:53,1
DA:57,1
DA:58,1
DA:59,1
DA:62,1
DA:64,3
DA:65,1
DA:68,1
DA:72,1
DA:73,1
DA:75,4
DA:76,3
DA:77,1
DA:79,1
DA:83,1
DA:84,1
DA:87,1
DA:89,1
DA:90,1
DA:93,1
DA:94,1
DA:98,1
DA:99,1
DA:100,1
DA:103,1
DA:104,1
DA:107,1
DA:111,1
DA:112,1
DA:113,2
DA:114,1
DA:118,1
DA:119,1
DA:120,1
DA:122,1
DA:125,2
DA:126,3
DA:129,1
DA:130,4
DA:132,1
DA:136,1
DA:137,1
DA:138,1
DA:141,1
DA:143,3
DA:144,1
DA:147,1
DA:151,1
DA:152,1
DA:153,1
DA:155,1
DA:156,2
DA:157,2
DA:158,3
DA:159,1
DA:160,2
DA:161,1
DA:166,1
DA:167,1
DA:170,1
DA:171,2
DA:172,1
DA:173,1
DA:178,2
DA:181,1
DA:182,1
DA:188,1
DA:189,1
DA:192,3
DA:193,1
DA:194,4
DA:195,2
DA:197,3
DA:198,0
DA:199,0
DA:200,0
DA:205,3
DA:206,4
DA:207,3
DA:209,4
DA:210,0
DA:211,0
DA:212,0
DA:218,1
DA:219,1
DA:221,1
DA:224,2
DA:225,2
DA:226,3
DA:231,2
DA:232,0
DA:236,2
DA:237,0
DA:240,1
DA:241,1
DA:243,1
DA:248,1
DA:249,1
DA:252,2
DA:266,1
DA:271,1
DA:273,1
DA:274,2
DA:275,2
DA:276,3
DA:277,1
DA:287,1
DA:288,2
DA:291,1
DA:294,2
DA:297,1
DA:298,1
DA:303,1
DA:306,1
DA:307,1
DA:308,1
DA:309,1
DA:310,1
DA:314,1
DA:327,3
DA:346,3
DA:361,1
DA:378,1
DA:379,1
DA:380,1
DA:381,1
DA:382,1
DA:383,1
DA:384,1
DA:385,1
DA:386,4
DA:387,0
DA:389,1
DA:390,1
DA:391,1
DA:392,1
DA:396,1
DA:397,1
DA:398,1
DA:399,1
DA:400,1
DA:401,1
DA:402,1
DA:403,2
DA:404,1
DA:405,1
DA:406,1
DA:407,1
DA:411,1
DA:423,1
DA:424,1
DA:425,1
DA:426,0
DA:427,1
DA:428,1
DA:429,1
DA:430,1
DA:431,0
DA:432,1
DA:433,1
DA:447,1
DA:456,1
DA:458,2
DA:459,2
DA:462,1
DA:463,1
DA:464,1
DA:465,4
DA:466,0
DA:468,1
DA:469,2
DA:470,1
DA:471,1
DA:472,1
DA:476,1
DA:477,1
DA:478,2
DA:479,1
DA:480,2
DA:481,1
DA:482,1
DA:483,1
DA:496,3
DA:504,1
DA:514,1
DA:515,1
DA:516,1
DA:517,1
DA:518,1
DA:519,1
DA:520,1
DA:524,1
DA:525,1
DA:526,1
DA:527,1
DA:528,1
DA:529,1
DA:530,1
DA:534,0
DA:541,0
DA:542,0
DA:543,0
DA:544,0
DA:545,0
DA:546,0
DA:560,1
DA:569,1
DA:570,1
DA:571,1
DA:572,4
DA:573,0
DA:575,1
DA:576,4
DA:577,0
DA:579,1
DA:580,3
DA:581,3
DA:582,0
DA:584,1
DA:585,2
DA:586,1
DA:587,1
DA:591,1
DA:592,1
DA:593,2
DA:594,2
DA:595,5
DA:596,2
DA:597,1
DA:598,1
DA:609,1
DA:653,0
DA:654,0
DA:657,0
DA:658,0
DA:661,0
DA:662,0
DA:669,0
DA:670,0
DA:673,0
DA:675,0
DA:676,0
DA:678,0
DA:682,0
DA:683,0
DA:684,0
DA:687,0
DA:688,0
DA:696,0
DA:697,0
DA:700,0
DA:702,0
DA:703,0
DA:705,0
DA:709,0
DA:710,0
DA:711,0
DA:714,0
DA:715,0
LF:278
LH:228
end_of_record
