SF:lib\core\accessibility\color_contrast_validator.dart
DA:7,1
DA:8,1
DA:9,1
DA:11,1
DA:12,1
DA:14,3
DA:18,1
DA:19,5
DA:20,5
DA:21,4
DA:23,5
DA:27,1
DA:28,1
DA:29,1
DA:31,4
DA:36,1
DA:37,1
DA:38,2
DA:42,1
DA:43,1
DA:44,1
DA:48,1
DA:49,1
DA:52,0
DA:53,0
DA:54,0
DA:57,1
DA:58,1
DA:64,1
DA:69,1
DA:71,1
DA:76,1
DA:77,1
DA:80,2
DA:82,1
DA:87,1
DA:88,2
DA:89,1
DA:91,1
DA:96,1
DA:97,1
DA:99,0
DA:100,0
DA:103,1
DA:107,1
DA:108,1
DA:110,1
DA:114,1
DA:115,1
DA:116,1
DA:119,2
DA:124,1
DA:128,1
DA:129,1
DA:132,3
DA:133,2
DA:134,1
DA:135,1
DA:143,3
DA:144,2
DA:145,1
DA:146,1
DA:154,3
DA:155,2
DA:156,1
DA:157,1
DA:165,3
DA:166,2
DA:167,1
DA:168,1
DA:176,3
DA:177,2
DA:178,1
DA:179,1
DA:190,1
DA:195,1
DA:200,1
DA:202,1
DA:203,1
DA:207,2
DA:208,1
DA:209,1
DA:213,2
DA:214,1
DA:215,1
DA:219,2
DA:220,1
DA:221,2
DA:222,1
DA:223,2
DA:224,1
DA:225,1
DA:226,1
DA:229,1
DA:230,1
DA:231,1
DA:232,1
DA:233,2
DA:234,1
DA:235,1
DA:236,1
DA:240,1
DA:241,2
DA:242,1
DA:243,2
DA:244,1
DA:245,1
DA:249,2
DA:250,1
DA:251,2
DA:252,1
DA:253,2
DA:254,1
DA:259,1
DA:260,1
DA:262,5
DA:263,5
DA:264,5
DA:267,1
DA:269,1
DA:271,1
DA:273,1
DA:279,1
DA:282,1
DA:324,1
DA:335,1
DA:336,4
DA:340,0
DA:341,0
DA:342,0
DA:343,0
DA:348,0
DA:350,0
DA:363,1
DA:373,5
DA:376,4
DA:379,1
DA:380,1
DA:381,1
DA:383,1
DA:385,1
DA:387,1
DA:389,1
DA:394,0
DA:396,0
DA:407,0
DA:415,0
DA:417,0
DA:418,0
DA:419,0
DA:421,0
DA:422,0
DA:424,0
DA:427,0
DA:428,0
DA:429,0
DA:430,0
DA:431,0
DA:432,0
DA:433,0
DA:437,0
DA:438,0
DA:441,0
DA:442,0
LF:164
LH:132
end_of_record
SF:lib\core\providers\navigation_provider.dart
DA:11,1
DA:18,3
DA:19,1
DA:21,1
DA:24,1
DA:26,1
DA:29,1
DA:31,1
DA:34,1
DA:36,1
DA:42,3
DA:44,1
DA:48,3
DA:50,1
DA:54,3
DA:56,1
DA:60,3
DA:62,1
DA:67,3
DA:70,1
DA:71,4
DA:72,1
DA:74,2
DA:78,1
DA:79,2
DA:80,3
DA:81,2
DA:84,1
DA:87,1
DA:88,3
DA:89,3
DA:90,3
DA:92,0
DA:93,0
DA:94,0
DA:95,0
DA:104,1
DA:108,1
DA:110,1
DA:115,1
DA:116,0
DA:117,0
DA:118,0
DA:121,1
DA:124,1
DA:125,3
DA:126,3
DA:127,3
DA:129,0
DA:130,0
DA:135,3
DA:138,0
DA:140,0
DA:141,0
DA:142,0
DA:149,0
DA:150,0
DA:152,0
DA:157,0
DA:158,0
DA:159,0
DA:161,0
DA:166,0
DA:167,0
DA:171,0
DA:172,0
DA:173,0
DA:181,4
DA:182,1
DA:186,0
DA:187,0
DA:188,0
DA:192,4
DA:193,2
DA:195,5
DA:199,0
DA:200,0
DA:201,0
LF:78
LH:47
end_of_record
SF:lib\presentation\providers\initialization_providers.dart
DA:11,3
DA:12,0
DA:13,0
DA:14,0
DA:15,0
DA:16,0
DA:17,0
DA:20,0
DA:22,0
DA:31,0
DA:37,0
DA:40,0
DA:44,0
DA:47,0
DA:52,0
DA:53,0
DA:56,0
DA:57,0
DA:65,0
DA:70,0
DA:71,0
DA:72,0
DA:73,0
DA:74,0
DA:78,0
LF:25
LH:1
end_of_record
SF:lib\core\cache\task_cache_manager.dart
DA:17,1
DA:18,2
DA:19,1
DA:20,3
DA:21,1
DA:26,0
DA:27,0
DA:34,1
DA:35,1
DA:36,4
DA:37,4
DA:41,0
DA:42,0
DA:43,0
DA:47,2
DA:48,4
DA:49,0
DA:50,0
DA:51,0
DA:56,0
DA:57,0
DA:64,0
DA:65,0
DA:66,0
DA:67,0
DA:71,2
DA:72,2
DA:73,2
DA:74,6
DA:75,6
DA:76,6
DA:77,6
DA:78,6
DA:79,6
DA:80,6
DA:81,6
DA:82,8
DA:83,6
DA:85,2
DA:86,0
DA:89,2
DA:93,1
DA:95,3
DA:96,3
DA:99,1
DA:100,2
DA:102,0
DA:103,0
DA:104,0
DA:105,0
DA:106,0
DA:107,0
DA:108,0
DA:112,1
DA:113,0
DA:114,0
DA:119,0
DA:120,0
DA:121,0
DA:122,0
DA:126,0
DA:127,0
DA:130,0
DA:131,0
DA:132,0
DA:133,0
DA:137,0
DA:138,0
DA:139,0
DA:140,0
DA:144,0
DA:145,0
DA:146,0
DA:147,0
DA:151,0
DA:152,0
DA:153,0
DA:154,0
DA:158,0
DA:159,0
DA:160,0
DA:161,0
DA:167,0
DA:168,0
DA:169,0
DA:174,1
DA:175,5
DA:176,1
DA:181,0
DA:182,0
DA:183,0
DA:184,0
DA:189,0
DA:190,0
DA:191,0
DA:197,0
DA:198,0
DA:199,0
DA:200,0
DA:201,0
DA:212,2
DA:214,5
DA:224,0
DA:231,0
DA:232,0
LF:105
LH:37
end_of_record
SF:lib\domain\entities\task_model.dart
DA:74,19
DA:97,19
DA:111,19
DA:112,19
DA:115,19
DA:130,2
DA:133,2
DA:136,11
DA:157,11
DA:158,10
DA:159,11
DA:160,11
DA:161,11
DA:162,11
DA:163,10
DA:164,11
DA:165,8
DA:166,7
DA:167,11
DA:168,11
DA:169,11
DA:170,11
DA:171,11
DA:172,11
DA:173,10
DA:174,11
DA:175,11
DA:176,11
DA:181,2
DA:182,2
DA:184,2
DA:185,2
DA:190,2
DA:191,2
DA:193,2
DA:198,2
DA:199,2
DA:201,2
DA:206,2
DA:207,2
DA:208,2
DA:209,2
DA:210,2
DA:211,2
DA:212,2
DA:213,2
DA:215,2
DA:217,2
DA:218,2
DA:219,2
DA:220,2
DA:221,2
DA:222,2
DA:223,2
DA:224,2
DA:225,2
DA:226,2
DA:231,2
DA:232,4
DA:234,2
DA:235,6
DA:236,2
DA:241,2
DA:242,4
DA:244,6
DA:245,2
DA:247,2
DA:252,2
DA:253,2
DA:254,6
DA:255,2
DA:260,2
DA:261,12
DA:262,4
DA:264,4
DA:265,2
DA:267,2
DA:269,2
DA:274,2
DA:275,12
DA:276,8
DA:278,2
DA:280,2
DA:285,2
DA:286,8
DA:288,2
DA:289,6
DA:290,2
DA:295,2
DA:296,4
DA:298,6
DA:299,2
DA:301,2
DA:306,2
DA:307,2
DA:308,2
DA:309,2
DA:314,2
DA:315,4
DA:316,2
DA:318,2
DA:320,2
DA:325,2
DA:326,10
DA:331,6
DA:336,6
DA:341,3
DA:342,4
DA:348,4
DA:353,6
DA:361,2
DA:362,2
DA:363,2
DA:364,8
DA:365,14
DA:366,2
DA:370,4
DA:371,10
DA:372,9
DA:376,2
DA:377,6
DA:378,2
DA:379,2
DA:380,8
DA:384,6
DA:387,9
DA:390,2
DA:391,4
DA:392,10
DA:393,6
DA:397,2
DA:398,4
DA:399,8
DA:403,14
DA:406,8
DA:409,6
DA:412,8
DA:415,2
DA:416,2
DA:417,2
DA:418,6
DA:425,1
DA:427,3
DA:431,2
DA:433,2
DA:434,1
DA:440,1
DA:441,1
DA:442,1
DA:444,1
DA:445,1
DA:446,1
DA:447,1
DA:448,1
DA:449,1
DA:450,1
DA:451,1
DA:452,4
DA:453,2
DA:454,3
DA:457,1
DA:462,3
DA:465,3
DA:468,1
DA:469,2
DA:472,0
DA:473,0
DA:474,1
DA:475,1
DA:476,1
DA:477,1
DA:478,1
DA:479,1
DA:480,1
DA:481,1
DA:482,1
DA:483,1
DA:484,1
DA:485,1
DA:486,1
DA:487,1
DA:488,1
DA:489,1
DA:490,1
DA:491,1
DA:492,1
DA:493,1
DA:494,1
DA:496,1
DA:498,4
DA:499,2
DA:500,4
LF:192
LH:190
end_of_record
SF:lib\domain\entities\task_model.g.dart
DA:9,2
DA:10,1
DA:11,1
DA:12,1
DA:13,2
DA:14,1
DA:16,0
DA:17,1
DA:19,0
DA:20,1
DA:22,0
DA:23,2
DA:25,2
DA:28,3
DA:30,1
DA:31,1
DA:32,1
DA:34,1
DA:35,1
DA:37,0
DA:38,0
DA:39,1
DA:40,1
DA:41,1
DA:42,1
DA:44,1
DA:45,1
DA:46,1
DA:47,1
DA:50,2
DA:51,1
DA:52,1
DA:53,1
DA:54,2
DA:55,1
DA:56,1
DA:57,1
DA:58,2
DA:59,2
DA:60,1
DA:61,1
DA:62,1
DA:63,1
DA:64,1
DA:65,1
DA:66,1
DA:67,1
DA:68,1
DA:69,1
LF:49
LH:44
end_of_record
SF:lib\domain\models\enums.dart
DA:12,4
DA:14,4
DA:16,4
DA:18,4
DA:20,3
DA:26,1
DA:28,1
DA:30,1
DA:32,1
DA:34,1
DA:40,2
DA:43,3
DA:45,3
DA:47,3
DA:49,3
DA:51,3
DA:57,3
DA:58,6
DA:70,3
DA:72,3
DA:74,2
DA:76,2
DA:78,2
DA:84,1
DA:85,2
DA:89,0
DA:90,0
DA:94,6
DA:95,6
DA:99,1
DA:100,1
DA:104,0
DA:105,0
DA:109,2
DA:110,2
DA:114,0
DA:116,0
DA:118,0
DA:120,0
DA:122,0
DA:138,2
DA:140,2
DA:142,2
DA:144,2
DA:146,2
DA:148,2
DA:150,2
DA:169,0
DA:171,0
DA:173,0
DA:175,0
DA:177,0
DA:179,0
DA:181,0
DA:183,0
DA:185,0
DA:187,0
DA:202,0
DA:204,0
DA:206,0
DA:208,0
DA:210,0
DA:212,0
DA:218,0
DA:220,0
DA:222,0
DA:223,0
DA:225,0
DA:226,0
DA:241,0
DA:243,0
DA:245,0
DA:247,0
DA:249,0
DA:251,0
DA:265,0
DA:267,0
DA:269,0
DA:271,0
DA:273,0
DA:279,0
DA:281,0
DA:283,0
DA:285,0
DA:287,0
DA:301,0
DA:303,0
DA:305,0
DA:307,0
DA:309,0
DA:323,0
DA:325,0
DA:327,0
DA:329,0
DA:331,0
DA:346,0
DA:361,0
DA:376,0
DA:378,0
DA:380,0
DA:382,0
DA:384,0
DA:413,0
DA:442,3
DA:457,0
DA:470,0
DA:471,0
DA:472,0
DA:473,0
DA:474,0
DA:475,0
DA:476,0
DA:477,0
DA:478,0
DA:479,0
DA:480,0
DA:481,0
DA:486,2
DA:487,2
DA:488,2
DA:489,2
DA:490,2
DA:491,2
DA:492,2
DA:493,2
DA:494,2
DA:495,2
DA:509,0
DA:511,0
DA:513,0
DA:515,0
DA:517,0
DA:519,0
DA:521,0
DA:535,0
DA:537,0
DA:539,0
DA:541,0
DA:543,0
DA:549,0
DA:551,0
DA:552,0
DA:553,0
DA:554,0
DA:555,0
DA:556,0
DA:557,0
DA:558,0
DA:579,0
DA:581,0
DA:583,0
DA:585,0
DA:587,0
DA:589,0
DA:591,0
DA:600,0
LF:156
LH:49
end_of_record
SF:lib\core\providers\core_providers.dart
DA:23,108
DA:25,27
DA:27,27
DA:30,54
DA:31,27
DA:41,60
DA:42,30
DA:43,15
DA:50,0
DA:51,0
DA:52,0
DA:58,24
DA:59,12
DA:60,6
DA:66,0
DA:67,0
DA:68,0
DA:74,0
DA:75,0
DA:76,0
DA:82,0
DA:83,0
DA:84,0
LF:23
LH:11
end_of_record
SF:lib\domain\repositories\project_repository.dart
DA:60,0
DA:69,0
DA:70,0
DA:71,0
DA:75,0
DA:78,0
DA:92,0
DA:104,0
DA:114,0
DA:115,0
DA:116,0
DA:117,0
DA:118,0
DA:119,0
DA:120,0
DA:121,0
DA:122,0
DA:127,0
DA:128,0
DA:129,0
DA:130,0
DA:131,0
DA:132,0
DA:133,0
DA:148,0
DA:150,0
DA:152,0
DA:154,0
DA:156,0
DA:158,0
LF:30
LH:0
end_of_record
SF:lib\domain\repositories\tag_repository.dart
DA:66,0
DA:70,0
DA:73,0
DA:74,0
DA:75,0
DA:77,0
DA:78,0
DA:79,0
DA:81,0
DA:94,0
DA:104,0
DA:112,0
DA:113,0
DA:114,0
DA:115,0
DA:116,0
DA:117,0
DA:118,0
DA:123,0
DA:124,0
DA:125,0
DA:126,0
DA:127,0
DA:140,0
DA:142,0
DA:144,0
DA:146,0
LF:27
LH:0
end_of_record
SF:lib\domain\repositories\task_template_repository.dart
DA:62,0
DA:73,0
DA:82,0
DA:83,0
DA:84,0
DA:85,0
DA:86,0
DA:87,0
DA:88,0
DA:89,0
DA:94,0
DA:95,0
DA:96,0
DA:97,0
DA:98,0
DA:99,0
DA:114,0
DA:116,0
DA:118,0
DA:120,0
DA:122,0
DA:124,0
LF:22
LH:0
end_of_record
SF:lib\data\repositories\task_repository_impl.dart
DA:13,17
DA:14,4
DA:16,12
DA:18,1
DA:20,3
DA:22,1
DA:24,3
DA:26,1
DA:28,3
DA:31,1
DA:33,3
DA:36,1
DA:38,3
DA:40,0
DA:42,0
DA:44,1
DA:46,3
DA:48,1
DA:50,3
DA:52,1
DA:54,3
DA:56,1
DA:58,3
DA:60,3
DA:62,9
DA:64,1
DA:66,3
DA:70,1
DA:73,3
DA:75,6
DA:77,18
DA:79,3
DA:81,9
DA:83,0
DA:85,0
DA:86,0
DA:90,1
DA:92,3
DA:95,0
DA:97,0
DA:102,1
DA:104,3
DA:107,1
DA:109,3
DA:112,1
DA:114,3
DA:117,1
DA:119,3
LF:48
LH:41
end_of_record
SF:lib\data\repositories\cached_task_repository_impl.dart
DA:16,16
DA:17,16
DA:18,16
DA:20,3
DA:22,6
DA:25,1
DA:28,2
DA:34,2
DA:36,2
DA:41,1
DA:43,2
DA:44,2
DA:46,2
DA:49,1
DA:51,2
DA:52,2
DA:53,2
DA:56,1
DA:58,2
DA:60,2
DA:61,2
DA:66,1
DA:69,1
DA:70,2
DA:73,2
DA:77,0
DA:79,0
DA:80,0
DA:83,0
DA:89,0
DA:90,0
DA:94,0
DA:96,0
DA:97,0
DA:100,0
DA:106,0
DA:107,0
DA:111,0
DA:113,0
DA:114,0
DA:115,0
DA:116,0
DA:118,0
DA:121,0
DA:127,0
DA:128,0
DA:132,0
DA:135,0
DA:138,0
DA:144,0
DA:145,0
DA:149,0
DA:151,0
DA:155,0
DA:158,0
DA:164,0
DA:165,0
DA:169,2
DA:171,2
DA:172,2
DA:175,4
DA:181,4
DA:182,0
DA:186,0
DA:188,0
DA:189,0
DA:192,0
DA:198,0
DA:199,0
DA:203,0
DA:205,0
DA:208,0
DA:214,0
DA:215,0
DA:219,5
DA:221,10
DA:224,2
DA:226,4
DA:229,0
DA:231,0
DA:234,0
DA:237,0
DA:238,0
DA:240,0
DA:241,0
DA:243,0
DA:245,0
DA:250,0
DA:251,0
DA:254,0
DA:255,0
DA:258,0
DA:264,0
DA:266,0
DA:270,0
DA:273,0
DA:274,0
DA:277,0
DA:278,0
DA:282,0
DA:284,0
DA:287,0
DA:288,0
DA:291,0
DA:294,0
DA:296,0
DA:299,0
DA:300,0
DA:302,0
DA:305,0
DA:307,0
DA:310,0
DA:311,0
DA:313,0
DA:317,0
DA:318,0
DA:322,0
DA:323,0
LF:118
LH:34
end_of_record
SF:lib\data\repositories\project_repository_impl.dart
DA:13,6
DA:14,4
DA:16,12
DA:18,2
DA:20,6
DA:22,0
DA:24,0
DA:26,0
DA:28,0
DA:30,0
DA:32,0
DA:34,0
DA:36,0
DA:38,0
DA:40,0
DA:42,0
DA:44,0
DA:46,0
DA:48,0
DA:49,0
DA:51,0
DA:52,0
DA:54,0
DA:55,0
DA:56,0
DA:57,0
DA:59,0
DA:70,0
DA:72,0
DA:74,0
DA:77,0
DA:80,0
DA:81,0
DA:84,0
DA:85,0
DA:86,0
DA:87,0
DA:90,0
DA:91,0
DA:92,0
DA:93,0
DA:96,0
DA:97,0
DA:98,0
DA:99,0
DA:102,0
DA:103,0
DA:104,0
DA:105,0
DA:108,0
DA:109,0
DA:110,0
DA:111,0
DA:112,0
DA:113,0
DA:117,0
DA:120,0
DA:121,0
DA:122,0
DA:124,0
DA:125,0
DA:126,0
DA:127,0
DA:129,0
DA:130,0
DA:132,0
DA:133,0
DA:135,0
DA:137,0
DA:138,0
DA:140,0
DA:143,0
DA:144,0
DA:148,0
DA:153,0
DA:155,0
DA:157,0
DA:159,0
DA:161,0
DA:163,0
DA:165,0
LF:81
LH:5
end_of_record
SF:lib\data\repositories\tag_repository_impl.dart
DA:13,1
DA:14,0
DA:16,0
DA:17,0
DA:19,0
DA:21,0
DA:22,0
DA:24,0
DA:26,0
DA:27,0
DA:29,0
DA:31,0
DA:32,0
DA:34,0
DA:36,0
DA:37,0
DA:39,0
DA:41,0
DA:43,0
DA:45,0
DA:46,0
DA:48,0
DA:50,0
DA:51,0
DA:52,0
DA:53,0
DA:54,0
DA:56,0
DA:58,0
DA:60,0
DA:61,0
DA:62,0
DA:63,0
DA:64,0
DA:66,0
DA:68,0
DA:70,0
DA:71,0
DA:73,0
DA:75,0
DA:76,0
DA:78,0
DA:81,0
DA:84,0
DA:85,0
DA:86,0
DA:87,0
DA:90,0
DA:91,0
DA:92,0
DA:93,0
DA:96,0
DA:97,0
DA:98,0
DA:99,0
DA:100,0
DA:101,0
DA:102,0
DA:103,0
DA:106,0
DA:107,0
DA:108,0
DA:109,0
DA:110,0
DA:114,0
DA:117,0
DA:118,0
DA:119,0
DA:121,0
DA:122,0
DA:124,0
DA:125,0
DA:129,0
DA:132,0
DA:134,0
DA:136,0
DA:138,0
DA:140,0
DA:142,0
DA:144,0
DA:145,0
DA:148,0
DA:150,0
DA:151,0
DA:154,0
DA:156,0
DA:158,0
DA:166,0
DA:167,0
DA:168,0
DA:169,0
DA:170,0
DA:171,0
DA:176,0
DA:177,0
DA:178,0
DA:179,0
DA:180,0
DA:181,0
LF:99
LH:1
end_of_record
SF:lib\data\repositories\task_template_repository_impl.dart
DA:9,0
DA:11,0
DA:14,0
DA:16,0
DA:20,0
DA:23,0
DA:25,0
DA:29,0
DA:32,0
DA:33,0
DA:35,0
DA:37,0
DA:41,0
DA:44,0
DA:45,0
DA:47,0
DA:49,0
DA:53,0
DA:56,0
DA:58,0
DA:62,0
DA:65,0
DA:67,0
DA:71,0
DA:74,0
DA:76,0
DA:80,0
DA:83,0
DA:85,0
DA:89,0
DA:92,0
DA:94,0
DA:98,0
DA:101,0
DA:103,0
DA:107,0
DA:110,0
DA:112,0
DA:116,0
DA:119,0
DA:121,0
DA:125,0
DA:128,0
DA:130,0
DA:134,0
DA:137,0
DA:139,0
LF:47
LH:0
end_of_record
SF:lib\data\datasources\local\task_template_local_datasource.dart
DA:9,0
DA:12,0
DA:14,0
DA:16,0
DA:21,0
DA:23,0
DA:25,0
DA:30,0
DA:32,0
DA:34,0
DA:39,0
DA:41,0
DA:43,0
DA:48,0
DA:50,0
DA:52,0
DA:57,0
DA:59,0
DA:61,0
DA:66,0
DA:68,0
DA:70,0
DA:75,0
DA:77,0
DA:79,0
DA:84,0
DA:86,0
DA:88,0
DA:93,0
DA:97,0
DA:98,0
DA:99,0
DA:100,0
DA:101,0
DA:102,0
DA:104,0
DA:107,0
DA:112,0
DA:114,0
DA:116,0
DA:121,0
DA:123,0
DA:125,0
DA:130,0
DA:132,0
DA:134,0
DA:139,0
DA:141,0
DA:143,0
LF:49
LH:0
end_of_record
SF:lib\services\database\database.g.dart
DA:10,6
DA:13,4
DA:14,2
DA:18,4
DA:19,2
DA:24,4
DA:25,2
DA:29,4
DA:30,2
DA:35,4
DA:36,2
DA:41,4
DA:42,2
DA:47,8
DA:48,4
DA:52,4
DA:57,4
DA:58,2
DA:60,2
DA:61,2
DA:62,2
DA:63,2
DA:64,2
DA:65,2
DA:66,2
DA:67,2
DA:68,2
DA:69,2
DA:71,6
DA:72,12
DA:73,6
DA:76,0
DA:79,0
DA:80,0
DA:81,0
DA:82,0
DA:84,0
DA:86,0
DA:87,0
DA:88,0
DA:90,0
DA:92,0
DA:93,0
DA:95,0
DA:96,0
DA:98,0
DA:99,0
DA:100,0
DA:102,0
DA:104,0
DA:105,0
DA:106,0
DA:108,0
DA:110,0
DA:111,0
DA:112,0
DA:114,0
DA:115,0
DA:117,0
DA:118,0
DA:120,0
DA:121,0
DA:122,0
DA:127,2
DA:128,2
DA:129,0
DA:131,0
DA:132,0
DA:133,0
DA:134,0
DA:135,0
DA:136,0
DA:137,0
DA:138,0
DA:139,0
DA:140,0
DA:141,0
DA:142,0
DA:143,0
DA:144,0
DA:145,0
DA:146,0
DA:147,0
DA:148,0
DA:152,0
DA:154,0
DA:167,0
DA:176,0
DA:178,0
DA:179,0
DA:180,0
DA:181,0
DA:182,0
DA:184,0
DA:185,0
DA:186,0
DA:187,0
DA:189,0
DA:190,0
DA:191,0
DA:196,0
DA:197,0
DA:198,0
DA:199,0
DA:200,0
DA:202,0
DA:203,0
DA:204,0
DA:205,0
DA:207,0
DA:208,0
DA:209,0
DA:211,0
DA:215,0
DA:217,0
DA:218,0
DA:219,0
DA:220,0
DA:221,0
DA:222,0
DA:223,0
DA:224,0
DA:225,0
DA:226,0
DA:229,0
DA:231,0
DA:232,0
DA:233,0
DA:234,0
DA:235,0
DA:236,0
DA:237,0
DA:238,0
DA:239,0
DA:240,0
DA:244,0
DA:253,0
DA:254,0
DA:255,0
DA:256,0
DA:257,0
DA:258,0
DA:259,0
DA:260,0
DA:261,0
DA:263,0
DA:264,0
DA:265,0
DA:266,0
DA:268,0
DA:269,0
DA:270,0
DA:271,0
DA:273,0
DA:274,0
DA:278,0
DA:280,0
DA:281,0
DA:282,0
DA:283,0
DA:284,0
DA:285,0
DA:286,0
DA:287,0
DA:288,0
DA:289,0
DA:290,0
DA:293,0
DA:294,0
DA:295,0
DA:296,0
DA:299,0
DA:300,0
DA:301,0
DA:302,0
DA:303,0
DA:304,0
DA:305,0
DA:306,0
DA:307,0
DA:320,0
DA:331,0
DA:341,0
DA:342,0
DA:343,0
DA:344,0
DA:345,0
DA:356,0
DA:357,0
DA:358,0
DA:359,0
DA:360,0
DA:361,0
DA:362,0
DA:363,0
DA:364,0
DA:365,0
DA:369,0
DA:379,0
DA:380,0
DA:381,0
DA:382,0
DA:383,0
DA:384,0
DA:385,0
DA:386,0
DA:387,0
DA:388,0
DA:392,0
DA:394,0
DA:395,0
DA:396,0
DA:398,0
DA:399,0
DA:401,0
DA:402,0
DA:404,0
DA:405,0
DA:407,0
DA:408,0
DA:410,0
DA:411,0
DA:413,0
DA:414,0
DA:416,0
DA:417,0
DA:419,0
DA:420,0
DA:425,0
DA:427,0
DA:428,0
DA:429,0
DA:430,0
DA:431,0
DA:432,0
DA:433,0
DA:434,0
DA:435,0
DA:436,0
DA:437,0
DA:438,0
DA:446,12
DA:449,4
DA:450,2
DA:454,4
DA:455,2
DA:460,4
DA:461,2
DA:466,4
DA:467,2
DA:472,4
DA:473,2
DA:478,4
DA:479,2
DA:484,4
DA:485,2
DA:490,4
DA:491,2
DA:495,8
DA:496,4
DA:501,4
DA:502,2
DA:507,8
DA:508,4
DA:513,4
DA:514,2
DA:519,4
DA:520,2
DA:524,2
DA:529,4
DA:530,2
DA:535,4
DA:536,2
DA:541,4
DA:542,2
DA:547,4
DA:548,2
DA:553,2
DA:554,4
DA:559,2
DA:560,4
DA:565,2
DA:566,4
DA:568,2
DA:569,2
DA:570,2
DA:571,2
DA:572,2
DA:573,2
DA:574,2
DA:575,2
DA:576,2
DA:577,2
DA:578,2
DA:579,2
DA:580,2
DA:581,2
DA:582,2
DA:583,2
DA:584,2
DA:585,2
DA:586,2
DA:587,2
DA:588,2
DA:589,2
DA:591,12
DA:592,24
DA:593,12
DA:596,2
DA:599,2
DA:600,2
DA:601,2
DA:602,8
DA:604,0
DA:606,2
DA:607,2
DA:608,6
DA:610,0
DA:612,2
DA:613,2
DA:615,4
DA:616,2
DA:618,2
DA:619,2
DA:620,6
DA:622,0
DA:624,2
DA:625,2
DA:626,6
DA:628,2
DA:629,2
DA:630,6
DA:632,2
DA:633,2
DA:635,4
DA:636,2
DA:638,2
DA:639,2
DA:640,6
DA:642,0
DA:644,2
DA:645,2
DA:646,6
DA:648,0
DA:650,2
DA:651,2
DA:653,4
DA:654,2
DA:656,2
DA:657,2
DA:658,6
DA:660,2
DA:661,2
DA:662,6
DA:664,0
DA:666,2
DA:667,2
DA:668,6
DA:670,2
DA:671,2
DA:673,4
DA:674,2
DA:676,2
DA:677,2
DA:679,4
DA:680,2
DA:682,2
DA:683,2
DA:685,4
DA:686,2
DA:688,2
DA:689,2
DA:691,4
DA:692,2
DA:694,2
DA:695,2
DA:697,4
DA:698,2
DA:700,2
DA:701,2
DA:703,4
DA:704,2
DA:706,2
DA:707,2
DA:709,4
DA:710,2
DA:716,2
DA:717,2
DA:718,2
DA:720,0
DA:721,2
DA:722,4
DA:723,6
DA:724,4
DA:725,6
DA:726,4
DA:727,6
DA:728,4
DA:729,6
DA:730,4
DA:731,6
DA:732,4
DA:733,6
DA:734,4
DA:735,6
DA:736,4
DA:737,6
DA:738,4
DA:739,6
DA:740,6
DA:741,4
DA:742,4
DA:743,6
DA:744,4
DA:745,6
DA:746,4
DA:747,6
DA:748,4
DA:749,6
DA:750,4
DA:751,6
DA:752,4
DA:753,6
DA:754,6
DA:755,4
DA:756,6
DA:758,4
DA:759,6
DA:760,4
DA:761,6
DA:763,4
DA:767,0
DA:769,0
DA:794,2
DA:815,0
DA:817,0
DA:818,0
DA:819,0
DA:820,0
DA:821,0
DA:823,0
DA:824,0
DA:825,0
DA:827,0
DA:828,0
DA:830,0
DA:831,0
DA:833,0
DA:834,0
DA:835,0
DA:836,0
DA:838,0
DA:839,0
DA:841,0
DA:842,0
DA:843,0
DA:844,0
DA:846,0
DA:847,0
DA:849,0
DA:850,0
DA:852,0
DA:853,0
DA:855,0
DA:856,0
DA:858,0
DA:859,0
DA:861,0
DA:862,0
DA:863,0
DA:868,0
DA:869,0
DA:870,0
DA:871,0
DA:872,0
DA:874,0
DA:875,0
DA:876,0
DA:878,0
DA:879,0
DA:881,0
DA:882,0
DA:884,0
DA:885,0
DA:886,0
DA:887,0
DA:889,0
DA:890,0
DA:892,0
DA:893,0
DA:894,0
DA:895,0
DA:897,0
DA:898,0
DA:900,0
DA:901,0
DA:903,0
DA:904,0
DA:906,0
DA:907,0
DA:909,0
DA:910,0
DA:912,0
DA:913,0
DA:915,0
DA:919,0
DA:921,0
DA:922,0
DA:923,0
DA:924,0
DA:925,0
DA:926,0
DA:927,0
DA:928,0
DA:929,0
DA:930,0
DA:931,0
DA:932,0
DA:933,0
DA:934,0
DA:935,0
DA:936,0
DA:937,0
DA:938,0
DA:939,0
DA:941,0
DA:943,0
DA:945,0
DA:948,0
DA:950,0
DA:951,0
DA:952,0
DA:953,0
DA:954,0
DA:955,0
DA:956,0
DA:957,0
DA:958,0
DA:959,0
DA:960,0
DA:961,0
DA:962,0
DA:963,0
DA:964,0
DA:965,0
DA:966,0
DA:967,0
DA:968,0
DA:969,0
DA:970,0
DA:972,0
DA:976,0
DA:997,0
DA:998,0
DA:999,0
DA:1000,0
DA:1001,0
DA:1002,0
DA:1003,0
DA:1004,0
DA:1005,0
DA:1006,0
DA:1007,0
DA:1008,0
DA:1009,0
DA:1010,0
DA:1011,0
DA:1012,0
DA:1013,0
DA:1014,0
DA:1015,0
DA:1017,0
DA:1019,0
DA:1020,0
DA:1021,0
DA:1022,0
DA:1023,0
DA:1024,0
DA:1025,0
DA:1026,0
DA:1027,0
DA:1028,0
DA:1029,0
DA:1030,0
DA:1031,0
DA:1033,0
DA:1034,0
DA:1035,0
DA:1036,0
DA:1038,0
DA:1039,0
DA:1040,0
DA:1041,0
DA:1043,0
DA:1044,0
DA:1045,0
DA:1046,0
DA:1047,0
DA:1048,0
DA:1049,0
DA:1050,0
DA:1051,0
DA:1052,0
DA:1053,0
DA:1054,0
DA:1055,0
DA:1056,0
DA:1057,0
DA:1058,0
DA:1059,0
DA:1060,0
DA:1061,0
DA:1062,0
DA:1063,0
DA:1064,0
DA:1065,0
DA:1066,0
DA:1067,0
DA:1068,0
DA:1069,0
DA:1070,0
DA:1071,0
DA:1072,0
DA:1076,0
DA:1078,0
DA:1079,0
DA:1080,0
DA:1081,0
DA:1082,0
DA:1083,0
DA:1084,0
DA:1085,0
DA:1086,0
DA:1087,0
DA:1088,0
DA:1089,0
DA:1090,0
DA:1091,0
DA:1092,0
DA:1093,0
DA:1094,0
DA:1095,0
DA:1096,0
DA:1097,0
DA:1098,0
DA:1099,0
DA:1100,0
DA:1103,0
DA:1104,0
DA:1105,0
DA:1106,0
DA:1107,0
DA:1108,0
DA:1109,0
DA:1110,0
DA:1111,0
DA:1112,0
DA:1113,0
DA:1114,0
DA:1115,0
DA:1116,0
DA:1117,0
DA:1118,0
DA:1119,0
DA:1120,0
DA:1121,0
DA:1122,0
DA:1123,0
DA:1124,0
DA:1125,0
DA:1128,0
DA:1129,0
DA:1130,0
DA:1131,0
DA:1132,0
DA:1133,0
DA:1134,0
DA:1135,0
DA:1136,0
DA:1137,0
DA:1138,0
DA:1139,0
DA:1140,0
DA:1141,0
DA:1142,0
DA:1143,0
DA:1144,0
DA:1145,0
DA:1146,0
DA:1147,0
DA:1148,0
DA:1173,3
DA:1196,2
DA:1218,2
DA:1219,2
DA:1220,2
DA:1221,2
DA:1222,2
DA:1223,2
DA:1224,0
DA:1247,0
DA:1248,0
DA:1249,0
DA:1250,0
DA:1251,0
DA:1252,0
DA:1253,0
DA:1254,0
DA:1255,0
DA:1256,0
DA:1257,0
DA:1258,0
DA:1259,0
DA:1260,0
DA:1261,0
DA:1262,0
DA:1263,0
DA:1264,0
DA:1266,0
DA:1267,0
DA:1269,0
DA:1270,0
DA:1274,2
DA:1296,2
DA:1297,2
DA:1298,2
DA:1299,2
DA:1300,2
DA:1301,2
DA:1302,2
DA:1303,0
DA:1304,2
DA:1305,2
DA:1306,2
DA:1307,2
DA:1308,2
DA:1309,2
DA:1310,2
DA:1311,2
DA:1312,2
DA:1313,2
DA:1314,2
DA:1315,2
DA:1317,2
DA:1318,2
DA:1322,2
DA:1324,2
DA:1325,4
DA:1326,8
DA:1328,4
DA:1329,8
DA:1331,4
DA:1332,8
DA:1334,4
DA:1335,8
DA:1337,4
DA:1338,8
DA:1340,4
DA:1341,8
DA:1343,4
DA:1344,8
DA:1346,4
DA:1347,8
DA:1349,4
DA:1350,8
DA:1352,4
DA:1353,8
DA:1355,4
DA:1356,8
DA:1358,4
DA:1359,8
DA:1361,4
DA:1362,8
DA:1364,4
DA:1365,8
DA:1367,4
DA:1368,8
DA:1370,4
DA:1371,8
DA:1373,4
DA:1374,8
DA:1376,4
DA:1377,2
DA:1378,6
DA:1380,4
DA:1381,8
DA:1383,4
DA:1384,2
DA:1385,6
DA:1387,4
DA:1388,0
DA:1393,0
DA:1395,0
DA:1396,0
DA:1397,0
DA:1398,0
DA:1399,0
DA:1400,0
DA:1401,0
DA:1402,0
DA:1403,0
DA:1404,0
DA:1405,0
DA:1406,0
DA:1407,0
DA:1408,0
DA:1409,0
DA:1410,0
DA:1411,0
DA:1412,0
DA:1413,0
DA:1414,0
DA:1415,0
DA:1416,0
DA:1417,0
DA:1418,0
DA:1426,4
DA:1429,4
DA:1430,2
DA:1434,8
DA:1435,4
DA:1439,4
DA:1440,2
DA:1445,4
DA:1446,2
DA:1449,2
DA:1455,4
DA:1456,2
DA:1461,8
DA:1462,4
DA:1469,4
DA:1470,2
DA:1472,2
DA:1474,16
DA:1475,4
DA:1476,8
DA:1477,4
DA:1480,0
DA:1483,0
DA:1484,0
DA:1485,0
DA:1486,0
DA:1488,0
DA:1490,0
DA:1491,0
DA:1492,0
DA:1494,0
DA:1496,0
DA:1497,0
DA:1498,0
DA:1500,0
DA:1502,0
DA:1503,0
DA:1505,0
DA:1506,0
DA:1508,0
DA:1509,0
DA:1511,0
DA:1512,0
DA:1514,0
DA:1515,0
DA:1516,0
DA:1518,0
DA:1519,0
DA:1520,0
DA:1522,0
DA:1527,2
DA:1528,2
DA:1529,0
DA:1531,0
DA:1532,0
DA:1533,0
DA:1534,0
DA:1535,0
DA:1536,0
DA:1537,0
DA:1538,0
DA:1539,0
DA:1540,0
DA:1541,0
DA:1542,0
DA:1543,0
DA:1544,0
DA:1545,0
DA:1546,0
DA:1550,0
DA:1552,0
DA:1564,0
DA:1572,0
DA:1574,0
DA:1575,0
DA:1576,0
DA:1577,0
DA:1578,0
DA:1579,0
DA:1580,0
DA:1582,0
DA:1583,0
DA:1587,0
DA:1588,0
DA:1589,0
DA:1590,0
DA:1591,0
DA:1592,0
DA:1593,0
DA:1595,0
DA:1596,0
DA:1597,0
DA:1601,0
DA:1603,0
DA:1604,0
DA:1605,0
DA:1606,0
DA:1607,0
DA:1608,0
DA:1609,0
DA:1610,0
DA:1611,0
DA:1614,0
DA:1616,0
DA:1617,0
DA:1618,0
DA:1619,0
DA:1620,0
DA:1621,0
DA:1622,0
DA:1623,0
DA:1624,0
DA:1628,0
DA:1636,0
DA:1637,0
DA:1638,0
DA:1639,0
DA:1640,0
DA:1641,0
DA:1642,0
DA:1643,0
DA:1645,0
DA:1646,0
DA:1647,0
DA:1648,0
DA:1649,0
DA:1651,0
DA:1653,0
DA:1654,0
DA:1655,0
DA:1659,0
DA:1661,0
DA:1662,0
DA:1663,0
DA:1664,0
DA:1665,0
DA:1666,0
DA:1667,0
DA:1668,0
DA:1669,0
DA:1670,0
DA:1673,0
DA:1674,0
DA:1675,0
DA:1676,0
DA:1679,0
DA:1680,0
DA:1681,0
DA:1682,0
DA:1683,0
DA:1684,0
DA:1685,0
DA:1686,0
DA:1698,1
DA:1708,0
DA:1717,0
DA:1718,0
DA:1719,0
DA:1720,0
DA:1721,0
DA:1731,0
DA:1732,0
DA:1733,0
DA:1734,0
DA:1735,0
DA:1736,0
DA:1737,0
DA:1738,0
DA:1739,0
DA:1743,0
DA:1752,0
DA:1753,0
DA:1754,0
DA:1755,0
DA:1756,0
DA:1757,0
DA:1758,0
DA:1759,0
DA:1760,0
DA:1764,0
DA:1766,0
DA:1767,0
DA:1768,0
DA:1770,0
DA:1771,0
DA:1773,0
DA:1774,0
DA:1776,0
DA:1777,0
DA:1779,0
DA:1780,0
DA:1782,0
DA:1783,0
DA:1785,0
DA:1786,0
DA:1788,0
DA:1789,0
DA:1794,0
DA:1796,0
DA:1797,0
DA:1798,0
DA:1799,0
DA:1800,0
DA:1801,0
DA:1802,0
DA:1803,0
DA:1804,0
DA:1805,0
DA:1806,0
DA:1814,2
DA:1817,4
DA:1818,2
DA:1822,4
DA:1823,2
DA:1826,2
DA:1829,4
DA:1830,2
DA:1835,4
DA:1836,2
DA:1838,2
DA:1839,10
DA:1840,2
DA:1841,4
DA:1842,2
DA:1845,0
DA:1848,0
DA:1849,0
DA:1850,0
DA:1851,0
DA:1853,0
DA:1855,0
DA:1856,0
DA:1857,0
DA:1859,0
DA:1861,0
DA:1862,0
DA:1863,0
DA:1865,0
DA:1866,0
DA:1867,0
DA:1869,0
DA:1874,2
DA:1875,2
DA:1876,0
DA:1878,0
DA:1879,0
DA:1880,0
DA:1881,0
DA:1882,0
DA:1883,0
DA:1884,0
DA:1885,0
DA:1886,0
DA:1887,0
DA:1891,0
DA:1893,0
DA:1902,0
DA:1907,0
DA:1909,0
DA:1910,0
DA:1911,0
DA:1912,0
DA:1913,0
DA:1915,0
DA:1919,0
DA:1920,0
DA:1921,0
DA:1922,0
DA:1924,0
DA:1925,0
DA:1929,0
DA:1931,0
DA:1932,0
DA:1933,0
DA:1934,0
DA:1935,0
DA:1936,0
DA:1939,0
DA:1941,0
DA:1942,0
DA:1943,0
DA:1944,0
DA:1945,0
DA:1946,0
DA:1950,0
DA:1955,0
DA:1956,0
DA:1957,0
DA:1958,0
DA:1959,0
DA:1961,0
DA:1962,0
DA:1963,0
DA:1964,0
DA:1965,0
DA:1966,0
DA:1970,0
DA:1972,0
DA:1973,0
DA:1974,0
DA:1975,0
DA:1976,0
DA:1977,0
DA:1978,0
DA:1981,0
DA:1982,0
DA:1983,0
DA:1986,0
DA:1987,0
DA:1988,0
DA:1989,0
DA:1990,0
DA:1999,0
DA:2006,0
DA:2012,0
DA:2013,0
DA:2014,0
DA:2015,0
DA:2022,0
DA:2023,0
DA:2024,0
DA:2025,0
DA:2026,0
DA:2027,0
DA:2031,0
DA:2037,0
DA:2038,0
DA:2039,0
DA:2040,0
DA:2041,0
DA:2042,0
DA:2046,0
DA:2048,0
DA:2049,0
DA:2050,0
DA:2052,0
DA:2053,0
DA:2055,0
DA:2056,0
DA:2058,0
DA:2059,0
DA:2061,0
DA:2062,0
DA:2067,0
DA:2069,0
DA:2070,0
DA:2071,0
DA:2072,0
DA:2073,0
DA:2074,0
DA:2075,0
DA:2076,0
DA:2084,2
DA:2087,4
DA:2088,2
DA:2092,4
DA:2093,2
DA:2095,2
DA:2096,6
DA:2097,2
DA:2098,4
DA:2099,2
DA:2102,0
DA:2105,0
DA:2106,0
DA:2107,0
DA:2108,0
DA:2109,0
DA:2111,0
DA:2113,0
DA:2114,0
DA:2115,0
DA:2117,0
DA:2122,2
DA:2123,4
DA:2124,0
DA:2126,0
DA:2127,0
DA:2128,0
DA:2129,0
DA:2130,0
DA:2131,0
DA:2135,0
DA:2137,0
DA:2144,0
DA:2145,0
DA:2147,0
DA:2148,0
DA:2149,0
DA:2153,0
DA:2154,0
DA:2155,0
DA:2156,0
DA:2160,0
DA:2162,0
DA:2163,0
DA:2164,0
DA:2165,0
DA:2168,0
DA:2170,0
DA:2171,0
DA:2172,0
DA:2173,0
DA:2177,0
DA:2178,0
DA:2179,0
DA:2181,0
DA:2182,0
DA:2183,0
DA:2184,0
DA:2188,0
DA:2190,0
DA:2191,0
DA:2192,0
DA:2193,0
DA:2194,0
DA:2197,0
DA:2198,0
DA:2199,0
DA:2202,0
DA:2203,0
DA:2204,0
DA:2211,0
DA:2216,0
DA:2220,0
DA:2221,0
DA:2222,0
DA:2227,0
DA:2228,0
DA:2229,0
DA:2230,0
DA:2234,0
DA:2236,0
DA:2237,0
DA:2238,0
DA:2239,0
DA:2243,0
DA:2245,0
DA:2246,0
DA:2247,0
DA:2249,0
DA:2250,0
DA:2252,0
DA:2253,0
DA:2258,0
DA:2260,0
DA:2261,0
DA:2262,0
DA:2263,0
DA:2264,0
DA:2265,0
DA:2274,2
DA:2278,4
DA:2279,2
DA:2284,2
DA:2285,4
DA:2287,2
DA:2288,6
DA:2289,2
DA:2290,4
DA:2291,2
DA:2294,0
DA:2297,0
DA:2298,0
DA:2299,0
DA:2300,0
DA:2302,0
DA:2303,0
DA:2305,0
DA:2307,0
DA:2308,0
DA:2310,0
DA:2311,0
DA:2313,0
DA:2318,2
DA:2319,4
DA:2320,0
DA:2322,0
DA:2323,0
DA:2324,0
DA:2325,0
DA:2326,0
DA:2327,0
DA:2331,0
DA:2333,0
DA:2340,0
DA:2342,0
DA:2344,0
DA:2345,0
DA:2346,0
DA:2350,0
DA:2351,0
DA:2352,0
DA:2353,0
DA:2357,0
DA:2359,0
DA:2360,0
DA:2361,0
DA:2363,0
DA:2366,0
DA:2368,0
DA:2369,0
DA:2370,0
DA:2371,0
DA:2375,0
DA:2377,0
DA:2378,0
DA:2379,0
DA:2381,0
DA:2382,0
DA:2383,0
DA:2384,0
DA:2385,0
DA:2386,0
DA:2387,0
DA:2388,0
DA:2392,0
DA:2394,0
DA:2395,0
DA:2396,0
DA:2397,0
DA:2398,0
DA:2401,0
DA:2402,0
DA:2403,0
DA:2406,0
DA:2407,0
DA:2408,0
DA:2415,0
DA:2420,0
DA:2424,0
DA:2425,0
DA:2426,0
DA:2431,0
DA:2432,0
DA:2434,0
DA:2435,0
DA:2439,0
DA:2443,0
DA:2444,0
DA:2445,0
DA:2446,0
DA:2450,0
DA:2452,0
DA:2453,0
DA:2454,0
DA:2456,0
DA:2457,0
DA:2459,0
DA:2460,0
DA:2465,0
DA:2467,0
DA:2468,0
DA:2469,0
DA:2470,0
DA:2471,0
DA:2472,0
DA:2481,2
DA:2484,4
DA:2485,2
DA:2489,4
DA:2490,2
DA:2495,4
DA:2496,2
DA:2501,4
DA:2502,2
DA:2507,2
DA:2508,4
DA:2513,4
DA:2514,2
DA:2518,4
DA:2519,2
DA:2524,4
DA:2525,2
DA:2530,4
DA:2531,2
DA:2536,4
DA:2537,2
DA:2542,4
DA:2543,2
DA:2548,4
DA:2549,2
DA:2554,4
DA:2555,2
DA:2560,4
DA:2561,2
DA:2566,4
DA:2567,2
DA:2574,4
DA:2575,2
DA:2579,2
DA:2584,4
DA:2585,2
DA:2590,4
DA:2591,2
DA:2596,4
DA:2597,2
DA:2602,2
DA:2603,4
DA:2608,2
DA:2609,4
DA:2614,2
DA:2615,4
DA:2617,2
DA:2618,2
DA:2619,2
DA:2620,2
DA:2621,2
DA:2622,2
DA:2623,2
DA:2624,2
DA:2625,2
DA:2626,2
DA:2627,2
DA:2628,2
DA:2629,2
DA:2630,2
DA:2631,2
DA:2632,2
DA:2633,2
DA:2634,2
DA:2635,2
DA:2636,2
DA:2637,2
DA:2638,2
DA:2639,2
DA:2640,2
DA:2642,2
DA:2643,4
DA:2644,2
DA:2647,0
DA:2650,0
DA:2651,0
DA:2652,0
DA:2653,0
DA:2655,0
DA:2657,0
DA:2658,0
DA:2659,0
DA:2661,0
DA:2663,0
DA:2664,0
DA:2666,0
DA:2667,0
DA:2669,0
DA:2670,0
DA:2672,0
DA:2673,0
DA:2675,0
DA:2677,0
DA:2678,0
DA:2680,0
DA:2681,0
DA:2683,0
DA:2684,0
DA:2685,0
DA:2687,0
DA:2689,0
DA:2690,0
DA:2691,0
DA:2693,0
DA:2695,0
DA:2696,0
DA:2698,0
DA:2699,0
DA:2701,0
DA:2703,0
DA:2704,0
DA:2706,0
DA:2707,0
DA:2709,0
DA:2710,0
DA:2711,0
DA:2713,0
DA:2714,0
DA:2716,0
DA:2717,0
DA:2719,0
DA:2720,0
DA:2721,0
DA:2723,0
DA:2725,0
DA:2726,0
DA:2727,0
DA:2729,0
DA:2731,0
DA:2732,0
DA:2733,0
DA:2735,0
DA:2736,0
DA:2738,0
DA:2739,0
DA:2741,0
DA:2742,0
DA:2744,0
DA:2745,0
DA:2747,0
DA:2748,0
DA:2749,0
DA:2751,0
DA:2752,0
DA:2754,0
DA:2755,0
DA:2757,0
DA:2758,0
DA:2760,0
DA:2761,0
DA:2763,0
DA:2764,0
DA:2766,0
DA:2767,0
DA:2769,0
DA:2770,0
DA:2772,0
DA:2773,0
DA:2775,0
DA:2776,0
DA:2778,0
DA:2779,0
DA:2785,2
DA:2786,2
DA:2787,0
DA:2789,0
DA:2790,0
DA:2791,0
DA:2792,0
DA:2793,0
DA:2794,0
DA:2795,0
DA:2796,0
DA:2797,0
DA:2798,0
DA:2799,0
DA:2800,0
DA:2801,0
DA:2802,0
DA:2803,0
DA:2804,0
DA:2805,0
DA:2806,0
DA:2807,0
DA:2808,0
DA:2809,0
DA:2810,0
DA:2811,0
DA:2812,0
DA:2813,0
DA:2814,0
DA:2815,0
DA:2816,0
DA:2817,0
DA:2818,0
DA:2819,0
DA:2820,0
DA:2821,0
DA:2822,0
DA:2823,0
DA:2824,0
DA:2825,0
DA:2826,0
DA:2827,0
DA:2828,0
DA:2829,0
DA:2831,0
DA:2832,0
DA:2833,0
DA:2834,0
DA:2836,0
DA:2840,0
DA:2842,0
DA:2869,0
DA:2892,0
DA:2894,0
DA:2895,0
DA:2896,0
DA:2897,0
DA:2898,0
DA:2900,0
DA:2901,0
DA:2902,0
DA:2904,0
DA:2905,0
DA:2906,0
DA:2907,0
DA:2908,0
DA:2910,0
DA:2911,0
DA:2913,0
DA:2914,0
DA:2916,0
DA:2917,0
DA:2918,0
DA:2919,0
DA:2921,0
DA:2922,0
DA:2923,0
DA:2924,0
DA:2926,0
DA:2927,0
DA:2929,0
DA:2930,0
DA:2932,0
DA:2933,0
DA:2935,0
DA:2936,0
DA:2938,0
DA:2939,0
DA:2940,0
DA:2945,0
DA:2946,0
DA:2947,0
DA:2948,0
DA:2949,0
DA:2951,0
DA:2952,0
DA:2953,0
DA:2955,0
DA:2956,0
DA:2957,0
DA:2958,0
DA:2959,0
DA:2961,0
DA:2962,0
DA:2964,0
DA:2965,0
DA:2967,0
DA:2968,0
DA:2969,0
DA:2970,0
DA:2972,0
DA:2973,0
DA:2974,0
DA:2975,0
DA:2977,0
DA:2978,0
DA:2980,0
DA:2981,0
DA:2983,0
DA:2984,0
DA:2986,0
DA:2987,0
DA:2989,0
DA:2990,0
DA:2992,0
DA:2996,0
DA:2998,0
DA:2999,0
DA:3000,0
DA:3001,0
DA:3002,0
DA:3003,0
DA:3005,0
DA:3006,0
DA:3007,0
DA:3008,0
DA:3009,0
DA:3010,0
DA:3011,0
DA:3012,0
DA:3013,0
DA:3014,0
DA:3015,0
DA:3016,0
DA:3017,0
DA:3018,0
DA:3019,0
DA:3021,0
DA:3023,0
DA:3025,0
DA:3028,0
DA:3030,0
DA:3031,0
DA:3032,0
DA:3033,0
DA:3034,0
DA:3035,0
DA:3036,0
DA:3037,0
DA:3038,0
DA:3039,0
DA:3040,0
DA:3041,0
DA:3042,0
DA:3043,0
DA:3044,0
DA:3045,0
DA:3046,0
DA:3047,0
DA:3048,0
DA:3049,0
DA:3050,0
DA:3051,0
DA:3052,0
DA:3054,0
DA:3058,0
DA:3081,0
DA:3082,0
DA:3083,0
DA:3084,0
DA:3085,0
DA:3086,0
DA:3087,0
DA:3088,0
DA:3089,0
DA:3090,0
DA:3091,0
DA:3092,0
DA:3093,0
DA:3094,0
DA:3095,0
DA:3096,0
DA:3097,0
DA:3098,0
DA:3099,0
DA:3100,0
DA:3101,0
DA:3102,0
DA:3103,0
DA:3104,0
DA:3106,0
DA:3107,0
DA:3108,0
DA:3109,0
DA:3110,0
DA:3111,0
DA:3112,0
DA:3113,0
DA:3114,0
DA:3115,0
DA:3116,0
DA:3117,0
DA:3118,0
DA:3120,0
DA:3121,0
DA:3122,0
DA:3123,0
DA:3125,0
DA:3126,0
DA:3127,0
DA:3128,0
DA:3129,0
DA:3130,0
DA:3131,0
DA:3132,0
DA:3133,0
DA:3134,0
DA:3135,0
DA:3136,0
DA:3137,0
DA:3138,0
DA:3139,0
DA:3140,0
DA:3141,0
DA:3142,0
DA:3143,0
DA:3144,0
DA:3145,0
DA:3146,0
DA:3148,0
DA:3150,0
DA:3151,0
DA:3152,0
DA:3153,0
DA:3154,0
DA:3155,0
DA:3156,0
DA:3157,0
DA:3158,0
DA:3159,0
DA:3160,0
DA:3161,0
DA:3162,0
DA:3163,0
DA:3164,0
DA:3165,0
DA:3166,0
DA:3170,0
DA:3172,0
DA:3173,0
DA:3174,0
DA:3175,0
DA:3176,0
DA:3177,0
DA:3178,0
DA:3179,0
DA:3180,0
DA:3181,0
DA:3182,0
DA:3183,0
DA:3184,0
DA:3185,0
DA:3186,0
DA:3187,0
DA:3188,0
DA:3189,0
DA:3190,0
DA:3191,0
DA:3192,0
DA:3193,0
DA:3194,0
DA:3195,0
DA:3196,0
DA:3199,0
DA:3200,0
DA:3201,0
DA:3202,0
DA:3203,0
DA:3204,0
DA:3205,0
DA:3206,0
DA:3207,0
DA:3208,0
DA:3209,0
DA:3210,0
DA:3211,0
DA:3212,0
DA:3213,0
DA:3214,0
DA:3215,0
DA:3216,0
DA:3217,0
DA:3218,0
DA:3219,0
DA:3220,0
DA:3221,0
DA:3222,0
DA:3224,0
DA:3227,0
DA:3228,0
DA:3229,0
DA:3230,0
DA:3231,0
DA:3232,0
DA:3233,0
DA:3234,0
DA:3235,0
DA:3236,0
DA:3237,0
DA:3238,0
DA:3239,0
DA:3240,0
DA:3241,0
DA:3242,0
DA:3243,0
DA:3244,0
DA:3245,0
DA:3246,0
DA:3247,0
DA:3248,0
DA:3249,0
DA:3276,0
DA:3301,0
DA:3325,0
DA:3326,0
DA:3327,0
DA:3328,0
DA:3329,0
DA:3330,0
DA:3331,0
DA:3332,0
DA:3333,0
DA:3358,0
DA:3359,0
DA:3360,0
DA:3361,0
DA:3362,0
DA:3364,0
DA:3365,0
DA:3366,0
DA:3367,0
DA:3368,0
DA:3369,0
DA:3370,0
DA:3371,0
DA:3372,0
DA:3373,0
DA:3374,0
DA:3375,0
DA:3376,0
DA:3377,0
DA:3378,0
DA:3380,0
DA:3381,0
DA:3383,0
DA:3384,0
DA:3388,0
DA:3412,0
DA:3413,0
DA:3414,0
DA:3415,0
DA:3416,0
DA:3417,0
DA:3418,0
DA:3419,0
DA:3420,0
DA:3421,0
DA:3422,0
DA:3423,0
DA:3424,0
DA:3425,0
DA:3426,0
DA:3427,0
DA:3428,0
DA:3429,0
DA:3430,0
DA:3431,0
DA:3432,0
DA:3433,0
DA:3435,0
DA:3436,0
DA:3440,0
DA:3442,0
DA:3443,0
DA:3444,0
DA:3446,0
DA:3447,0
DA:3449,0
DA:3450,0
DA:3452,0
DA:3453,0
DA:3455,0
DA:3456,0
DA:3458,0
DA:3459,0
DA:3461,0
DA:3462,0
DA:3464,0
DA:3465,0
DA:3467,0
DA:3468,0
DA:3470,0
DA:3471,0
DA:3473,0
DA:3474,0
DA:3476,0
DA:3477,0
DA:3479,0
DA:3480,0
DA:3482,0
DA:3483,0
DA:3485,0
DA:3486,0
DA:3488,0
DA:3489,0
DA:3491,0
DA:3492,0
DA:3494,0
DA:3495,0
DA:3497,0
DA:3498,0
DA:3500,0
DA:3501,0
DA:3502,0
DA:3504,0
DA:3505,0
DA:3507,0
DA:3508,0
DA:3509,0
DA:3511,0
DA:3512,0
DA:3517,0
DA:3519,0
DA:3520,0
DA:3521,0
DA:3522,0
DA:3523,0
DA:3524,0
DA:3525,0
DA:3526,0
DA:3527,0
DA:3528,0
DA:3529,0
DA:3530,0
DA:3531,0
DA:3532,0
DA:3533,0
DA:3534,0
DA:3535,0
DA:3536,0
DA:3537,0
DA:3538,0
DA:3539,0
DA:3540,0
DA:3541,0
DA:3542,0
DA:3543,0
DA:3544,0
DA:3553,26
DA:3556,6
DA:3557,3
DA:3562,6
DA:3563,3
DA:3568,6
DA:3569,3
DA:3574,3
DA:3575,6
DA:3580,6
DA:3581,3
DA:3586,6
DA:3587,3
DA:3592,6
DA:3593,3
DA:3595,3
DA:3596,3
DA:3597,3
DA:3598,3
DA:3599,3
DA:3600,3
DA:3601,3
DA:3602,3
DA:3603,3
DA:3605,26
DA:3606,52
DA:3607,26
DA:3610,1
DA:3613,1
DA:3614,1
DA:3615,1
DA:3616,4
DA:3618,0
DA:3620,1
DA:3621,1
DA:3622,3
DA:3624,0
DA:3626,1
DA:3627,1
DA:3628,3
DA:3630,1
DA:3631,1
DA:3633,2
DA:3634,1
DA:3636,1
DA:3637,1
DA:3638,3
DA:3640,1
DA:3641,1
DA:3642,3
DA:3644,0
DA:3646,1
DA:3647,1
DA:3648,3
DA:3650,0
DA:3655,2
DA:3656,2
DA:3657,0
DA:3659,0
DA:3660,0
DA:3661,0
DA:3662,0
DA:3663,0
DA:3664,0
DA:3665,0
DA:3666,0
DA:3667,0
DA:3668,0
DA:3669,0
DA:3670,0
DA:3671,0
DA:3672,0
DA:3673,0
DA:3674,0
DA:3678,0
DA:3680,0
DA:3692,0
DA:3700,0
DA:3702,0
DA:3703,0
DA:3704,0
DA:3705,0
DA:3706,0
DA:3708,0
DA:3709,0
DA:3711,0
DA:3712,0
DA:3714,0
DA:3715,0
DA:3719,0
DA:3720,0
DA:3721,0
DA:3722,0
DA:3723,0
DA:3725,0
DA:3726,0
DA:3728,0
DA:3729,0
DA:3731,0
DA:3732,0
DA:3733,0
DA:3737,0
DA:3739,0
DA:3740,0
DA:3741,0
DA:3742,0
DA:3743,0
DA:3745,0
DA:3746,0
DA:3747,0
DA:3748,0
DA:3751,0
DA:3753,0
DA:3754,0
DA:3755,0
DA:3756,0
DA:3757,0
DA:3758,0
DA:3759,0
DA:3760,0
DA:3761,0
DA:3765,0
DA:3773,0
DA:3774,0
DA:3775,0
DA:3776,0
DA:3777,0
DA:3778,0
DA:3779,0
DA:3780,0
DA:3781,0
DA:3782,0
DA:3784,0
DA:3785,0
DA:3786,0
DA:3787,0
DA:3788,0
DA:3789,0
DA:3790,0
DA:3791,0
DA:3792,0
DA:3793,0
DA:3794,0
DA:3798,0
DA:3800,0
DA:3801,0
DA:3802,0
DA:3803,0
DA:3804,0
DA:3805,0
DA:3806,0
DA:3807,0
DA:3808,0
DA:3809,0
DA:3812,0
DA:3813,0
DA:3814,0
DA:3815,0
DA:3818,0
DA:3819,0
DA:3820,0
DA:3821,0
DA:3822,0
DA:3823,0
DA:3824,0
DA:3825,0
DA:3837,1
DA:3847,1
DA:3856,1
DA:3857,1
DA:3858,1
DA:3859,1
DA:3860,0
DA:3870,0
DA:3871,0
DA:3872,0
DA:3873,0
DA:3875,0
DA:3876,0
DA:3877,0
DA:3878,0
DA:3879,0
DA:3883,0
DA:3892,0
DA:3893,0
DA:3894,0
DA:3895,0
DA:3896,0
DA:3897,0
DA:3898,0
DA:3899,0
DA:3900,0
DA:3904,1
DA:3906,1
DA:3907,2
DA:3908,4
DA:3910,2
DA:3911,4
DA:3913,2
DA:3914,4
DA:3916,2
DA:3917,4
DA:3919,2
DA:3920,4
DA:3922,2
DA:3923,4
DA:3925,2
DA:3926,4
DA:3928,2
DA:3929,0
DA:3934,0
DA:3936,0
DA:3937,0
DA:3938,0
DA:3939,0
DA:3940,0
DA:3941,0
DA:3942,0
DA:3943,0
DA:3944,0
DA:3945,0
DA:3946,0
DA:3951,60
DA:3952,0
DA:3953,12
DA:3954,24
DA:3955,8
DA:3956,4
DA:3957,4
DA:3958,2
DA:3959,2
DA:3960,4
DA:3961,52
DA:3962,0
DA:3964,0
DA:3965,2
DA:3966,2
DA:3967,2
DA:3968,2
DA:3969,2
DA:3970,2
DA:3971,2
DA:3972,2
DA:3973,2
DA:3974,2
DA:4003,0
DA:4010,0
DA:4011,0
DA:4013,0
DA:4014,0
DA:4016,0
DA:4017,0
DA:4019,0
DA:4020,0
DA:4022,0
DA:4023,0
DA:4025,0
DA:4026,0
DA:4028,0
DA:4029,0
DA:4031,0
DA:4032,0
DA:4037,0
DA:4044,0
DA:4045,0
DA:4047,0
DA:4048,0
DA:4050,0
DA:4051,0
DA:4053,0
DA:4054,0
DA:4056,0
DA:4057,0
DA:4059,0
DA:4060,0
DA:4062,0
DA:4063,0
DA:4065,0
DA:4066,0
DA:4071,0
DA:4078,0
DA:4079,0
DA:4081,0
DA:4082,0
DA:4084,0
DA:4085,0
DA:4087,0
DA:4088,0
DA:4090,0
DA:4091,0
DA:4093,0
DA:4094,0
DA:4096,0
DA:4097,0
DA:4099,0
DA:4100,0
DA:4115,0
DA:4116,0
DA:4119,0
DA:4120,0
DA:4121,0
DA:4122,0
DA:4123,0
DA:4124,0
DA:4125,0
DA:4136,0
DA:4147,0
DA:4158,0
DA:4169,0
DA:4170,0
DA:4171,0
DA:4236,0
DA:4243,0
DA:4244,0
DA:4246,0
DA:4247,0
DA:4249,0
DA:4250,0
DA:4252,0
DA:4253,0
DA:4255,0
DA:4256,0
DA:4258,0
DA:4259,0
DA:4261,0
DA:4262,0
DA:4264,0
DA:4265,0
DA:4267,0
DA:4268,0
DA:4270,0
DA:4271,0
DA:4272,0
DA:4274,0
DA:4275,0
DA:4277,0
DA:4278,0
DA:4280,0
DA:4281,0
DA:4283,0
DA:4284,0
DA:4285,0
DA:4287,0
DA:4288,0
DA:4289,0
DA:4291,0
DA:4292,0
DA:4293,0
DA:4295,0
DA:4296,0
DA:4297,0
DA:4299,0
DA:4300,0
DA:4301,0
DA:4303,0
DA:4304,0
DA:4305,0
DA:4307,0
DA:4308,0
DA:4309,0
DA:4314,0
DA:4321,0
DA:4322,0
DA:4324,0
DA:4325,0
DA:4327,0
DA:4328,0
DA:4330,0
DA:4331,0
DA:4333,0
DA:4334,0
DA:4336,0
DA:4337,0
DA:4339,0
DA:4340,0
DA:4342,0
DA:4343,0
DA:4345,0
DA:4346,0
DA:4348,0
DA:4349,0
DA:4350,0
DA:4352,0
DA:4353,0
DA:4355,0
DA:4356,0
DA:4358,0
DA:4359,0
DA:4361,0
DA:4362,0
DA:4363,0
DA:4365,0
DA:4366,0
DA:4367,0
DA:4369,0
DA:4370,0
DA:4371,0
DA:4373,0
DA:4374,0
DA:4375,0
DA:4377,0
DA:4378,0
DA:4379,0
DA:4381,0
DA:4382,0
DA:4383,0
DA:4385,0
DA:4386,0
DA:4387,0
DA:4392,0
DA:4399,0
DA:4400,0
DA:4402,0
DA:4403,0
DA:4405,0
DA:4406,0
DA:4408,0
DA:4409,0
DA:4411,0
DA:4412,0
DA:4414,0
DA:4415,0
DA:4417,0
DA:4418,0
DA:4420,0
DA:4421,0
DA:4423,0
DA:4424,0
DA:4426,0
DA:4427,0
DA:4429,0
DA:4430,0
DA:4432,0
DA:4433,0
DA:4435,0
DA:4436,0
DA:4438,0
DA:4439,0
DA:4441,0
DA:4442,0
DA:4444,0
DA:4445,0
DA:4447,0
DA:4448,0
DA:4450,0
DA:4451,0
DA:4453,0
DA:4454,0
DA:4456,0
DA:4457,0
DA:4472,0
DA:4473,0
DA:4476,0
DA:4477,0
DA:4478,0
DA:4479,0
DA:4480,0
DA:4481,0
DA:4482,0
DA:4505,0
DA:4528,0
DA:4551,0
DA:4574,0
DA:4575,0
DA:4576,0
DA:4616,0
DA:4623,0
DA:4624,0
DA:4626,0
DA:4627,0
DA:4629,0
DA:4630,0
DA:4632,0
DA:4633,0
DA:4635,0
DA:4636,0
DA:4638,0
DA:4639,0
DA:4641,0
DA:4642,0
DA:4647,0
DA:4654,0
DA:4655,0
DA:4657,0
DA:4658,0
DA:4660,0
DA:4661,0
DA:4663,0
DA:4664,0
DA:4666,0
DA:4667,0
DA:4669,0
DA:4670,0
DA:4672,0
DA:4673,0
DA:4678,0
DA:4685,0
DA:4686,0
DA:4688,0
DA:4689,0
DA:4691,0
DA:4692,0
DA:4694,0
DA:4695,0
DA:4697,0
DA:4698,0
DA:4700,0
DA:4701,0
DA:4703,0
DA:4704,0
DA:4719,0
DA:4720,0
DA:4723,0
DA:4724,0
DA:4725,0
DA:4726,0
DA:4727,0
DA:4728,0
DA:4729,0
DA:4739,0
DA:4749,0
DA:4759,0
DA:4769,0
DA:4770,0
DA:4771,0
DA:4804,0
DA:4811,0
DA:4812,0
DA:4814,0
DA:4815,0
DA:4817,0
DA:4818,0
DA:4820,0
DA:4821,0
DA:4825,0
DA:4832,0
DA:4833,0
DA:4835,0
DA:4836,0
DA:4838,0
DA:4839,0
DA:4841,0
DA:4842,0
DA:4847,0
DA:4854,0
DA:4855,0
DA:4857,0
DA:4858,0
DA:4860,0
DA:4861,0
DA:4863,0
DA:4864,0
DA:4879,0
DA:4880,0
DA:4883,0
DA:4884,0
DA:4885,0
DA:4886,0
DA:4887,0
DA:4888,0
DA:4889,0
DA:4896,0
DA:4903,0
DA:4910,0
DA:4917,0
DA:4918,0
DA:4919,0
DA:4949,0
DA:4956,0
DA:4957,0
DA:4959,0
DA:4960,0
DA:4965,0
DA:4972,0
DA:4973,0
DA:4975,0
DA:4976,0
DA:4981,0
DA:4988,0
DA:4989,0
DA:4991,0
DA:4992,0
DA:5007,0
DA:5008,0
DA:5011,0
DA:5012,0
DA:5013,0
DA:5014,0
DA:5015,0
DA:5016,0
DA:5017,0
DA:5022,0
DA:5027,0
DA:5032,0
DA:5037,0
DA:5038,0
DA:5039,0
DA:5071,0
DA:5078,0
DA:5079,0
DA:5080,0
DA:5082,0
DA:5083,0
DA:5084,0
DA:5089,0
DA:5096,0
DA:5097,0
DA:5098,0
DA:5100,0
DA:5101,0
DA:5102,0
DA:5107,0
DA:5114,0
DA:5115,0
DA:5117,0
DA:5118,0
DA:5136,0
DA:5138,0
DA:5141,0
DA:5142,0
DA:5143,0
DA:5144,0
DA:5145,0
DA:5146,0
DA:5147,0
DA:5152,0
DA:5157,0
DA:5162,0
DA:5167,0
DA:5168,0
DA:5169,0
DA:5244,0
DA:5251,0
DA:5252,0
DA:5254,0
DA:5255,0
DA:5257,0
DA:5258,0
DA:5260,0
DA:5261,0
DA:5263,0
DA:5264,0
DA:5265,0
DA:5267,0
DA:5268,0
DA:5270,0
DA:5271,0
DA:5273,0
DA:5274,0
DA:5275,0
DA:5277,0
DA:5278,0
DA:5279,0
DA:5281,0
DA:5282,0
DA:5284,0
DA:5285,0
DA:5286,0
DA:5288,0
DA:5289,0
DA:5291,0
DA:5292,0
DA:5294,0
DA:5295,0
DA:5297,0
DA:5298,0
DA:5300,0
DA:5301,0
DA:5303,0
DA:5304,0
DA:5306,0
DA:5307,0
DA:5308,0
DA:5310,0
DA:5311,0
DA:5312,0
DA:5314,0
DA:5315,0
DA:5316,0
DA:5318,0
DA:5319,0
DA:5320,0
DA:5322,0
DA:5323,0
DA:5324,0
DA:5329,0
DA:5336,0
DA:5337,0
DA:5339,0
DA:5340,0
DA:5342,0
DA:5343,0
DA:5345,0
DA:5346,0
DA:5347,0
DA:5349,0
DA:5350,0
DA:5351,0
DA:5353,0
DA:5354,0
DA:5356,0
DA:5357,0
DA:5359,0
DA:5360,0
DA:5361,0
DA:5363,0
DA:5364,0
DA:5365,0
DA:5367,0
DA:5368,0
DA:5370,0
DA:5371,0
DA:5372,0
DA:5374,0
DA:5375,0
DA:5377,0
DA:5378,0
DA:5380,0
DA:5381,0
DA:5383,0
DA:5384,0
DA:5386,0
DA:5387,0
DA:5389,0
DA:5390,0
DA:5392,0
DA:5393,0
DA:5394,0
DA:5396,0
DA:5397,0
DA:5398,0
DA:5400,0
DA:5401,0
DA:5402,0
DA:5404,0
DA:5405,0
DA:5406,0
DA:5408,0
DA:5409,0
DA:5410,0
DA:5415,0
DA:5422,0
DA:5423,0
DA:5425,0
DA:5426,0
DA:5428,0
DA:5429,0
DA:5431,0
DA:5432,0
DA:5434,0
DA:5435,0
DA:5437,0
DA:5438,0
DA:5440,0
DA:5441,0
DA:5443,0
DA:5444,0
DA:5446,0
DA:5447,0
DA:5449,0
DA:5450,0
DA:5452,0
DA:5453,0
DA:5455,0
DA:5456,0
DA:5458,0
DA:5459,0
DA:5461,0
DA:5462,0
DA:5464,0
DA:5465,0
DA:5467,0
DA:5468,0
DA:5470,0
DA:5471,0
DA:5473,0
DA:5474,0
DA:5476,0
DA:5477,0
DA:5479,0
DA:5480,0
DA:5482,0
DA:5483,0
DA:5485,0
DA:5486,0
DA:5504,0
DA:5505,0
DA:5508,0
DA:5509,0
DA:5510,0
DA:5511,0
DA:5512,0
DA:5513,0
DA:5514,0
DA:5539,0
DA:5564,0
DA:5589,0
DA:5614,0
DA:5615,0
DA:5616,0
DA:5661,0
DA:5668,0
DA:5669,0
DA:5671,0
DA:5672,0
DA:5674,0
DA:5675,0
DA:5677,0
DA:5678,0
DA:5679,0
DA:5681,0
DA:5682,0
DA:5684,0
DA:5685,0
DA:5687,0
DA:5688,0
DA:5693,0
DA:5700,0
DA:5701,0
DA:5703,0
DA:5704,0
DA:5706,0
DA:5707,0
DA:5709,0
DA:5710,0
DA:5711,0
DA:5713,0
DA:5714,0
DA:5716,0
DA:5717,0
DA:5719,0
DA:5720,0
DA:5725,0
DA:5732,0
DA:5733,0
DA:5735,0
DA:5736,0
DA:5738,0
DA:5739,0
DA:5741,0
DA:5742,0
DA:5744,0
DA:5745,0
DA:5747,0
DA:5748,0
DA:5750,0
DA:5751,0
DA:5769,0
DA:5770,0
DA:5773,0
DA:5774,0
DA:5775,0
DA:5776,0
DA:5777,0
DA:5778,0
DA:5779,0
DA:5789,0
DA:5799,0
DA:5809,0
DA:5819,0
DA:5820,0
DA:5821,0
DA:5844,0
DA:5845,0
DA:5846,0
DA:5847,0
DA:5848,0
DA:5849,0
DA:5850,0
DA:5851,0
DA:5852,0
DA:5853,0
DA:5854,0
DA:5855,0
DA:5856,0
DA:5857,0
DA:5858,0
DA:5859,0
LF:2881
LH:528
end_of_record
SF:lib\services\database\database.dart
DA:37,81
DA:40,3
DA:43,27
DA:46,27
DA:53,56
DA:57,24
DA:58,4
DA:59,8
DA:62,50
DA:64,2
DA:65,2
DA:67,2
DA:68,6
DA:70,0
DA:74,0
DA:75,0
DA:79,0
DA:81,0
DA:82,0
DA:83,0
DA:87,0
DA:88,0
DA:89,0
DA:93,0
DA:96,0
DA:98,0
DA:102,2
DA:105,2
DA:108,2
DA:111,2
DA:112,2
DA:113,2
DA:115,2
DA:117,0
DA:125,0
DA:128,0
DA:129,0
DA:130,0
DA:131,0
DA:132,0
DA:133,0
DA:134,0
DA:137,0
DA:138,0
DA:139,0
DA:142,0
DA:143,0
DA:146,0
DA:147,0
DA:150,0
DA:151,0
DA:154,0
DA:156,0
DA:158,0
DA:163,30
DA:165,30
DA:169,0
DA:170,0
DA:172,0
DA:173,0
DA:174,0
DA:175,0
DA:176,0
DA:177,0
DA:182,0
DA:183,0
DA:184,0
DA:185,0
DA:187,0
DA:196,27
DA:197,54
DA:198,27
DA:199,0
DA:201,0
LF:74
LH:25
end_of_record
SF:lib\core\services\app_initialization_service.dart
DA:18,0
DA:29,0
DA:32,0
DA:35,0
DA:38,0
DA:41,0
DA:44,0
DA:47,0
DA:51,0
DA:52,0
DA:54,0
DA:58,0
DA:61,0
DA:67,0
DA:78,0
DA:82,0
DA:85,0
DA:88,0
DA:95,0
DA:97,0
DA:104,0
DA:107,0
DA:113,0
DA:115,0
DA:116,0
DA:119,0
DA:120,0
DA:121,0
DA:134,0
DA:137,0
DA:143,0
DA:146,0
DA:149,0
DA:153,0
DA:156,0
DA:163,0
DA:164,0
DA:168,0
DA:169,0
LF:39
LH:0
end_of_record
SF:lib\services\error_recovery_service.dart
DA:23,0
DA:26,0
DA:27,0
DA:28,0
DA:29,0
DA:32,0
DA:36,0
DA:37,0
DA:38,0
DA:41,0
DA:43,0
DA:44,0
DA:46,0
DA:47,0
DA:52,0
DA:53,0
DA:54,0
DA:56,0
DA:60,0
DA:65,0
DA:66,0
DA:73,0
DA:77,0
DA:79,0
DA:80,0
DA:81,0
DA:84,0
DA:86,0
DA:91,0
DA:93,0
DA:94,0
DA:97,0
DA:98,0
DA:101,0
DA:102,0
DA:106,0
DA:113,0
DA:114,0
DA:115,0
DA:116,0
DA:117,0
DA:119,0
DA:124,0
DA:127,0
DA:130,0
DA:138,0
DA:148,0
DA:158,0
DA:160,0
DA:162,0
DA:164,0
DA:165,0
DA:169,0
DA:170,0
DA:174,0
DA:175,0
DA:179,0
DA:183,0
DA:184,0
DA:185,0
DA:186,0
DA:189,0
DA:190,0
DA:194,0
DA:197,0
DA:200,0
DA:202,0
DA:203,0
DA:204,0
DA:205,0
DA:206,0
DA:207,0
DA:208,0
DA:212,0
DA:216,0
DA:221,0
DA:222,0
DA:225,0
DA:229,0
DA:235,0
DA:236,0
DA:237,0
DA:238,0
DA:243,0
DA:244,0
DA:245,0
DA:249,0
DA:251,0
DA:252,0
DA:255,0
DA:256,0
DA:257,0
DA:258,0
DA:262,0
DA:267,0
DA:269,0
DA:270,0
DA:271,0
DA:273,0
DA:275,0
DA:280,0
DA:282,0
DA:283,0
DA:285,0
DA:290,0
DA:292,0
DA:293,0
DA:295,0
DA:300,0
DA:301,0
DA:302,0
DA:315,0
DA:324,0
DA:325,0
DA:326,0
DA:327,0
DA:328,0
DA:329,0
DA:330,0
DA:331,0
DA:335,0
DA:336,0
DA:337,0
DA:338,0
DA:339,0
DA:340,0
DA:341,0
DA:342,0
DA:355,0
DA:372,0
DA:390,0
DA:396,0
DA:397,0
DA:403,0
DA:405,0
DA:406,0
DA:407,0
DA:410,0
DA:411,0
DA:412,0
DA:413,0
DA:414,0
DA:418,0
DA:419,0
DA:424,0
DA:428,0
DA:429,0
DA:430,0
DA:431,0
DA:435,0
DA:436,0
DA:437,0
DA:439,0
DA:441,0
DA:442,0
DA:443,0
DA:448,0
DA:450,0
DA:453,0
DA:454,0
DA:456,0
DA:459,0
DA:460,0
DA:461,0
DA:476,0
DA:481,0
DA:482,0
DA:486,0
DA:488,0
DA:490,0
DA:492,0
DA:500,0
DA:501,0
DA:502,0
DA:506,0
DA:507,0
DA:508,0
LF:177
LH:0
end_of_record
SF:lib\services\privacy_service.dart
DA:16,0
DA:17,0
DA:20,1
DA:21,1
DA:22,0
DA:25,0
DA:26,0
DA:29,0
DA:33,0
DA:34,0
DA:35,0
DA:36,0
DA:40,0
DA:41,0
DA:42,0
DA:45,0
DA:48,0
DA:50,0
DA:51,0
DA:53,0
DA:57,0
DA:58,0
DA:59,0
DA:62,0
DA:64,0
DA:65,0
DA:68,0
DA:72,0
DA:73,0
DA:75,0
DA:76,0
DA:77,0
DA:79,0
DA:83,0
DA:84,0
DA:87,0
DA:89,0
DA:90,0
DA:93,0
DA:94,0
DA:98,1
DA:99,1
DA:100,0
DA:103,0
DA:104,0
DA:107,0
DA:111,0
DA:112,0
DA:113,0
DA:114,0
DA:118,0
DA:119,0
DA:120,0
DA:122,0
DA:125,0
DA:126,0
DA:129,0
DA:130,0
DA:132,0
DA:136,0
DA:137,0
DA:138,0
DA:141,0
DA:143,0
DA:144,0
DA:147,0
DA:151,0
DA:152,0
DA:153,0
DA:155,0
DA:156,0
DA:157,0
DA:158,0
DA:159,0
DA:160,0
DA:161,0
DA:166,0
DA:167,0
DA:170,0
DA:171,0
DA:172,0
DA:173,0
DA:178,0
DA:181,0
DA:182,0
DA:188,0
DA:189,0
DA:192,0
DA:193,0
DA:194,0
DA:195,0
DA:197,0
DA:198,0
DA:199,0
DA:200,0
DA:205,0
DA:206,0
DA:207,0
DA:209,0
DA:210,0
DA:211,0
DA:212,0
DA:218,0
DA:219,0
DA:221,0
DA:224,0
DA:225,0
DA:226,0
DA:231,0
DA:232,0
DA:236,0
DA:237,0
DA:240,0
DA:241,0
DA:243,0
DA:248,0
DA:249,0
DA:252,0
DA:266,0
DA:271,0
DA:273,0
DA:274,0
DA:275,0
DA:276,0
DA:277,0
DA:287,0
DA:288,0
DA:291,0
DA:294,0
DA:297,0
DA:298,0
DA:303,0
DA:306,0
DA:307,0
DA:308,0
DA:309,0
DA:310,0
DA:314,0
DA:327,0
DA:346,1
DA:361,0
DA:378,0
DA:379,0
DA:380,0
DA:381,0
DA:382,0
DA:383,0
DA:384,0
DA:385,0
DA:386,0
DA:387,0
DA:389,0
DA:390,0
DA:391,0
DA:392,0
DA:396,0
DA:397,0
DA:398,0
DA:399,0
DA:400,0
DA:401,0
DA:402,0
DA:403,0
DA:404,0
DA:405,0
DA:406,0
DA:407,0
DA:411,0
DA:423,0
DA:424,0
DA:425,0
DA:426,0
DA:427,0
DA:428,0
DA:429,0
DA:430,0
DA:431,0
DA:432,0
DA:433,0
DA:447,0
DA:456,0
DA:458,0
DA:459,0
DA:462,0
DA:463,0
DA:464,0
DA:465,0
DA:466,0
DA:468,0
DA:469,0
DA:470,0
DA:471,0
DA:472,0
DA:476,0
DA:477,0
DA:478,0
DA:479,0
DA:480,0
DA:481,0
DA:482,0
DA:483,0
DA:496,1
DA:504,0
DA:514,0
DA:515,0
DA:516,0
DA:517,0
DA:518,0
DA:519,0
DA:520,0
DA:524,0
DA:525,0
DA:526,0
DA:527,0
DA:528,0
DA:529,0
DA:530,0
DA:534,0
DA:541,0
DA:542,0
DA:543,0
DA:544,0
DA:545,0
DA:546,0
DA:560,0
DA:569,0
DA:570,0
DA:571,0
DA:572,0
DA:573,0
DA:575,0
DA:576,0
DA:577,0
DA:579,0
DA:580,0
DA:581,0
DA:582,0
DA:584,0
DA:585,0
DA:586,0
DA:587,0
DA:591,0
DA:592,0
DA:593,0
DA:594,0
DA:595,0
DA:596,0
DA:597,0
DA:598,0
DA:609,0
DA:653,4
DA:654,1
DA:657,4
DA:658,3
DA:661,4
DA:662,3
DA:669,2
DA:670,1
DA:673,1
DA:675,2
DA:676,0
DA:678,0
DA:682,0
DA:683,0
DA:684,0
DA:687,0
DA:688,0
DA:696,2
DA:697,1
DA:700,1
DA:702,2
DA:703,0
DA:705,0
DA:709,0
DA:710,0
DA:711,0
DA:714,0
DA:715,0
LF:278
LH:20
end_of_record
SF:lib\services\share_intent_service.dart
DA:12,0
DA:13,0
DA:14,0
DA:26,0
DA:27,0
DA:31,0
DA:32,0
DA:36,0
DA:37,0
DA:41,0
DA:42,0
DA:47,0
DA:48,0
DA:51,0
DA:69,0
DA:73,0
DA:74,0
DA:78,0
DA:80,0
DA:81,0
DA:82,0
DA:83,0
DA:84,0
DA:85,0
DA:86,0
DA:88,0
DA:92,0
DA:98,0
DA:99,0
DA:100,0
DA:108,0
DA:112,0
DA:114,0
DA:119,0
DA:121,0
DA:123,0
DA:125,0
DA:126,0
DA:130,0
DA:135,0
DA:138,0
DA:139,0
DA:146,0
DA:148,0
DA:153,0
DA:156,0
DA:157,0
DA:158,0
DA:165,0
DA:170,0
DA:171,0
DA:175,0
DA:176,0
DA:177,0
DA:180,0
DA:181,0
DA:182,0
DA:189,0
DA:197,0
DA:200,0
DA:201,0
DA:202,0
DA:203,0
DA:209,0
DA:215,0
DA:223,0
DA:224,0
DA:227,0
DA:230,0
DA:232,0
DA:233,0
DA:239,0
DA:240,0
DA:241,0
DA:242,0
DA:243,0
DA:246,0
DA:247,0
DA:249,0
DA:250,0
DA:251,0
DA:252,0
DA:253,0
DA:254,0
DA:255,0
DA:256,0
DA:257,0
DA:258,0
DA:260,0
DA:265,0
DA:269,0
DA:271,0
DA:273,0
DA:274,0
DA:275,0
DA:276,0
DA:277,0
DA:278,0
DA:279,0
DA:281,0
DA:285,0
DA:294,0
DA:295,0
DA:302,0
DA:304,0
DA:309,0
DA:310,0
DA:311,0
DA:314,0
DA:328,0
DA:329,0
DA:337,0
DA:339,0
DA:340,0
DA:342,0
DA:347,0
DA:351,0
DA:352,0
DA:359,0
DA:360,0
DA:361,0
DA:366,0
DA:368,0
DA:372,0
DA:373,0
DA:374,0
DA:375,0
DA:376,0
DA:377,0
LF:129
LH:0
end_of_record
SF:lib\services\location\geofencing_manager.dart
DA:17,2
DA:24,0
DA:26,0
DA:27,0
DA:28,0
DA:34,0
DA:35,0
DA:36,0
DA:43,1
DA:44,1
DA:46,3
DA:49,3
DA:52,4
DA:56,1
DA:57,2
DA:59,4
DA:60,4
DA:65,1
DA:66,2
DA:67,1
DA:68,0
DA:73,2
DA:74,6
DA:78,1
DA:79,2
DA:80,4
DA:81,1
DA:85,1
DA:86,1
DA:87,1
DA:88,2
DA:89,2
DA:90,2
DA:95,0
DA:96,0
DA:97,0
DA:98,0
DA:102,0
DA:103,0
DA:106,0
DA:107,0
DA:110,0
DA:113,0
DA:118,0
DA:120,0
DA:121,0
DA:122,0
DA:124,0
DA:125,0
DA:128,0
DA:131,0
DA:132,0
DA:135,0
DA:138,0
DA:144,0
DA:146,0
DA:147,0
DA:148,0
DA:149,0
DA:150,0
DA:155,0
DA:158,0
DA:159,0
DA:161,0
DA:163,0
DA:165,0
DA:168,0
DA:169,0
DA:171,0
DA:172,0
LF:70
LH:25
end_of_record
SF:lib\core\theme\typography_constants.dart
DA:12,0
DA:101,0
DA:112,0
DA:116,0
DA:123,0
DA:127,0
DA:135,0
DA:137,0
DA:148,0
DA:153,0
DA:156,0
DA:158,0
DA:160,0
DA:165,0
DA:166,0
DA:167,0
LF:16
LH:0
end_of_record
SF:lib\domain\entities\task_template.dart
DA:72,0
DA:94,0
DA:110,0
DA:111,0
DA:124,0
DA:131,0
DA:137,0
DA:140,0
DA:141,0
DA:142,0
DA:143,0
DA:144,0
DA:145,0
DA:146,0
DA:147,0
DA:148,0
DA:149,0
DA:155,0
DA:156,0
DA:159,0
DA:162,0
DA:182,0
DA:183,0
DA:184,0
DA:185,0
DA:186,0
DA:187,0
DA:188,0
DA:189,0
DA:190,0
DA:191,0
DA:192,0
DA:193,0
DA:194,0
DA:195,0
DA:196,0
DA:197,0
DA:198,0
DA:199,0
DA:200,0
DA:205,0
DA:212,0
DA:214,0
DA:217,0
DA:218,0
DA:219,0
DA:222,0
DA:224,0
DA:228,0
DA:229,0
DA:230,0
DA:231,0
DA:232,0
DA:233,0
DA:234,0
DA:235,0
DA:239,0
DA:241,0
DA:242,0
DA:246,0
DA:247,0
DA:248,0
DA:249,0
DA:255,0
DA:256,0
DA:260,0
DA:261,0
DA:262,0
DA:263,0
DA:268,0
DA:269,0
DA:270,0
DA:271,0
DA:276,0
DA:277,0
DA:282,0
DA:283,0
DA:289,0
DA:297,0
DA:300,0
DA:303,0
DA:306,0
DA:309,0
DA:310,0
DA:311,0
DA:312,0
DA:313,0
DA:314,0
DA:315,0
DA:316,0
DA:317,0
DA:318,0
DA:319,0
DA:320,0
DA:321,0
DA:322,0
DA:323,0
DA:324,0
DA:325,0
DA:326,0
DA:327,0
DA:328,0
DA:329,0
DA:331,0
DA:333,0
DA:334,0
LF:106
LH:0
end_of_record
SF:lib\domain\entities\task_template.g.dart
DA:9,0
DA:10,0
DA:11,0
DA:12,0
DA:13,0
DA:14,0
DA:15,0
DA:18,0
DA:20,0
DA:21,0
DA:22,0
DA:24,0
DA:25,0
DA:27,0
DA:28,0
DA:29,0
DA:30,0
DA:31,0
DA:32,0
DA:33,0
DA:35,0
DA:36,0
DA:37,0
DA:38,0
DA:41,0
DA:42,0
DA:43,0
DA:44,0
DA:45,0
DA:46,0
DA:47,0
DA:48,0
DA:49,0
DA:50,0
DA:51,0
DA:52,0
DA:53,0
DA:54,0
DA:55,0
DA:56,0
DA:57,0
DA:58,0
DA:59,0
DA:60,0
LF:44
LH:0
end_of_record
SF:lib\domain\entities\project.dart
DA:40,4
DA:53,1
DA:59,1
DA:60,1
DA:64,1
DA:70,2
DA:73,2
DA:76,1
DA:87,1
DA:88,1
DA:89,1
DA:90,1
DA:91,1
DA:92,1
DA:93,1
DA:94,1
DA:95,1
DA:96,1
DA:101,1
DA:102,2
DA:104,1
DA:105,3
DA:106,1
DA:111,1
DA:112,2
DA:114,3
DA:115,1
DA:117,1
DA:122,1
DA:123,1
DA:125,1
DA:130,1
DA:131,1
DA:133,1
DA:138,1
DA:144,1
DA:145,0
DA:146,1
DA:147,1
DA:148,1
DA:149,1
DA:154,1
DA:155,5
DA:160,3
DA:165,4
DA:173,4
DA:176,5
DA:179,6
DA:182,3
DA:185,2
DA:187,1
DA:188,1
DA:189,1
DA:190,1
DA:191,1
DA:192,1
DA:193,1
DA:194,1
DA:195,1
DA:196,1
DA:197,1
DA:200,1
DA:202,5
DA:203,2
LF:64
LH:63
end_of_record
SF:lib\domain\entities\project.g.dart
DA:9,2
DA:10,1
DA:11,1
DA:12,1
DA:13,1
DA:14,2
DA:15,1
DA:17,0
DA:18,1
DA:19,2
DA:20,1
DA:22,1
DA:23,1
DA:25,2
DA:28,2
DA:29,1
DA:30,1
DA:31,1
DA:32,1
DA:33,2
DA:34,1
DA:35,1
DA:36,1
DA:37,2
LF:24
LH:23
end_of_record
SF:lib\domain\entities\tag.dart
DA:15,0
DA:24,0
DA:28,0
DA:29,0
DA:32,0
DA:36,0
DA:38,0
DA:40,0
DA:47,0
DA:48,0
DA:49,0
DA:50,0
DA:51,0
DA:52,0
DA:55,0
DA:56,0
LF:16
LH:0
end_of_record
SF:lib\domain\entities\tag.g.dart
DA:9,0
DA:10,0
DA:11,0
DA:12,0
DA:13,0
DA:14,0
DA:16,0
DA:19,0
DA:20,0
DA:21,0
DA:22,0
DA:23,0
DA:24,0
LF:13
LH:0
end_of_record
SF:lib\services\database\daos\tag_dao.g.dart
DA:7,0
DA:8,0
DA:9,0
DA:10,0
LF:4
LH:0
end_of_record
SF:lib\services\database\daos\tag_dao.dart
DA:15,0
DA:22,0
DA:28,0
DA:29,0
DA:30,0
DA:31,0
DA:32,0
DA:34,0
DA:37,0
DA:38,0
DA:39,0
DA:40,0
DA:41,0
DA:42,0
DA:44,0
DA:45,0
DA:47,0
DA:56,0
DA:59,0
DA:60,0
DA:61,0
DA:65,0
DA:66,0
DA:69,0
DA:73,0
DA:74,0
DA:77,0
DA:81,0
DA:82,0
DA:86,0
DA:87,0
DA:88,0
DA:93,0
DA:94,0
DA:99,0
DA:100,0
DA:101,0
DA:102,0
DA:104,0
DA:105,0
DA:109,0
DA:110,0
DA:111,0
DA:114,0
DA:115,0
DA:117,0
DA:118,0
DA:119,0
DA:121,0
DA:122,0
DA:123,0
DA:127,0
DA:128,0
DA:129,0
DA:130,0
DA:135,0
DA:139,0
DA:140,0
DA:141,0
DA:142,0
DA:146,0
DA:147,0
DA:148,0
DA:149,0
DA:151,0
DA:155,0
DA:156,0
DA:157,0
DA:158,0
DA:160,0
DA:161,0
DA:165,0
DA:166,0
DA:173,0
DA:174,0
DA:175,0
DA:176,0
DA:180,0
DA:181,0
DA:182,0
DA:187,0
DA:188,0
DA:189,0
DA:190,0
DA:192,0
DA:193,0
DA:198,0
DA:199,0
DA:200,0
DA:201,0
DA:202,0
DA:203,0
DA:208,0
DA:209,0
DA:210,0
DA:211,0
DA:212,0
DA:213,0
DA:223,0
DA:226,0
DA:229,0
DA:230,0
DA:231,0
DA:232,0
DA:233,0
DA:235,0
LF:106
LH:0
end_of_record
SF:lib\domain\entities\recurrence_pattern.dart
DA:29,3
DA:35,6
DA:36,5
DA:39,3
DA:44,3
DA:53,1
DA:59,1
DA:69,1
DA:75,1
DA:85,1
DA:90,1
DA:99,1
DA:100,1
DA:103,2
DA:106,1
DA:113,1
DA:114,0
DA:115,0
DA:116,0
DA:117,1
DA:118,1
DA:123,2
DA:124,4
DA:127,4
DA:132,4
DA:137,2
DA:138,2
DA:139,2
DA:141,1
DA:142,3
DA:143,4
DA:145,1
DA:147,1
DA:148,1
DA:150,1
DA:151,1
DA:153,1
DA:157,0
DA:167,2
DA:168,2
DA:169,2
DA:170,2
DA:171,6
DA:172,2
DA:173,2
DA:174,2
DA:175,2
DA:176,2
DA:181,1
DA:182,3
DA:185,2
DA:187,0
DA:188,0
DA:192,0
DA:193,0
DA:194,0
DA:195,0
DA:196,0
DA:201,1
DA:203,1
DA:204,1
DA:205,1
DA:206,1
DA:207,1
DA:208,1
DA:209,1
DA:214,0
DA:215,0
DA:219,1
DA:220,1
DA:221,3
DA:224,2
DA:225,1
DA:226,1
DA:227,1
DA:228,1
DA:229,3
DA:230,1
DA:231,1
DA:232,1
DA:233,1
DA:234,1
DA:240,3
DA:241,2
DA:242,2
DA:244,1
DA:245,1
DA:246,1
DA:247,2
DA:248,1
DA:249,1
DA:250,1
DA:251,1
DA:252,1
DA:257,1
DA:258,1
DA:260,1
DA:264,0
DA:265,0
DA:268,0
DA:269,0
DA:270,0
DA:271,0
DA:272,0
DA:274,0
DA:275,0
DA:276,0
DA:277,0
DA:278,0
DA:284,0
DA:287,0
DA:288,0
DA:289,0
DA:290,0
DA:291,0
DA:293,0
DA:294,0
DA:295,0
DA:296,0
DA:297,0
DA:306,1
DA:307,2
DA:308,1
DA:311,3
DA:312,1
DA:314,1
DA:315,1
DA:316,1
DA:318,1
DA:319,1
DA:320,1
DA:321,1
DA:322,1
DA:327,1
DA:328,2
DA:329,2
DA:330,3
DA:332,1
DA:333,2
DA:340,1
DA:343,1
DA:347,2
DA:351,0
DA:352,0
DA:353,0
DA:357,3
DA:358,6
DA:361,3
DA:366,3
DA:371,5
DA:372,1
DA:373,1
DA:375,3
DA:376,1
DA:380,1
DA:382,3
DA:383,1
DA:387,0
DA:388,0
DA:392,0
DA:393,0
DA:399,3
DA:400,3
DA:401,6
DA:403,0
DA:404,0
DA:406,0
DA:407,0
DA:409,0
DA:410,0
DA:412,0
DA:413,0
DA:421,0
DA:422,0
DA:423,0
DA:426,0
DA:430,0
DA:432,0
DA:433,0
DA:434,0
DA:435,0
DA:436,0
DA:437,0
DA:438,0
DA:439,0
DA:440,0
DA:441,0
DA:442,0
DA:443,0
DA:444,0
DA:445,0
DA:447,0
DA:453,0
DA:454,0
DA:458,1
DA:459,1
DA:460,1
DA:462,2
DA:465,1
DA:466,1
DA:467,1
DA:470,1
DA:471,2
DA:472,2
DA:474,1
DA:475,5
DA:478,3
DA:479,4
DA:480,3
DA:481,2
DA:483,2
DA:485,1
DA:486,1
DA:487,0
DA:488,0
DA:489,0
DA:491,2
DA:492,2
DA:494,1
DA:495,2
DA:496,2
DA:498,1
DA:503,1
DA:504,1
DA:506,1
DA:507,3
DA:510,1
DA:511,7
DA:512,2
DA:515,1
DA:518,1
DA:523,2
DA:524,2
DA:526,1
DA:527,1
DA:528,1
DA:529,1
DA:530,1
DA:531,1
DA:532,1
DA:534,1
DA:536,3
DA:537,2
DA:538,2
DA:542,0
DA:544,0
DA:545,0
DA:546,0
DA:547,0
DA:549,0
DA:554,0
DA:555,0
DA:556,0
DA:557,0
DA:558,0
LF:255
LH:168
end_of_record
SF:lib\domain\entities\recurrence_pattern.g.dart
DA:9,1
DA:10,1
DA:11,2
DA:12,2
DA:13,1
DA:14,3
DA:15,1
DA:16,1
DA:18,2
DA:19,2
DA:22,1
DA:23,1
DA:24,2
DA:25,1
DA:26,1
DA:27,2
DA:28,1
LF:17
LH:17
end_of_record
SF:lib\domain\entities\subtask.dart
DA:34,3
DA:45,3
DA:50,3
DA:51,3
DA:55,3
DA:60,2
DA:63,2
DA:66,3
DA:75,3
DA:76,3
DA:77,3
DA:78,3
DA:79,3
DA:80,3
DA:81,3
DA:82,3
DA:87,3
DA:88,3
DA:90,3
DA:95,1
DA:96,1
DA:97,1
DA:98,1
DA:99,1
DA:102,1
DA:103,1
DA:108,2
DA:109,14
DA:113,3
DA:117,4
DA:121,4
DA:122,2
DA:123,2
DA:124,2
DA:125,2
DA:126,2
DA:127,2
DA:128,2
DA:129,2
DA:130,2
DA:131,1
DA:133,4
DA:134,2
LF:43
LH:43
end_of_record
SF:lib\domain\entities\subtask.g.dart
DA:9,2
DA:10,1
DA:11,1
DA:12,1
DA:13,1
DA:14,1
DA:16,2
DA:17,2
DA:18,2
DA:21,2
DA:22,1
DA:23,1
DA:24,1
DA:25,1
DA:26,2
DA:27,1
DA:28,2
LF:17
LH:17
end_of_record
SF:lib\domain\entities\user_profile.dart
DA:34,4
DA:45,1
DA:51,1
DA:52,1
DA:53,1
DA:64,0
DA:67,0
DA:70,0
DA:79,0
DA:80,0
DA:81,0
DA:82,0
DA:83,0
DA:84,0
DA:85,0
DA:86,0
DA:91,0
DA:97,0
DA:98,0
DA:99,0
DA:100,0
DA:101,0
DA:102,0
DA:107,0
DA:108,0
DA:110,0
DA:115,0
DA:116,0
DA:118,0
DA:123,0
DA:124,0
DA:125,0
DA:127,0
DA:131,0
DA:134,0
DA:135,0
DA:136,0
DA:137,0
DA:139,0
DA:143,3
DA:144,7
DA:147,0
DA:149,0
DA:150,0
DA:151,0
DA:152,0
DA:153,0
DA:154,0
DA:155,0
DA:156,0
DA:157,0
DA:160,0
DA:161,0
LF:53
LH:7
end_of_record
SF:lib\domain\entities\user_profile.g.dart
DA:9,0
DA:10,0
DA:11,0
DA:12,0
DA:13,0
DA:14,0
DA:15,0
DA:16,0
DA:19,0
DA:20,0
DA:21,0
DA:22,0
DA:23,0
DA:24,0
DA:25,0
DA:26,0
DA:27,0
LF:17
LH:0
end_of_record
SF:lib\domain\models\ai_service_type.dart
DA:9,2
DA:11,2
DA:13,2
DA:15,2
DA:17,1
DA:22,1
DA:24,1
DA:26,1
DA:28,1
DA:30,0
LF:10
LH:9
end_of_record
SF:lib\presentation\providers\location_providers.dart
DA:12,4
DA:13,1
DA:17,0
DA:18,0
DA:19,0
DA:23,0
DA:24,0
DA:25,0
DA:29,4
DA:30,2
DA:31,1
DA:35,4
DA:36,2
DA:37,1
DA:41,0
DA:42,0
DA:43,0
DA:47,4
DA:48,2
DA:49,2
DA:50,2
DA:52,1
DA:60,0
DA:61,0
DA:62,0
DA:64,0
DA:71,4
DA:72,2
DA:73,1
DA:79,3
DA:81,3
DA:84,0
DA:85,0
DA:86,0
DA:89,0
DA:90,0
DA:91,0
DA:94,0
DA:95,0
DA:96,0
DA:97,0
DA:98,0
DA:101,0
DA:102,0
DA:103,0
DA:104,0
DA:107,0
DA:108,0
DA:113,8
DA:114,2
DA:118,4
DA:120,1
DA:121,3
DA:124,0
DA:125,0
DA:128,0
DA:129,0
DA:132,0
DA:133,0
DA:136,0
DA:137,0
DA:140,0
DA:141,0
DA:146,3
DA:147,0
DA:148,0
DA:149,0
DA:152,0
DA:153,0
DA:155,0
DA:156,0
DA:157,0
DA:158,0
DA:159,0
DA:160,0
DA:163,0
DA:164,0
DA:166,0
DA:173,0
DA:178,0
DA:179,0
DA:183,0
DA:185,0
DA:186,0
DA:189,0
DA:190,0
DA:193,0
DA:194,0
DA:197,0
DA:198,0
DA:208,1
DA:215,0
DA:221,0
DA:222,0
DA:223,0
DA:224,0
DA:225,0
LF:97
LH:25
end_of_record
SF:lib\services\location\location_service_impl.dart
DA:12,2
DA:15,4
DA:18,0
DA:20,0
DA:24,1
DA:25,1
DA:28,2
DA:29,4
DA:31,2
DA:32,4
DA:34,1
DA:35,2
DA:37,1
DA:38,2
DA:40,1
DA:41,2
DA:43,1
DA:45,2
DA:47,0
DA:49,0
DA:51,0
DA:53,0
DA:55,0
DA:57,0
DA:59,0
DA:61,0
DA:63,0
DA:65,0
DA:67,0
DA:69,0
DA:71,0
DA:73,0
DA:75,1
DA:76,2
DA:82,0
DA:86,0
DA:90,0
DA:94,0
DA:96,0
DA:98,0
DA:102,0
DA:106,0
DA:114,0
DA:116,0
DA:117,0
DA:119,0
DA:126,0
DA:127,0
DA:128,0
DA:129,0
DA:130,0
DA:131,0
DA:132,0
DA:133,0
DA:134,0
DA:135,0
DA:137,0
DA:139,0
DA:143,0
LF:59
LH:18
end_of_record
SF:lib\services\location\location_models.dart
DA:15,0
DA:24,0
DA:25,0
DA:27,0
DA:28,0
DA:29,0
DA:30,0
DA:31,0
DA:32,0
DA:33,0
DA:34,0
DA:37,0
DA:45,0
DA:46,0
DA:47,0
DA:48,0
DA:49,0
DA:50,0
DA:51,0
DA:67,1
DA:78,0
DA:79,0
DA:81,0
DA:82,0
DA:83,0
DA:84,0
DA:85,0
DA:86,0
DA:87,0
DA:88,0
DA:89,0
DA:90,0
DA:93,0
DA:103,0
DA:104,0
DA:105,0
DA:106,0
DA:107,0
DA:108,0
DA:109,0
DA:110,0
DA:111,0
DA:133,1
DA:141,0
DA:142,0
DA:144,0
DA:145,0
DA:146,0
DA:147,0
DA:148,0
DA:149,0
DA:150,0
DA:153,1
DA:160,1
DA:161,1
DA:162,1
DA:163,1
DA:164,0
DA:165,1
DA:194,0
DA:201,0
DA:202,0
DA:204,0
DA:205,0
DA:224,2
DA:233,0
DA:234,0
DA:236,0
DA:237,0
DA:238,0
DA:239,0
DA:240,0
DA:241,0
DA:242,0
DA:243,0
DA:246,1
DA:254,1
DA:255,0
DA:256,1
DA:257,1
DA:258,1
DA:259,1
DA:260,1
DA:269,0
DA:270,0
LF:85
LH:16
end_of_record
SF:lib\services\location\location_models.g.dart
DA:9,0
DA:10,0
DA:11,0
DA:12,0
DA:13,0
DA:14,0
DA:15,0
DA:18,0
DA:19,0
DA:20,0
DA:21,0
DA:22,0
DA:23,0
DA:24,0
DA:25,0
DA:28,0
DA:29,0
DA:30,0
DA:31,0
DA:32,0
DA:33,0
DA:34,0
DA:35,0
DA:36,0
DA:39,0
DA:40,0
DA:41,0
DA:42,0
DA:43,0
DA:44,0
DA:45,0
DA:46,0
DA:47,0
DA:48,0
DA:57,0
DA:58,0
DA:59,0
DA:60,0
DA:61,0
DA:62,0
DA:63,0
DA:66,0
DA:67,0
DA:68,0
DA:69,0
DA:70,0
DA:71,0
DA:72,0
DA:75,0
DA:76,0
DA:77,0
DA:78,0
DA:79,0
DA:80,0
DA:83,0
DA:84,0
DA:85,0
DA:86,0
DA:87,0
DA:88,0
DA:96,0
DA:97,0
DA:98,0
DA:99,0
DA:100,0
DA:101,0
DA:104,0
DA:105,0
DA:107,0
DA:110,0
DA:111,0
DA:112,0
DA:113,0
DA:114,0
DA:115,0
DA:116,0
DA:117,0
LF:77
LH:0
end_of_record
SF:lib\services\location\location_task_service.dart
DA:14,0
DA:20,0
DA:29,0
DA:30,0
DA:34,0
DA:35,0
DA:45,0
DA:48,0
DA:49,0
DA:50,0
DA:53,0
DA:57,0
DA:63,0
DA:68,0
DA:70,0
DA:74,0
DA:75,0
DA:79,0
DA:83,0
DA:89,0
DA:90,0
DA:94,0
DA:95,0
DA:99,0
DA:100,0
DA:104,0
DA:105,0
DA:106,0
DA:107,0
DA:109,0
DA:113,0
DA:117,0
DA:118,0
DA:120,0
DA:121,0
DA:122,0
DA:123,0
DA:124,0
DA:125,0
DA:128,0
DA:129,0
DA:131,0
DA:141,0
DA:146,0
DA:151,0
DA:155,0
DA:156,0
DA:158,0
DA:159,0
DA:160,0
DA:165,0
DA:166,0
DA:167,0
DA:169,0
DA:170,0
DA:171,0
DA:172,0
DA:173,0
DA:179,0
DA:187,0
DA:188,0
DA:190,0
DA:191,0
DA:192,0
DA:194,0
DA:197,0
DA:198,0
DA:207,0
DA:220,0
DA:227,0
DA:228,0
DA:229,0
DA:232,0
DA:233,0
DA:234,0
LF:75
LH:0
end_of_record
SF:lib\presentation\providers\notification_providers.dart
DA:10,12
DA:11,6
DA:12,3
DA:16,8
DA:17,4
DA:18,4
DA:20,2
DA:27,4
DA:28,2
DA:29,1
DA:33,4
DA:34,2
DA:35,1
DA:39,4
DA:40,2
DA:41,1
DA:48,2
DA:49,1
DA:52,1
DA:54,2
DA:55,2
DA:57,0
DA:61,1
DA:62,1
DA:65,2
DA:66,0
DA:68,0
DA:72,1
DA:73,2
DA:75,2
DA:79,0
DA:80,0
DA:82,0
DA:86,0
DA:87,0
DA:89,0
DA:93,0
DA:94,0
DA:96,0
DA:100,0
DA:101,0
DA:103,0
DA:107,0
DA:108,0
DA:110,0
DA:117,0
DA:118,0
DA:120,0
DA:129,2
DA:130,1
DA:133,1
DA:135,2
DA:136,0
DA:138,2
DA:142,0
DA:143,0
DA:146,0
DA:148,0
DA:149,0
DA:151,0
DA:160,2
DA:161,1
DA:164,1
DA:166,2
DA:167,2
DA:169,0
DA:173,0
DA:175,0
DA:176,0
DA:178,0
DA:182,0
DA:183,0
DA:188,0
DA:189,0
DA:190,0
DA:194,0
DA:195,0
DA:196,0
LF:78
LH:37
end_of_record
SF:lib\services\notification\notification_manager.dart
DA:27,2
DA:31,0
DA:33,2
DA:37,0
DA:38,0
DA:42,0
DA:43,0
DA:44,0
DA:47,0
DA:50,0
DA:51,0
DA:58,0
DA:59,0
DA:63,3
DA:67,0
DA:68,0
DA:71,0
DA:72,0
DA:73,0
DA:76,0
DA:77,0
DA:81,0
DA:83,0
DA:84,0
DA:85,0
DA:90,0
DA:91,0
DA:92,0
DA:99,0
DA:104,0
DA:105,0
DA:106,0
DA:112,0
DA:113,0
DA:118,0
DA:120,0
DA:121,0
DA:124,0
DA:125,0
DA:126,0
DA:127,0
DA:128,0
DA:129,0
DA:136,0
DA:138,0
DA:139,0
DA:142,0
DA:143,0
DA:144,0
DA:145,0
DA:151,0
DA:156,0
DA:157,0
DA:161,0
DA:162,0
DA:166,0
DA:167,0
DA:169,0
DA:170,0
DA:171,0
DA:172,0
DA:173,0
DA:174,0
DA:175,0
DA:179,0
DA:180,0
DA:183,0
DA:184,0
DA:191,1
DA:192,1
DA:193,2
DA:196,0
DA:199,0
DA:203,1
DA:204,1
DA:208,1
DA:209,2
DA:213,0
DA:214,0
DA:222,0
DA:228,0
DA:229,0
DA:231,0
DA:232,0
DA:234,0
DA:235,0
DA:237,0
DA:238,0
DA:240,0
DA:244,0
DA:253,0
DA:257,0
DA:258,0
DA:260,0
DA:261,0
DA:262,0
DA:263,0
DA:264,0
DA:265,0
DA:266,0
DA:270,0
DA:271,0
DA:274,0
DA:275,0
DA:276,0
DA:277,0
DA:278,0
DA:279,0
DA:280,0
DA:281,0
DA:283,0
DA:292,0
DA:299,0
DA:303,0
DA:304,0
DA:305,0
DA:307,0
DA:308,0
DA:309,0
DA:310,0
DA:311,0
DA:313,0
DA:314,0
DA:315,0
DA:317,0
DA:319,0
DA:320,0
DA:328,0
DA:332,0
DA:334,0
DA:335,0
DA:341,0
DA:342,0
DA:346,0
DA:347,0
DA:350,0
DA:351,0
DA:355,0
DA:357,0
DA:358,0
DA:360,0
DA:361,0
DA:362,0
DA:366,0
DA:370,0
DA:371,0
DA:372,0
DA:377,0
DA:379,0
DA:380,0
DA:381,0
DA:384,0
DA:385,0
DA:388,0
DA:392,0
DA:394,0
DA:395,0
DA:397,0
DA:399,0
DA:400,0
DA:401,0
DA:405,0
DA:409,0
DA:414,0
DA:416,0
DA:417,0
DA:418,0
DA:419,0
DA:422,0
DA:425,0
DA:427,0
DA:433,0
DA:437,0
DA:439,0
DA:440,0
DA:442,0
DA:445,0
DA:446,0
DA:452,0
DA:456,0
DA:458,0
DA:459,0
DA:461,0
DA:464,0
DA:465,0
DA:471,0
DA:475,0
DA:477,0
DA:478,0
DA:480,0
DA:483,0
DA:484,0
DA:490,0
DA:494,0
DA:501,0
DA:503,0
DA:504,0
DA:505,0
DA:506,0
DA:507,0
DA:510,0
DA:518,0
DA:523,0
DA:525,0
DA:526,0
DA:529,0
DA:530,0
DA:531,0
DA:534,0
DA:535,0
DA:536,0
DA:539,0
DA:543,0
DA:546,0
DA:553,0
DA:557,0
DA:558,0
DA:559,0
DA:563,0
DA:564,0
DA:567,0
DA:573,0
DA:575,0
DA:578,0
DA:579,0
DA:584,0
DA:585,0
DA:586,0
DA:589,0
DA:592,0
DA:597,0
DA:599,0
DA:603,2
DA:604,8
DA:605,0
DA:606,0
DA:607,0
DA:608,0
DA:609,0
DA:610,0
DA:614,0
DA:615,0
DA:621,0
DA:622,0
DA:623,0
DA:627,0
DA:628,0
DA:630,0
DA:631,0
DA:634,0
DA:635,0
DA:638,0
DA:639,0
DA:640,0
DA:643,0
DA:646,0
DA:647,0
DA:648,0
DA:651,0
LF:259
LH:12
end_of_record
SF:lib\services\notification\notification_models.dart
DA:38,2
DA:40,2
DA:42,2
DA:44,2
DA:46,1
DA:48,1
DA:50,0
DA:52,0
DA:54,0
DA:56,0
DA:58,0
DA:90,2
DA:92,2
DA:94,2
DA:96,2
DA:98,1
DA:100,0
DA:102,0
DA:104,0
DA:106,0
DA:151,4
DA:166,0
DA:167,0
DA:169,0
DA:171,3
DA:185,3
DA:186,0
DA:187,1
DA:188,2
DA:189,3
DA:190,3
DA:191,3
DA:192,3
DA:193,3
DA:194,3
DA:195,3
DA:196,3
DA:197,3
DA:200,0
DA:201,0
DA:202,0
DA:203,0
DA:204,0
DA:205,0
DA:206,0
DA:207,0
DA:208,0
DA:209,0
DA:210,0
DA:211,0
DA:212,0
DA:213,0
DA:247,2
DA:259,0
DA:260,0
DA:262,0
DA:264,1
DA:275,1
DA:276,1
DA:277,1
DA:278,1
DA:279,1
DA:280,0
DA:281,1
DA:282,1
DA:283,0
DA:284,1
DA:287,0
DA:288,0
DA:289,0
DA:290,0
DA:291,0
DA:292,0
DA:293,0
DA:294,0
DA:295,0
DA:296,0
DA:297,0
DA:306,3
DA:308,2
DA:309,2
DA:310,2
DA:311,2
DA:315,2
DA:316,2
DA:317,2
DA:318,2
DA:321,0
DA:324,0
DA:326,0
DA:327,0
DA:328,0
DA:329,0
DA:359,0
DA:370,0
DA:371,0
DA:373,0
DA:375,0
DA:385,0
DA:386,0
DA:387,0
DA:388,0
DA:389,0
DA:390,0
DA:391,0
DA:392,0
DA:393,0
DA:396,0
DA:397,0
DA:398,0
DA:399,0
DA:400,0
DA:401,0
DA:402,0
DA:403,0
DA:404,0
DA:405,0
DA:433,0
DA:443,0
DA:444,0
DA:446,0
DA:448,0
DA:457,0
DA:458,0
DA:459,0
DA:460,0
DA:461,0
DA:462,0
DA:463,0
DA:464,0
DA:467,0
DA:468,0
DA:469,0
DA:470,0
DA:471,0
DA:472,0
DA:473,0
DA:474,0
DA:475,0
DA:496,0
DA:498,0
DA:500,0
DA:502,0
DA:504,0
DA:506,0
DA:511,0
DA:513,0
DA:515,0
DA:517,0
DA:519,0
DA:521,0
DA:541,1
DA:554,0
DA:555,0
DA:557,0
DA:559,0
DA:571,0
DA:572,0
DA:573,0
DA:574,0
DA:575,0
DA:576,0
DA:577,0
DA:578,0
DA:579,0
DA:580,0
DA:581,0
DA:585,0
DA:586,0
DA:587,0
DA:588,0
DA:589,0
DA:590,0
DA:591,0
DA:592,0
DA:593,0
DA:594,0
DA:595,0
DA:596,0
DA:611,0
DA:621,0
DA:622,0
DA:624,0
DA:626,0
DA:635,0
DA:636,0
DA:637,0
DA:638,0
DA:639,0
DA:640,0
DA:641,0
DA:642,0
DA:646,0
DA:647,0
DA:648,0
DA:649,0
DA:650,0
DA:651,0
DA:652,0
DA:653,0
DA:654,0
DA:670,0
DA:681,0
DA:682,0
DA:684,0
DA:686,0
DA:696,0
DA:697,0
DA:698,0
DA:699,0
DA:700,0
DA:701,0
DA:702,0
DA:703,0
DA:704,0
DA:708,0
DA:709,0
DA:710,0
DA:711,0
DA:712,0
DA:713,0
DA:714,0
DA:715,0
DA:716,0
DA:717,0
DA:730,0
DA:738,0
DA:739,0
DA:741,0
DA:743,0
DA:750,0
DA:751,0
DA:752,0
DA:753,0
DA:754,0
DA:755,0
DA:759,0
DA:760,0
LF:238
LH:45
end_of_record
SF:lib\services\notification\notification_models.g.dart
DA:9,0
DA:11,0
DA:12,0
DA:13,0
DA:15,0
DA:16,0
DA:17,0
DA:19,0
DA:20,0
DA:21,0
DA:22,0
DA:23,0
DA:25,0
DA:26,0
DA:27,0
DA:29,0
DA:30,0
DA:31,0
DA:32,0
DA:33,0
DA:34,0
DA:37,0
DA:39,0
DA:40,0
DA:41,0
DA:42,0
DA:43,0
DA:44,0
DA:45,0
DA:46,0
DA:47,0
DA:48,0
DA:49,0
DA:50,0
DA:51,0
DA:54,0
DA:56,0
DA:57,0
DA:58,0
DA:59,0
DA:60,0
DA:61,0
DA:62,0
DA:63,0
DA:64,0
DA:65,0
DA:68,0
DA:70,0
DA:71,0
DA:72,0
DA:73,0
DA:74,0
DA:75,0
DA:76,0
DA:77,0
DA:78,0
DA:79,0
DA:95,0
DA:97,0
DA:98,0
DA:99,0
DA:100,0
DA:101,0
DA:102,0
DA:103,0
DA:104,0
DA:106,0
DA:107,0
DA:110,0
DA:112,0
DA:113,0
DA:114,0
DA:115,0
DA:116,0
DA:117,0
DA:118,0
DA:119,0
DA:120,0
DA:134,0
DA:135,0
DA:136,0
DA:137,0
DA:138,0
DA:139,0
DA:141,0
DA:142,0
DA:143,0
DA:144,0
DA:147,0
DA:148,0
DA:149,0
DA:150,0
DA:151,0
DA:152,0
DA:153,0
DA:154,0
DA:155,0
DA:158,0
DA:160,0
DA:161,0
DA:162,0
DA:163,0
DA:164,0
DA:165,0
DA:166,0
DA:167,0
DA:168,0
DA:170,0
DA:171,0
DA:173,0
DA:174,0
DA:175,0
DA:178,0
DA:180,0
DA:181,0
DA:182,0
DA:183,0
DA:184,0
DA:185,0
DA:186,0
DA:187,0
DA:188,0
DA:190,0
DA:191,0
DA:192,0
DA:193,0
DA:204,0
DA:205,0
DA:206,0
DA:207,0
DA:208,0
DA:209,0
DA:210,0
DA:211,0
DA:213,0
DA:214,0
DA:215,0
DA:218,0
DA:219,0
DA:220,0
DA:221,0
DA:222,0
DA:223,0
DA:224,0
DA:225,0
DA:226,0
DA:229,0
DA:231,0
DA:232,0
DA:233,0
DA:234,0
DA:235,0
DA:236,0
DA:237,0
DA:238,0
DA:240,0
DA:241,0
DA:244,0
DA:245,0
DA:246,0
DA:249,0
DA:251,0
DA:252,0
DA:253,0
DA:254,0
DA:255,0
DA:256,0
DA:257,0
DA:258,0
DA:259,0
DA:262,0
DA:263,0
DA:264,0
DA:265,0
DA:266,0
DA:267,0
DA:268,0
DA:271,0
DA:272,0
DA:273,0
DA:274,0
DA:275,0
DA:276,0
DA:277,0
LF:184
LH:0
end_of_record
SF:lib\services\notification\notification_service.dart
DA:102,0
LF:1
LH:0
end_of_record
SF:lib\services\notification\local_notification_service.dart
DA:30,5
DA:31,5
DA:32,5
DA:33,5
DA:36,2
DA:37,4
DA:39,1
DA:43,1
DA:62,2
DA:64,1
DA:68,0
DA:74,3
DA:80,0
DA:81,0
DA:91,0
DA:92,0
DA:93,0
DA:97,1
DA:99,1
DA:100,0
DA:101,0
DA:103,0
DA:105,1
DA:106,0
DA:107,0
DA:109,0
DA:120,2
DA:122,2
DA:123,0
DA:124,0
DA:126,0
DA:132,0
DA:138,0
DA:142,0
DA:146,0
DA:148,0
DA:155,0
DA:179,0
DA:184,0
DA:187,0
DA:189,0
DA:190,0
DA:193,0
DA:198,0
DA:203,0
DA:208,0
DA:210,0
DA:212,0
DA:213,0
DA:214,0
DA:221,0
DA:228,0
DA:233,0
DA:261,0
DA:265,0
DA:267,0
DA:268,0
DA:271,0
DA:274,0
DA:275,0
DA:276,0
DA:277,0
DA:280,0
DA:281,0
DA:285,0
DA:286,0
DA:287,0
DA:288,0
DA:289,0
DA:290,0
DA:291,0
DA:294,0
DA:298,0
DA:300,0
DA:311,0
DA:315,0
DA:320,0
DA:324,0
DA:328,0
DA:351,0
DA:354,0
DA:356,0
DA:361,0
DA:366,1
DA:368,2
DA:371,1
DA:373,2
DA:375,0
DA:376,0
DA:377,0
DA:382,1
DA:384,2
DA:387,1
DA:389,2
DA:391,0
DA:393,0
DA:397,0
DA:398,0
DA:399,0
DA:400,0
DA:402,0
DA:406,0
DA:407,0
DA:409,0
DA:415,0
DA:416,0
DA:418,0
DA:419,0
DA:420,0
DA:421,0
DA:422,0
DA:424,0
DA:427,0
DA:429,0
DA:430,0
DA:433,0
DA:439,0
DA:447,0
DA:448,0
DA:450,0
DA:451,0
DA:453,0
DA:454,0
DA:456,0
DA:457,0
DA:459,0
DA:462,0
DA:471,2
DA:473,2
DA:474,2
DA:477,1
DA:479,1
DA:482,1
DA:490,2
DA:510,2
DA:512,2
DA:521,0
DA:525,0
DA:528,0
DA:531,0
DA:532,0
DA:533,0
DA:534,0
DA:536,0
DA:537,0
DA:538,0
DA:540,0
DA:541,0
DA:542,0
DA:545,0
DA:547,0
DA:550,0
DA:554,0
DA:565,0
DA:567,0
DA:568,0
DA:572,0
DA:573,0
DA:574,0
DA:580,0
DA:581,0
DA:582,0
DA:583,0
DA:584,0
DA:585,0
DA:587,0
DA:588,0
DA:592,0
DA:595,0
DA:596,0
DA:599,0
DA:602,0
DA:611,0
DA:612,0
DA:613,0
DA:614,0
DA:618,0
DA:624,0
DA:625,0
DA:626,0
DA:630,0
DA:631,0
DA:633,0
DA:634,0
DA:635,0
DA:642,0
DA:644,0
DA:646,0
DA:648,0
DA:650,0
DA:656,0
DA:657,0
DA:658,0
DA:659,0
DA:661,0
DA:662,0
DA:663,0
DA:664,0
DA:666,0
DA:671,0
DA:672,0
DA:673,0
DA:674,0
DA:675,0
DA:677,0
DA:681,0
DA:682,0
DA:683,0
DA:684,0
DA:685,0
DA:689,0
DA:690,0
DA:694,0
DA:695,0
DA:696,0
DA:697,0
DA:701,0
DA:703,0
DA:705,0
DA:707,0
DA:715,0
DA:717,0
DA:719,0
DA:721,0
DA:730,0
DA:731,0
DA:737,0
DA:738,0
DA:740,0
DA:741,0
DA:748,0
DA:749,0
DA:755,0
DA:756,0
DA:763,5
DA:765,5
DA:766,0
DA:769,0
DA:770,0
DA:773,6
DA:779,2
DA:781,2
DA:782,0
DA:783,0
DA:785,3
DA:790,0
DA:792,0
DA:793,0
DA:795,0
DA:798,0
DA:799,0
DA:802,0
DA:805,0
DA:806,0
DA:809,0
DA:811,0
DA:816,0
DA:818,0
DA:819,0
DA:821,0
DA:822,0
DA:823,0
DA:826,0
DA:827,0
DA:828,0
DA:833,0
DA:835,0
DA:840,0
DA:842,0
DA:844,0
DA:846,0
DA:850,0
DA:855,0
DA:857,0
DA:858,0
DA:862,0
DA:863,0
DA:866,0
DA:867,0
DA:868,0
DA:869,0
DA:873,0
DA:876,0
DA:878,0
DA:879,0
DA:880,0
DA:887,0
DA:889,0
DA:890,0
DA:891,0
DA:892,0
DA:893,0
DA:894,0
DA:897,0
DA:899,0
DA:900,0
DA:901,0
DA:902,0
DA:906,0
DA:910,0
DA:914,1
DA:915,2
LF:302
LH:41
end_of_record
SF:lib\presentation\widgets\message_task_dialog.dart
DA:17,0
DA:25,0
DA:26,0
DA:36,0
DA:38,0
DA:40,0
DA:41,0
DA:42,0
DA:44,0
DA:45,0
DA:47,0
DA:48,0
DA:50,0
DA:51,0
DA:53,0
DA:57,0
DA:59,0
DA:60,0
DA:61,0
DA:64,0
DA:66,0
DA:67,0
DA:69,0
DA:73,0
DA:76,0
DA:78,0
DA:79,0
DA:81,0
DA:82,0
DA:83,0
DA:85,0
DA:88,0
DA:91,0
DA:93,0
DA:94,0
DA:95,0
DA:96,0
DA:97,0
DA:101,0
DA:102,0
DA:104,0
DA:105,0
DA:107,0
DA:111,0
DA:112,0
DA:113,0
DA:114,0
DA:115,0
DA:121,0
DA:122,0
DA:123,0
DA:131,0
DA:133,0
DA:134,0
DA:135,0
DA:136,0
DA:137,0
DA:140,0
DA:142,0
DA:143,0
DA:145,0
DA:147,0
DA:151,0
DA:152,0
DA:153,0
DA:166,0
DA:167,0
DA:168,0
DA:170,0
DA:172,0
DA:173,0
DA:174,0
DA:176,0
DA:177,0
DA:179,0
DA:187,0
DA:188,0
DA:189,0
DA:191,0
DA:192,0
DA:194,0
DA:202,0
DA:204,0
DA:207,0
DA:208,0
DA:209,0
DA:212,0
DA:214,0
DA:217,0
DA:219,0
DA:222,0
DA:225,0
DA:226,0
DA:227,0
DA:228,0
DA:236,0
DA:238,0
DA:239,0
DA:241,0
DA:242,0
DA:243,0
DA:244,0
DA:245,0
DA:246,0
DA:247,0
DA:248,0
DA:253,0
DA:254,0
DA:256,0
DA:257,0
DA:258,0
DA:261,0
DA:262,0
DA:271,0
DA:272,0
DA:274,0
DA:275,0
DA:276,0
DA:277,0
DA:278,0
DA:280,0
DA:281,0
DA:282,0
DA:283,0
DA:286,0
DA:296,0
DA:298,0
DA:299,0
DA:300,0
DA:304,0
DA:305,0
DA:306,0
DA:317,0
DA:318,0
DA:319,0
DA:328,0
DA:329,0
DA:330,0
DA:331,0
DA:333,0
DA:334,0
DA:335,0
DA:336,0
DA:338,0
DA:342,0
DA:344,0
DA:345,0
DA:346,0
DA:352,0
DA:354,0
DA:355,0
DA:356,0
DA:357,0
DA:358,0
DA:360,0
DA:362,0
DA:364,0
DA:371,0
DA:372,0
DA:373,0
DA:374,0
DA:376,0
LF:162
LH:0
end_of_record
SF:lib\services\ai\ai_task_parser.dart
DA:38,4
DA:50,2
DA:60,2
DA:61,1
DA:62,2
DA:63,2
DA:64,1
DA:65,1
DA:66,2
DA:67,2
DA:68,1
DA:70,1
DA:72,3
DA:73,3
DA:74,3
DA:84,3
DA:85,4
LF:17
LH:17
end_of_record
SF:lib\services\ai\claude_task_parser.dart
DA:14,0
DA:22,0
DA:23,0
DA:24,0
DA:26,0
DA:31,0
DA:32,0
DA:33,0
DA:35,0
DA:36,0
DA:40,0
DA:42,0
DA:45,0
DA:46,0
DA:47,0
DA:50,0
DA:52,0
DA:54,0
DA:57,0
DA:58,0
DA:59,0
DA:64,0
DA:66,0
DA:69,0
DA:70,0
DA:71,0
DA:76,0
DA:78,0
DA:81,0
DA:82,0
DA:83,0
DA:86,0
DA:91,0
DA:93,0
DA:95,0
DA:96,0
DA:98,0
DA:99,0
DA:106,0
DA:108,0
DA:109,0
DA:114,0
DA:116,0
DA:122,0
DA:123,0
DA:125,0
DA:126,0
DA:127,0
DA:133,0
DA:135,0
DA:139,0
DA:145,0
DA:147,0
DA:148,0
DA:153,0
DA:155,0
DA:159,0
DA:160,0
DA:165,0
DA:166,0
DA:174,0
DA:196,0
DA:200,0
DA:210,0
DA:214,0
DA:222,0
DA:225,0
DA:229,0
DA:240,0
DA:244,0
DA:254,0
DA:258,0
DA:260,0
DA:262,0
DA:263,0
DA:264,0
DA:265,0
DA:266,0
DA:267,0
DA:268,0
DA:269,0
DA:270,0
DA:274,0
DA:275,0
DA:277,0
DA:283,0
DA:285,0
DA:286,0
DA:288,0
DA:293,0
DA:295,0
DA:296,0
DA:297,0
DA:304,0
DA:306,0
DA:307,0
DA:314,0
DA:316,0
DA:317,0
DA:319,0
DA:324,0
DA:325,0
DA:326,0
DA:328,0
DA:330,0
DA:338,0
DA:340,0
DA:341,0
DA:342,0
DA:345,0
DA:349,0
DA:350,0
LF:112
LH:0
end_of_record
SF:lib\services\ai\composite_ai_task_parser.dart
DA:17,1
DA:25,0
DA:27,1
DA:28,4
DA:30,3
DA:31,2
DA:32,1
DA:34,1
DA:35,2
DA:38,1
DA:39,1
DA:41,1
DA:44,2
DA:45,1
DA:46,1
DA:47,1
DA:48,1
DA:49,2
DA:56,0
DA:57,1
DA:59,1
DA:60,2
DA:63,1
DA:64,1
DA:66,1
DA:67,2
DA:70,3
DA:71,2
DA:74,0
DA:78,0
DA:79,1
DA:81,1
DA:82,0
DA:85,1
DA:86,1
DA:88,1
DA:96,2
DA:97,0
DA:99,0
DA:100,0
DA:103,0
DA:104,0
DA:106,0
DA:109,0
DA:113,0
DA:114,0
DA:116,0
DA:117,0
DA:120,0
DA:121,0
DA:123,0
DA:124,0
DA:127,0
DA:128,0
DA:131,0
DA:135,0
DA:139,1
DA:140,1
DA:141,1
DA:142,1
DA:143,1
DA:144,1
DA:145,0
DA:146,0
DA:147,0
DA:154,1
DA:155,1
DA:156,1
DA:157,1
DA:158,1
DA:160,1
DA:165,1
DA:166,1
DA:167,1
DA:168,1
DA:169,1
DA:170,1
DA:176,1
DA:177,1
DA:179,3
DA:180,1
DA:183,3
DA:184,0
DA:191,0
DA:192,0
DA:193,0
LF:86
LH:55
end_of_record
SF:lib\services\ai\openai_task_parser.dart
DA:14,0
DA:22,0
DA:23,0
DA:24,0
DA:26,0
DA:31,0
DA:32,0
DA:33,0
DA:35,0
DA:36,0
DA:40,0
DA:42,0
DA:45,0
DA:46,0
DA:47,0
DA:50,0
DA:52,0
DA:54,0
DA:57,0
DA:58,0
DA:59,0
DA:64,0
DA:66,0
DA:69,0
DA:70,0
DA:71,0
DA:76,0
DA:78,0
DA:81,0
DA:82,0
DA:83,0
DA:86,0
DA:91,0
DA:93,0
DA:95,0
DA:96,0
DA:97,0
DA:98,0
DA:102,0
DA:111,0
DA:113,0
DA:114,0
DA:118,0
DA:120,0
DA:126,0
DA:127,0
DA:129,0
DA:130,0
DA:131,0
DA:137,0
DA:139,0
DA:143,0
DA:149,0
DA:151,0
DA:152,0
DA:157,0
DA:159,0
DA:163,0
DA:164,0
DA:169,0
DA:170,0
DA:178,0
DA:200,0
DA:204,0
DA:214,0
DA:218,0
DA:226,0
DA:229,0
DA:233,0
DA:244,0
DA:248,0
DA:258,0
DA:262,0
DA:264,0
DA:266,0
DA:267,0
DA:268,0
DA:269,0
DA:270,0
DA:271,0
DA:272,0
DA:273,0
DA:274,0
DA:278,0
DA:279,0
DA:281,0
DA:287,0
DA:289,0
DA:290,0
DA:292,0
DA:297,0
DA:299,0
DA:300,0
DA:301,0
DA:308,0
DA:310,0
DA:311,0
DA:318,0
DA:320,0
DA:321,0
DA:323,0
DA:328,0
DA:329,0
DA:330,0
DA:332,0
DA:334,0
DA:342,0
DA:344,0
DA:345,0
DA:346,0
DA:349,0
DA:353,0
DA:354,0
LF:113
LH:0
end_of_record
SF:lib\services\ai\local_task_parser.dart
DA:6,1
DA:7,1
DA:8,1
DA:10,1
DA:11,1
DA:12,1
DA:13,1
DA:14,1
DA:15,1
DA:17,1
DA:25,1
DA:27,1
DA:29,1
DA:30,1
DA:32,2
DA:33,1
DA:35,2
DA:36,1
DA:38,2
DA:39,1
DA:41,2
DA:42,1
DA:44,2
DA:45,1
DA:47,2
DA:48,1
DA:50,2
DA:51,0
DA:53,2
DA:54,1
DA:56,2
DA:57,1
DA:59,2
DA:60,1
DA:62,2
DA:63,0
DA:65,2
DA:66,0
DA:69,2
DA:70,1
DA:72,1
DA:73,1
DA:75,2
DA:76,4
DA:79,2
DA:80,1
DA:81,4
DA:84,2
DA:85,2
DA:86,2
DA:87,4
DA:90,2
DA:91,1
DA:92,4
DA:95,2
DA:96,0
DA:97,0
DA:100,1
DA:105,2
DA:106,2
DA:107,1
DA:108,4
DA:109,3
DA:110,4
DA:114,2
DA:116,2
DA:118,2
DA:119,4
DA:123,2
DA:125,0
DA:127,0
DA:128,0
DA:132,1
DA:133,1
DA:134,1
DA:135,1
DA:138,2
DA:139,1
DA:143,2
DA:144,0
DA:145,0
DA:146,0
DA:148,2
DA:149,2
DA:150,2
DA:152,1
DA:160,1
DA:162,1
DA:164,2
DA:171,2
DA:178,2
DA:186,1
DA:188,1
DA:191,2
DA:192,2
DA:193,3
DA:194,2
DA:195,1
DA:197,4
DA:198,1
DA:199,1
DA:206,2
DA:207,2
DA:208,2
DA:209,1
DA:210,1
DA:215,2
DA:216,2
DA:218,2
DA:219,1
DA:220,1
DA:225,3
DA:228,1
DA:230,2
DA:231,1
DA:233,2
DA:234,2
DA:236,1
DA:237,2
DA:238,0
DA:239,0
DA:242,0
DA:245,1
DA:246,1
DA:248,4
DA:252,1
DA:253,2
DA:254,4
DA:255,1
DA:256,2
DA:257,1
DA:259,0
DA:265,1
DA:266,3
LF:134
LH:119
end_of_record
SF:lib\services\database\daos\project_dao.g.dart
DA:7,12
DA:8,0
LF:2
LH:1
end_of_record
SF:lib\services\database\daos\project_dao.dart
DA:14,4
DA:17,4
DA:18,12
DA:19,0
DA:21,0
DA:22,0
DA:23,0
DA:30,2
DA:31,4
DA:32,8
DA:33,2
DA:35,0
DA:36,0
DA:37,0
DA:38,0
DA:45,0
DA:46,0
DA:49,0
DA:53,0
DA:54,0
DA:58,0
DA:59,0
DA:60,0
DA:65,0
DA:66,0
DA:68,0
DA:69,0
DA:72,0
DA:77,0
DA:78,0
DA:79,0
DA:81,0
DA:86,0
DA:87,0
DA:88,0
DA:90,0
DA:95,0
DA:96,0
DA:97,0
DA:100,0
DA:101,0
DA:103,0
DA:104,0
DA:105,0
DA:107,0
DA:108,0
DA:110,0
DA:113,0
DA:114,0
DA:115,0
DA:116,0
DA:117,0
DA:118,0
DA:119,0
DA:120,0
DA:122,0
DA:123,0
DA:125,0
DA:128,0
DA:129,0
DA:130,0
DA:131,0
DA:132,0
DA:137,0
DA:141,0
DA:142,0
DA:143,0
DA:144,0
DA:146,0
DA:147,0
DA:148,0
DA:149,0
DA:156,0
DA:157,0
DA:158,0
DA:159,0
DA:160,0
DA:161,0
DA:168,0
DA:169,0
DA:170,0
DA:171,0
DA:172,0
DA:173,0
DA:174,0
DA:181,0
DA:183,0
DA:184,0
DA:186,0
DA:187,0
DA:188,0
DA:189,0
DA:190,0
DA:191,0
DA:192,0
DA:194,0
DA:195,0
DA:200,0
DA:201,0
DA:202,0
DA:203,0
DA:204,0
DA:205,0
DA:206,0
DA:207,0
DA:208,0
DA:209,0
DA:219,0
LF:108
LH:7
end_of_record
SF:lib\services\database\tables.dart
DA:7,0
DA:8,0
DA:9,0
DA:10,0
DA:11,0
DA:12,0
DA:13,0
DA:14,0
DA:15,0
DA:16,0
DA:17,0
DA:18,0
DA:19,0
DA:20,0
DA:21,0
DA:24,0
DA:25,0
DA:26,0
DA:27,0
DA:28,0
DA:29,2
DA:30,2
DA:39,0
DA:40,0
DA:41,0
DA:42,0
DA:43,0
DA:44,0
DA:45,0
DA:46,2
DA:47,2
DA:56,0
DA:57,0
DA:58,0
DA:59,0
DA:60,0
DA:67,0
DA:68,0
DA:69,2
DA:70,2
DA:80,0
DA:81,0
DA:82,0
DA:83,0
DA:84,0
DA:85,0
DA:86,0
DA:87,0
DA:88,0
DA:95,0
DA:96,0
DA:97,2
DA:98,2
DA:108,0
DA:109,0
DA:110,0
DA:111,0
DA:112,0
DA:113,0
DA:114,0
DA:115,0
DA:116,0
DA:117,0
DA:118,0
DA:119,0
DA:120,0
DA:121,0
DA:122,0
DA:123,0
DA:124,0
DA:127,0
DA:128,0
DA:129,0
DA:130,0
DA:131,0
DA:132,2
DA:133,2
DA:142,0
DA:143,0
DA:144,0
DA:145,0
DA:146,0
DA:147,0
DA:148,0
DA:150,0
DA:151,0
LF:86
LH:10
end_of_record
SF:lib\services\database\daos\subtask_dao.dart
DA:11,2
DA:14,0
DA:15,0
DA:16,0
DA:17,0
DA:19,0
DA:20,0
DA:24,0
DA:25,0
DA:26,0
DA:28,0
DA:29,0
DA:33,0
DA:34,0
DA:35,0
DA:37,0
DA:38,0
DA:42,0
DA:43,0
DA:47,0
DA:48,0
DA:49,0
DA:53,0
DA:54,0
DA:58,0
DA:59,0
DA:63,0
DA:64,0
DA:65,0
DA:66,0
DA:67,0
DA:68,0
DA:69,0
DA:70,0
DA:76,0
DA:77,0
DA:78,0
DA:79,0
DA:81,0
DA:82,0
DA:86,0
DA:87,0
DA:88,0
DA:89,0
DA:91,0
DA:92,0
DA:96,0
DA:97,0
DA:98,0
DA:100,0
DA:101,0
DA:105,0
DA:106,0
DA:107,0
DA:109,0
DA:114,0
DA:115,0
DA:116,0
DA:123,0
DA:124,0
DA:125,0
DA:126,0
DA:128,0
DA:129,0
DA:130,0
DA:134,0
DA:135,0
DA:136,0
DA:137,0
DA:138,0
DA:139,0
DA:140,0
DA:141,0
DA:142,0
DA:147,0
DA:148,0
DA:149,0
DA:150,0
DA:151,0
DA:152,0
DA:153,0
DA:154,0
DA:155,0
DA:160,2
DA:161,4
DA:162,8
DA:163,10
DA:165,4
DA:169,2
DA:170,4
DA:171,0
DA:172,0
DA:173,0
LF:93
LH:8
end_of_record
SF:lib\services\database\daos\subtask_dao.g.dart
DA:7,0
DA:8,0
DA:9,6
LF:3
LH:1
end_of_record
SF:lib\services\database\daos\task_dao.g.dart
DA:7,0
DA:8,36
DA:9,6
DA:10,6
DA:11,6
DA:12,2
DA:13,4
LF:7
LH:6
end_of_record
SF:lib\services\database\daos\task_dao.dart
DA:21,12
DA:24,5
DA:25,15
DA:26,2
DA:28,4
DA:29,2
DA:30,2
DA:37,2
DA:38,14
DA:41,2
DA:45,2
DA:48,4
DA:49,0
DA:51,6
DA:52,0
DA:55,6
DA:57,8
DA:60,2
DA:61,0
DA:62,0
DA:64,0
DA:68,2
DA:69,0
DA:70,0
DA:74,0
DA:75,0
DA:79,0
DA:85,2
DA:86,0
DA:87,0
DA:91,0
DA:92,0
DA:96,0
DA:102,3
DA:108,2
DA:111,4
DA:112,0
DA:114,6
DA:115,0
DA:119,4
DA:121,0
DA:125,4
DA:126,0
DA:127,0
DA:128,0
DA:129,0
DA:130,0
DA:136,4
DA:138,6
DA:140,4
DA:141,12
DA:142,2
DA:143,0
DA:144,4
DA:145,4
DA:147,2
DA:149,0
DA:151,0
DA:153,0
DA:154,0
DA:155,0
DA:160,16
DA:161,2
DA:162,0
DA:163,0
DA:165,0
DA:169,16
DA:170,2
DA:171,0
DA:172,0
DA:176,0
DA:177,0
DA:181,0
DA:187,16
DA:188,2
DA:189,0
DA:190,0
DA:194,0
DA:195,0
DA:199,0
DA:204,0
DA:207,0
DA:213,1
DA:217,1
DA:219,1
DA:221,2
DA:222,0
DA:223,0
DA:224,0
DA:225,0
DA:229,0
DA:232,0
DA:235,0
DA:237,0
DA:241,0
DA:243,0
DA:252,2
DA:253,6
DA:255,14
DA:261,0
DA:262,0
DA:263,0
DA:265,0
DA:266,0
DA:267,0
DA:268,0
DA:275,2
DA:276,2
DA:277,14
DA:279,2
DA:280,4
DA:281,2
DA:282,2
DA:289,1
DA:290,1
DA:291,4
DA:292,1
DA:294,2
DA:295,4
DA:296,1
DA:298,1
DA:299,2
DA:300,1
DA:301,1
DA:308,1
DA:309,1
DA:310,2
DA:311,8
DA:312,1
DA:314,1
DA:315,2
DA:316,1
DA:317,1
DA:324,2
DA:325,4
DA:326,14
DA:327,2
DA:329,2
DA:330,4
DA:331,2
DA:332,2
DA:339,3
DA:340,21
DA:342,1
DA:343,1
DA:344,0
DA:345,0
DA:352,2
DA:354,4
DA:355,14
DA:356,2
DA:359,8
DA:360,14
DA:361,14
DA:362,10
DA:365,2
DA:368,4
DA:369,4
DA:370,2
DA:371,4
DA:375,2
DA:376,0
DA:377,0
DA:378,0
DA:379,0
DA:383,2
DA:384,4
[...]
DA:324,0
DA:325,0
DA:328,0
DA:329,0
DA:332,0
DA:333,0
DA:336,0
DA:337,0
DA:338,0
DA:339,0
DA:341,0
DA:343,0
DA:344,0
DA:348,0
DA:349,0
DA:362,0
DA:363,0
DA:364,0
DA:366,0
DA:367,0
DA:368,0
DA:370,0
DA:373,0
DA:375,0
DA:378,0
DA:379,0
DA:380,0
DA:381,0
DA:386,0
DA:388,0
DA:389,0
DA:391,0
DA:392,0
DA:393,0
DA:394,0
DA:396,0
DA:397,0
DA:399,0
DA:400,0
DA:401,0
DA:402,0
DA:403,0
DA:408,0
DA:426,0
DA:427,0
DA:429,0
DA:431,0
DA:433,0
DA:439,0
DA:440,0
DA:443,0
DA:444,0
DA:447,0
DA:455,0
DA:457,0
DA:458,0
DA:459,0
DA:460,0
DA:461,0
DA:462,0
DA:465,0
DA:466,0
DA:468,0
DA:469,0
DA:472,0
DA:474,0
DA:475,0
DA:478,0
DA:479,0
DA:480,0
DA:490,0
DA:495,0
DA:497,0
DA:499,0
DA:501,0
DA:502,0
DA:503,0
DA:505,0
DA:506,0
DA:508,0
DA:510,0
DA:512,0
DA:515,0
DA:517,0
DA:518,0
DA:519,0
DA:520,0
DA:522,0
DA:524,0
DA:527,0
DA:529,0
DA:530,0
DA:531,0
DA:539,0
DA:546,0
DA:548,0
DA:550,0
DA:551,0
DA:552,0
DA:554,0
DA:555,0
DA:556,0
DA:559,0
DA:561,0
DA:562,0
DA:565,0
DA:567,0
DA:568,0
DA:569,0
DA:570,0
DA:573,0
DA:575,0
DA:576,0
DA:577,0
DA:585,0
DA:587,0
DA:588,0
DA:591,0
DA:593,0
DA:594,0
DA:596,0
DA:598,0
DA:599,0
DA:600,0
DA:603,0
DA:604,0
DA:605,0
DA:613,0
DA:614,0
DA:615,0
DA:621,0
DA:622,0
DA:623,0
DA:625,0
DA:626,0
DA:628,0
DA:630,0
DA:633,0
DA:635,0
DA:636,0
DA:637,0
DA:638,0
DA:639,0
DA:640,0
DA:641,0
DA:642,0
DA:643,0
DA:645,0
DA:646,0
DA:647,0
DA:654,0
DA:655,0
DA:656,0
DA:665,0
DA:666,0
DA:667,0
DA:669,0
DA:670,0
DA:672,0
DA:674,0
DA:677,0
DA:679,0
DA:680,0
DA:681,0
DA:682,0
DA:683,0
DA:684,0
DA:685,0
DA:686,0
DA:687,0
DA:689,0
DA:690,0
DA:691,0
DA:693,0
DA:694,0
DA:695,0
DA:696,0
DA:697,0
DA:698,0
DA:699,0
DA:700,0
DA:710,0
DA:711,0
DA:712,0
DA:721,0
DA:722,0
DA:724,0
DA:729,0
DA:730,0
DA:731,0
DA:734,0
DA:735,0
DA:736,0
DA:737,0
DA:739,0
DA:740,0
DA:741,0
DA:749,0
DA:750,0
DA:759,1
DA:760,1
DA:762,2
DA:776,1
DA:777,1
DA:778,0
DA:786,0
DA:788,0
DA:790,0
DA:792,0
DA:794,0
DA:796,0
DA:801,0
DA:803,0
DA:805,0
DA:807,0
DA:809,0
DA:811,0
LF:353
LH:17
end_of_record
SF:lib\presentation\screens\onboarding_screen.dart
DA:12,1
DA:13,1
DA:14,1
DA:58,1
DA:60,1
DA:61,2
DA:62,2
DA:67,2
DA:70,2
DA:71,1
DA:75,2
DA:78,2
DA:79,1
DA:83,2
DA:86,1
DA:88,2
DA:89,2
DA:90,1
DA:93,0
DA:94,0
DA:95,0
DA:100,0
DA:104,0
DA:105,0
DA:106,0
DA:113,0
DA:114,0
DA:117,0
DA:119,0
DA:122,1
DA:124,1
DA:125,1
DA:126,1
DA:127,1
DA:129,1
DA:131,1
DA:133,1
DA:135,1
DA:136,4
DA:137,4
DA:138,3
DA:142,4
DA:143,1
DA:144,1
DA:146,1
DA:148,3
DA:158,1
DA:160,1
DA:161,4
DA:162,3
DA:163,1
DA:164,3
DA:170,1
DA:171,1
DA:172,1
DA:173,0
DA:174,0
DA:175,0
DA:176,0
DA:179,0
DA:181,0
DA:182,0
DA:186,1
DA:187,1
DA:188,1
DA:189,1
DA:190,1
DA:191,1
DA:192,3
DA:200,1
DA:202,1
DA:204,1
DA:206,2
DA:207,0
DA:208,0
DA:210,0
DA:211,0
DA:212,0
DA:214,0
DA:216,0
DA:217,0
DA:224,1
DA:227,1
DA:228,3
DA:229,1
DA:232,2
DA:234,1
DA:235,1
DA:236,2
DA:237,3
DA:238,3
DA:245,1
DA:246,1
DA:248,4
DA:249,1
DA:251,1
DA:252,5
DA:254,1
DA:255,5
DA:270,1
DA:271,1
DA:273,1
DA:275,1
DA:277,1
DA:280,1
DA:282,2
DA:284,1
DA:285,1
DA:287,1
DA:294,1
DA:295,1
DA:296,5
DA:298,4
DA:306,1
DA:307,1
DA:308,5
DA:309,4
DA:318,2
DA:319,2
DA:320,2
DA:326,0
DA:327,0
DA:328,0
DA:330,0
DA:331,0
DA:332,0
DA:333,0
DA:334,0
DA:337,0
DA:338,0
DA:340,0
DA:341,0
DA:343,0
DA:344,0
DA:348,0
DA:350,0
DA:363,0
DA:364,0
DA:365,0
DA:366,0
DA:367,0
DA:372,0
DA:373,0
DA:378,0
DA:379,0
DA:387,0
DA:388,0
DA:389,0
DA:391,0
DA:392,0
DA:393,0
DA:394,0
DA:395,0
DA:396,0
DA:397,0
DA:400,0
DA:402,0
DA:407,0
DA:408,0
DA:409,0
DA:422,0
DA:423,0
DA:424,0
DA:442,0
DA:447,0
DA:448,0
DA:449,0
DA:452,0
DA:455,0
DA:456,0
DA:458,0
DA:459,0
DA:461,0
DA:465,0
DA:467,0
DA:468,0
DA:486,1
LF:177
LH:95
end_of_record
SF:lib\presentation\screens\security_settings_screen.dart
DA:15,1
DA:16,1
DA:18,2
DA:20,1
DA:23,1
DA:24,0
DA:25,1
DA:26,0
DA:27,0
DA:29,0
DA:30,0
DA:31,0
DA:33,0
DA:36,0
DA:38,0
DA:41,0
DA:42,0
DA:43,0
DA:44,0
DA:49,0
DA:51,0
DA:53,0
DA:54,0
DA:55,0
DA:56,0
DA:73,0
DA:78,0
DA:79,0
DA:80,0
DA:81,0
DA:82,0
DA:84,0
DA:85,0
DA:87,0
DA:89,0
DA:90,0
DA:91,0
DA:92,0
DA:94,0
DA:97,0
DA:98,0
DA:101,0
DA:105,0
DA:106,0
DA:107,0
DA:108,0
DA:109,0
DA:112,0
DA:113,0
DA:116,0
DA:119,0
DA:120,0
DA:123,0
DA:124,0
DA:127,0
DA:130,0
DA:131,0
DA:133,0
DA:134,0
DA:135,0
DA:138,0
DA:141,0
DA:142,0
DA:144,0
DA:145,0
DA:146,0
DA:156,0
DA:157,0
DA:159,0
DA:161,0
DA:162,0
DA:163,0
DA:164,0
DA:167,0
DA:168,0
DA:169,0
DA:175,0
DA:176,0
DA:179,0
DA:180,0
DA:181,0
DA:187,0
DA:188,0
DA:191,0
DA:192,0
DA:193,0
DA:203,0
DA:204,0
DA:206,0
DA:208,0
DA:209,0
DA:210,0
DA:211,0
DA:214,0
DA:215,0
DA:216,0
DA:222,0
DA:223,0
DA:226,0
DA:227,0
DA:228,0
DA:234,0
DA:235,0
DA:238,0
DA:239,0
DA:240,0
DA:250,0
DA:251,0
DA:253,0
DA:255,0
DA:256,0
DA:257,0
DA:258,0
DA:259,0
DA:260,0
DA:264,0
DA:265,0
DA:270,0
DA:271,0
DA:272,0
DA:273,0
DA:277,0
DA:278,0
DA:281,0
DA:284,0
DA:285,0
DA:286,0
DA:287,0
DA:291,0
DA:292,0
DA:306,0
DA:307,0
DA:309,0
DA:311,0
DA:313,0
DA:319,0
DA:327,0
DA:329,0
DA:333,0
DA:336,0
DA:337,0
DA:342,0
DA:343,0
DA:344,0
DA:348,0
DA:349,0
DA:354,0
DA:355,0
DA:356,0
DA:363,0
DA:364,0
DA:367,0
DA:372,0
DA:381,0
DA:383,0
DA:385,0
DA:387,0
DA:388,0
DA:389,0
DA:390,0
DA:392,0
DA:393,0
DA:394,0
DA:396,0
DA:397,0
DA:398,0
DA:399,0
DA:405,0
DA:407,0
DA:408,0
DA:409,0
DA:417,0
DA:422,0
DA:424,0
DA:426,0
DA:428,0
DA:430,0
DA:431,0
DA:432,0
DA:433,0
DA:435,0
DA:436,0
DA:437,0
DA:439,0
DA:440,0
DA:441,0
DA:442,0
DA:448,0
DA:450,0
DA:451,0
DA:452,0
DA:460,0
DA:461,0
DA:463,0
DA:468,0
DA:469,0
DA:470,0
DA:473,0
DA:474,0
DA:475,0
DA:476,0
DA:477,0
DA:478,0
DA:483,0
DA:484,0
DA:493,0
DA:494,0
DA:496,0
DA:497,0
DA:500,0
DA:501,0
DA:504,0
DA:505,0
DA:508,0
DA:510,0
DA:512,0
DA:513,0
DA:516,0
DA:517,0
DA:518,0
DA:519,0
DA:520,0
DA:521,0
DA:522,0
DA:530,0
DA:533,0
DA:535,0
DA:537,0
DA:538,0
DA:539,0
DA:541,0
DA:544,0
DA:552,0
DA:553,0
DA:554,0
DA:562,0
DA:563,0
DA:572,0
DA:574,0
DA:576,0
DA:577,0
DA:580,0
DA:582,0
DA:584,0
DA:585,0
DA:586,0
DA:588,0
DA:591,0
DA:594,0
DA:597,0
DA:598,0
DA:599,0
DA:607,0
DA:608,0
DA:609,0
DA:611,0
DA:615,0
DA:616,0
DA:617,0
DA:618,0
DA:619,0
DA:621,0
DA:625,0
DA:626,0
DA:628,0
LF:265
LH:6
end_of_record
SF:lib\presentation\widgets\animated_priority_chip.dart
DA:20,1
DA:32,1
DA:33,1
DA:47,1
DA:49,1
DA:50,1
DA:51,4
DA:52,1
DA:56,1
DA:58,1
DA:59,4
DA:60,4
DA:61,4
DA:62,4
DA:63,1
DA:65,0
DA:70,1
DA:72,2
DA:73,1
DA:78,2
DA:84,2
DA:90,2
DA:93,2
DA:94,1
DA:99,2
DA:102,2
DA:103,1
DA:108,2
DA:111,2
DA:112,1
DA:123,1
DA:124,2
DA:125,1
DA:127,1
DA:129,1
DA:131,1
DA:136,1
DA:137,2
DA:138,1
DA:140,1
DA:142,1
DA:144,1
DA:149,1
DA:150,2
DA:151,1
DA:153,1
DA:155,1
DA:157,1
DA:162,1
DA:163,6
DA:166,1
DA:167,2
DA:168,3
DA:169,2
DA:173,0
DA:174,0
DA:175,0
DA:178,1
DA:179,2
DA:180,2
DA:181,1
DA:185,1
DA:186,2
DA:187,2
DA:191,0
DA:192,0
DA:193,0
DA:197,1
DA:198,4
DA:199,1
DA:200,3
DA:204,1
DA:206,1
DA:208,1
DA:209,2
DA:210,1
DA:211,2
DA:212,1
DA:213,1
DA:214,1
DA:216,1
DA:217,1
DA:218,1
DA:219,6
DA:222,1
DA:223,1
DA:228,1
DA:229,1
DA:230,1
DA:231,1
DA:232,1
DA:233,1
DA:234,2
DA:235,1
DA:236,2
DA:237,2
DA:242,1
DA:244,1
DA:245,1
DA:246,1
DA:249,5
DA:250,1
DA:251,4
DA:252,4
DA:253,4
DA:255,3
DA:256,1
DA:257,4
DA:261,1
DA:262,1
DA:263,2
DA:269,1
DA:271,1
DA:272,1
DA:273,1
DA:275,1
DA:278,1
DA:279,1
DA:280,3
DA:281,1
DA:296,1
DA:297,2
DA:298,1
DA:299,1
DA:300,1
DA:301,1
DA:302,1
DA:303,1
DA:304,1
DA:305,1
DA:309,1
DA:311,1
DA:312,1
DA:315,1
DA:317,2
DA:318,2
DA:319,2
DA:320,1
DA:331,1
DA:339,1
DA:341,1
DA:342,1
DA:344,1
DA:345,1
DA:346,1
DA:347,1
DA:360,1
DA:368,1
DA:370,1
DA:371,1
DA:372,1
DA:373,1
DA:374,1
DA:375,1
DA:377,1
DA:378,1
DA:379,1
DA:380,1
DA:381,1
DA:383,1
DA:384,1
DA:385,1
DA:386,1
DA:387,1
DA:398,1
DA:404,1
DA:407,1
DA:408,1
DA:409,1
DA:410,1
DA:420,1
DA:426,1
DA:429,1
DA:430,1
DA:431,1
DA:432,1
LF:176
LH:169
end_of_record
SF:lib\presentation\widgets\custom_buttons.dart
DA:17,1
DA:26,1
DA:28,1
DA:29,2
DA:30,1
DA:31,1
DA:33,1
DA:35,1
DA:36,1
DA:37,1
DA:45,2
DA:46,2
DA:49,1
DA:50,1
DA:51,4
DA:61,2
DA:73,1
DA:82,1
DA:84,1
DA:85,1
DA:86,2
DA:87,1
DA:88,1
DA:90,1
DA:92,1
DA:93,1
DA:94,1
DA:97,1
DA:99,2
DA:102,1
DA:103,0
DA:106,1
DA:107,1
DA:108,3
DA:110,2
DA:118,1
DA:129,1
DA:137,1
DA:139,1
DA:140,1
DA:142,1
DA:143,1
DA:145,1
DA:146,2
DA:147,1
DA:148,2
DA:150,1
DA:151,1
DA:153,1
DA:155,1
DA:156,1
DA:157,1
DA:160,1
DA:162,2
DA:165,1
DA:166,0
DA:169,1
DA:170,1
DA:171,3
DA:173,2
DA:192,1
DA:200,1
DA:202,1
DA:207,1
DA:213,2
DA:214,1
DA:215,2
DA:218,2
DA:219,2
DA:222,1
DA:223,3
DA:224,1
DA:225,1
DA:226,2
DA:227,1
DA:228,1
DA:230,1
DA:231,1
DA:232,1
DA:233,1
DA:254,1
DA:263,1
DA:265,1
DA:266,1
DA:268,1
DA:269,3
DA:270,3
DA:271,1
DA:273,1
DA:274,2
DA:275,1
DA:276,2
DA:278,1
DA:279,1
DA:280,1
DA:281,1
DA:282,1
DA:283,3
DA:284,3
DA:289,1
DA:292,1
DA:294,1
DA:295,1
DA:296,1
DA:304,1
DA:305,0
DA:308,1
DA:309,1
DA:310,3
DA:322,2
LF:110
LH:107
end_of_record
SF:lib\core\errors\failures.dart
DA:8,1
DA:10,0
DA:11,0
DA:16,0
DA:21,0
DA:26,0
DA:31,0
DA:36,0
DA:41,0
DA:46,0
DA:51,0
DA:56,1
LF:12
LH:2
end_of_record
SF:lib\presentation\widgets\error_widgets.dart
DA:10,1
DA:11,4
DA:14,1
DA:15,2
DA:18,0
DA:20,0
DA:32,1
DA:41,1
DA:43,1
DA:44,1
DA:46,1
DA:48,1
DA:49,1
DA:50,4
DA:51,4
DA:53,1
DA:56,1
DA:57,1
DA:59,1
DA:62,1
DA:64,1
DA:69,1
DA:74,1
DA:83,1
DA:84,1
DA:85,1
DA:86,1
DA:88,1
DA:89,2
DA:90,1
DA:92,1
DA:93,1
DA:94,2
DA:99,1
DA:100,1
DA:101,1
DA:102,3
DA:103,2
DA:108,1
DA:109,0
DA:110,2
DA:117,1
DA:118,1
DA:120,1
DA:123,1
DA:124,3
DA:125,1
DA:126,1
DA:127,3
DA:130,1
DA:132,1
DA:133,1
DA:134,3
DA:135,3
DA:136,2
DA:140,2
DA:142,0
DA:144,0
DA:145,0
DA:156,1
DA:157,1
DA:160,1
DA:161,1
DA:162,1
DA:164,1
DA:165,1
DA:166,2
DA:167,2
DA:176,1
DA:177,1
DA:179,1
DA:180,0
DA:187,1
DA:188,1
DA:190,1
DA:191,1
DA:192,2
DA:193,2
DA:200,1
DA:207,0
DA:209,0
DA:210,0
DA:211,0
DA:212,0
DA:214,0
DA:216,0
DA:223,0
DA:237,1
DA:245,1
DA:247,1
DA:248,1
DA:250,1
DA:252,1
DA:253,1
DA:254,1
DA:255,4
DA:256,4
DA:258,1
DA:261,1
DA:262,1
DA:264,1
DA:266,1
DA:268,1
DA:270,1
DA:271,2
DA:274,1
DA:275,1
DA:277,2
DA:284,1
DA:285,1
DA:286,3
DA:287,2
DA:297,1
DA:298,1
DA:299,3
DA:300,2
DA:309,1
DA:319,1
DA:320,1
DA:322,1
DA:323,1
DA:325,1
DA:326,1
DA:331,1
DA:333,1
DA:334,0
DA:339,1
DA:341,1
DA:342,0
DA:350,0
DA:353,0
DA:356,0
DA:358,0
DA:366,0
DA:370,0
DA:371,0
DA:372,0
DA:373,0
DA:374,0
DA:376,0
DA:378,0
DA:385,0
DA:399,1
DA:407,1
DA:409,1
DA:410,1
DA:412,1
DA:413,1
DA:414,2
DA:415,1
DA:417,1
DA:418,1
DA:419,2
DA:420,1
DA:421,2
DA:423,2
DA:424,1
DA:425,1
DA:426,3
DA:427,2
DA:432,2
DA:433,2
DA:434,1
DA:436,1
DA:437,1
DA:454,1
DA:460,1
DA:461,1
DA:469,1
DA:471,1
DA:472,2
DA:476,4
DA:477,2
DA:480,1
DA:482,2
DA:483,1
DA:486,1
DA:488,1
DA:489,1
DA:490,1
DA:492,1
DA:493,1
DA:495,1
DA:497,1
DA:499,0
DA:500,0
DA:502,0
DA:504,1
DA:505,1
DA:506,1
DA:507,1
DA:508,4
DA:509,1
DA:510,1
DA:512,2
DA:518,1
DA:519,2
DA:520,3
DA:521,2
DA:526,3
DA:528,1
DA:530,1
DA:531,2
DA:551,1
DA:559,1
DA:561,1
DA:563,1
DA:565,1
DA:566,1
DA:567,1
DA:568,1
DA:569,2
DA:570,2
DA:571,1
DA:573,2
DA:574,2
DA:577,1
DA:578,1
DA:579,2
DA:580,2
DA:581,1
DA:583,2
LF:222
LH:189
end_of_record
SF:lib\presentation\widgets\profile_setup_flow.dart
DA:14,1
DA:19,1
DA:20,1
DA:35,1
DA:37,1
DA:40,2
DA:41,0
DA:42,0
DA:43,0
DA:44,0
DA:45,0
DA:46,0
DA:47,0
DA:48,0
DA:49,0
DA:50,0
DA:53,2
DA:54,0
DA:56,2
DA:57,0
DA:61,1
DA:63,2
DA:64,2
DA:65,2
DA:66,2
DA:67,1
DA:70,1
DA:71,2
DA:72,4
DA:73,2
DA:74,8
DA:76,3
DA:77,2
DA:78,2
DA:79,2
DA:80,4
DA:82,2
DA:83,2
DA:87,2
DA:89,0
DA:93,1
DA:94,2
DA:95,2
DA:96,2
DA:98,2
DA:105,0
DA:106,0
DA:107,0
DA:111,0
DA:112,0
DA:116,0
DA:118,0
DA:119,0
DA:120,0
DA:122,0
DA:123,0
DA:124,0
DA:126,0
DA:129,0
DA:130,0
DA:133,0
DA:134,0
DA:135,0
DA:136,0
DA:142,0
DA:143,0
DA:144,0
DA:145,0
DA:146,0
DA:152,0
DA:154,0
DA:155,0
DA:163,0
DA:164,0
DA:168,0
DA:172,0
DA:173,0
DA:174,0
DA:178,1
DA:180,1
DA:182,1
DA:183,2
DA:184,1
DA:185,1
DA:186,1
DA:188,1
DA:191,1
DA:192,1
DA:193,1
DA:195,1
DA:196,1
DA:197,1
DA:198,1
DA:199,1
DA:205,1
DA:212,1
DA:213,1
DA:215,1
DA:216,1
DA:217,1
DA:218,1
DA:219,1
DA:220,3
DA:221,3
DA:222,2
DA:226,1
DA:227,6
DA:228,3
DA:229,2
DA:235,1
DA:236,3
DA:237,2
DA:238,3
DA:245,1
DA:246,1
DA:248,1
DA:250,1
DA:251,1
DA:252,1
DA:254,2
DA:257,1
DA:259,3
DA:261,2
DA:266,1
DA:268,3
DA:269,2
DA:274,1
DA:277,1
DA:278,1
DA:279,1
DA:280,1
DA:281,1
DA:286,1
DA:288,3
DA:293,1
DA:295,3
DA:296,2
DA:303,1
DA:304,1
DA:305,1
DA:307,1
DA:308,2
DA:318,1
DA:319,1
DA:321,1
DA:323,1
DA:325,1
DA:326,1
DA:328,2
DA:331,1
DA:333,3
DA:338,1
DA:340,3
DA:341,2
DA:345,1
DA:346,1
DA:347,1
DA:350,2
DA:351,1
DA:352,1
DA:359,1
DA:360,1
DA:361,1
DA:364,2
DA:365,1
DA:366,1
DA:376,1
DA:377,1
DA:379,1
DA:381,1
DA:383,1
DA:384,1
DA:386,2
DA:389,1
DA:391,3
DA:396,1
DA:398,3
DA:399,2
DA:403,1
DA:404,1
DA:405,1
DA:406,1
DA:409,1
DA:411,1
DA:412,3
DA:416,1
DA:417,0
DA:418,0
DA:419,0
DA:423,0
DA:424,0
DA:428,1
DA:431,1
DA:433,1
DA:434,1
DA:435,1
DA:436,1
DA:437,2
DA:440,0
DA:441,0
DA:442,0
DA:443,0
DA:447,0
DA:448,0
DA:449,0
DA:463,1
DA:464,3
DA:465,3
DA:466,2
DA:467,1
DA:469,1
DA:472,1
DA:474,1
DA:475,1
DA:476,2
DA:477,3
DA:481,1
DA:482,1
DA:484,1
DA:485,2
DA:494,1
DA:495,1
DA:497,1
DA:499,1
DA:501,1
DA:502,1
DA:504,2
DA:507,1
DA:509,3
DA:514,1
DA:516,3
DA:517,2
DA:521,1
DA:522,1
DA:523,1
DA:526,2
DA:527,1
DA:528,1
DA:534,1
DA:537,1
DA:538,3
DA:539,1
DA:540,1
DA:541,1
DA:542,1
DA:543,2
DA:547,1
DA:548,1
DA:550,3
DA:551,2
DA:563,1
DA:564,1
DA:566,1
DA:567,1
DA:569,1
DA:570,1
DA:571,2
DA:572,1
DA:573,1
DA:574,1
DA:575,2
DA:580,3
DA:582,1
DA:583,3
DA:584,0
DA:585,0
DA:586,0
DA:595,0
DA:598,1
DA:599,1
DA:600,7
DA:601,3
DA:603,1
DA:604,1
DA:605,2
DA:606,6
DA:607,6
DA:608,2
DA:609,1
DA:611,2
DA:614,1
DA:620,4
DA:622,1
DA:623,1
DA:624,1
DA:626,1
DA:627,2
DA:638,1
DA:639,6
DA:640,1
DA:641,1
DA:642,2
DA:644,1
DA:645,3
DA:646,1
DA:647,3
DA:649,0
DA:650,0
DA:652,0
DA:653,0
DA:656,0
DA:661,1
DA:663,1
DA:666,1
DA:667,2
DA:668,1
DA:672,3
DA:674,1
DA:681,0
DA:682,0
DA:685,0
DA:686,0
DA:687,0
DA:688,0
LF:314
LH:241
end_of_record
SF:lib\presentation\widgets\loading_states.dart
DA:11,1
DA:16,1
DA:19,2
DA:21,1
DA:27,1
DA:33,1
DA:35,1
DA:42,1
DA:47,1
DA:52,1
DA:54,1
DA:55,1
DA:58,1
DA:63,1
DA:65,1
DA:67,1
DA:78,1
DA:84,1
DA:85,1
DA:88,1
DA:89,1
DA:90,1
DA:91,1
DA:92,1
DA:106,1
DA:112,1
DA:114,1
DA:116,1
DA:118,1
DA:119,1
DA:120,1
DA:121,1
DA:123,1
DA:125,1
DA:127,1
DA:134,1
DA:135,3
DA:137,1
DA:138,1
DA:140,1
DA:142,2
DA:143,1
DA:145,1
DA:152,1
DA:153,1
DA:155,1
DA:157,1
DA:160,1
DA:162,1
DA:169,1
DA:171,4
DA:172,1
DA:174,1
DA:181,1
DA:182,1
DA:183,1
DA:186,1
DA:188,1
DA:192,1
DA:195,1
DA:197,1
DA:214,1
DA:219,1
DA:221,1
DA:223,1
DA:225,1
DA:226,1
DA:227,1
DA:229,1
DA:231,1
DA:233,1
DA:240,1
DA:241,3
DA:243,1
DA:245,1
DA:247,1
DA:250,1
DA:252,1
DA:259,1
DA:262,1
DA:264,1
DA:270,1
DA:272,4
DA:273,1
DA:275,1
DA:282,1
DA:285,1
DA:287,1
DA:301,1
DA:308,1
DA:310,1
DA:311,1
DA:312,1
DA:314,1
DA:315,2
DA:317,1
DA:319,1
DA:321,1
DA:323,1
DA:325,1
DA:326,1
DA:327,1
DA:329,0
DA:330,0
DA:331,0
DA:332,0
DA:334,1
DA:335,3
DA:343,1
DA:344,1
DA:345,1
DA:350,2
DA:370,1
DA:380,1
DA:382,1
DA:383,3
DA:384,3
DA:386,1
DA:387,1
DA:388,4
DA:389,5
DA:390,4
DA:391,1
DA:393,1
DA:394,2
DA:395,1
DA:396,1
DA:397,1
DA:400,2
DA:406,1
DA:408,1
DA:409,4
DA:410,1
DA:411,1
DA:412,1
DA:414,1
DA:415,2
DA:416,1
DA:417,1
DA:418,1
DA:419,1
DA:420,1
DA:422,1
DA:425,4
DA:433,1
DA:436,1
DA:438,1
DA:439,4
DA:440,1
DA:442,2
DA:458,1
DA:465,1
DA:466,1
DA:474,1
DA:476,1
DA:477,2
DA:478,2
DA:481,4
DA:482,2
DA:485,4
DA:486,0
DA:490,1
DA:492,2
DA:493,1
DA:496,1
DA:498,1
DA:499,1
DA:501,2
DA:502,2
DA:505,0
DA:506,0
DA:507,0
DA:508,0
DA:509,0
DA:510,0
DA:513,0
DA:514,0
DA:515,0
DA:516,0
DA:518,0
DA:519,0
DA:520,0
DA:521,0
DA:522,0
DA:523,0
DA:525,0
LF:186
LH:164
end_of_record
SF:lib\services\ai\enhanced_local_parser.dart
DA:8,3
DA:13,3
DA:18,3
DA:24,3
DA:25,2
DA:26,3
DA:27,3
DA:28,2
DA:29,0
DA:30,0
DA:31,2
DA:32,0
DA:33,0
DA:34,2
DA:35,0
DA:36,0
DA:40,3
DA:41,2
DA:42,5
DA:43,2
DA:44,4
DA:45,2
DA:46,1
DA:50,3
DA:51,1
DA:52,1
DA:53,1
DA:54,1
DA:55,1
DA:56,1
DA:57,1
DA:58,1
DA:61,0
DA:64,0
DA:67,1
DA:69,2
DA:71,1
DA:72,1
DA:73,1
DA:74,1
DA:75,1
DA:76,1
DA:77,1
DA:78,1
DA:79,1
DA:81,2
DA:82,2
DA:87,0
DA:89,0
DA:92,0
DA:94,0
DA:97,0
DA:99,0
DA:102,0
DA:104,0
DA:109,1
DA:111,1
DA:112,1
DA:114,2
DA:115,2
DA:116,0
DA:122,2
DA:123,4
DA:124,2
DA:125,4
DA:128,2
DA:131,1
DA:132,2
DA:133,2
DA:135,3
DA:140,1
DA:142,3
DA:143,2
DA:144,2
DA:147,3
DA:148,2
DA:150,2
DA:151,1
DA:160,1
DA:161,1
DA:163,2
DA:164,1
DA:167,1
DA:168,3
DA:169,1
DA:170,4
DA:171,0
DA:172,0
DA:177,1
DA:178,1
DA:179,1
DA:182,2
DA:183,1
DA:185,0
DA:186,0
DA:187,0
DA:188,0
DA:189,0
DA:192,0
DA:202,1
DA:204,4
DA:209,4
DA:214,4
DA:219,2
DA:223,2
DA:230,1
DA:231,1
DA:234,3
DA:235,4
DA:236,2
DA:241,1
DA:242,1
DA:243,1
DA:244,0
DA:248,1
DA:249,1
DA:250,1
DA:251,0
DA:255,3
DA:256,3
DA:257,3
DA:258,3
DA:260,2
DA:263,0
DA:264,0
DA:267,0
DA:268,0
DA:269,0
DA:270,0
DA:274,0
DA:275,0
DA:276,0
DA:277,0
DA:281,0
DA:282,0
DA:284,0
DA:285,0
DA:286,0
DA:287,0
DA:288,0
DA:296,1
DA:300,3
DA:301,3
DA:302,7
DA:303,6
DA:305,1
DA:309,1
DA:310,1
DA:311,3
DA:312,3
DA:315,1
DA:316,1
DA:317,2
DA:318,2
DA:321,1
DA:322,1
DA:325,1
DA:326,1
DA:329,1
DA:330,1
DA:333,1
DA:334,1
DA:335,2
DA:336,3
DA:340,1
DA:341,1
DA:342,2
DA:343,3
DA:349,1
DA:351,1
DA:352,1
DA:355,2
DA:356,2
DA:357,1
DA:359,3
DA:360,2
DA:362,4
LF:177
LH:133
end_of_record
SF:lib\services\notification\enhanced_notification_service.dart
DA:26,1
DA:28,1
DA:29,2
DA:30,1
DA:31,1
DA:32,1
DA:36,1
DA:37,2
DA:39,1
DA:40,2
DA:42,1
DA:43,2
DA:45,1
DA:47,2
DA:50,1
DA:51,1
DA:53,3
DA:69,3
DA:85,3
DA:100,3
DA:117,1
DA:118,2
DA:119,0
DA:124,1
DA:125,2
DA:126,0
DA:131,0
DA:134,0
DA:137,0
DA:140,0
DA:141,0
DA:142,0
DA:144,0
DA:150,0
DA:156,0
DA:158,0
DA:159,0
DA:162,0
DA:163,0
DA:166,0
DA:170,0
DA:175,1
DA:182,1
DA:183,0
DA:188,0
DA:189,0
DA:192,0
DA:201,0
DA:203,0
DA:206,0
DA:207,0
DA:208,0
DA:215,0
DA:220,0
DA:222,0
DA:225,0
DA:228,0
DA:229,0
DA:230,0
DA:231,0
DA:237,0
DA:245,0
DA:251,0
DA:252,0
DA:258,0
DA:263,0
DA:265,0
DA:267,0
DA:275,0
DA:282,0
DA:286,0
DA:287,0
DA:293,0
DA:296,0
DA:297,0
DA:298,0
DA:302,0
DA:310,0
DA:311,0
DA:313,0
DA:314,0
DA:315,0
DA:321,0
DA:329,0
DA:333,0
DA:334,0
DA:335,0
DA:336,0
DA:337,0
DA:339,0
DA:340,0
DA:341,0
DA:343,0
DA:351,0
DA:352,0
DA:353,0
DA:355,0
DA:357,0
DA:359,0
DA:365,0
DA:367,0
DA:371,0
DA:375,0
DA:377,0
DA:378,0
DA:382,0
DA:383,0
DA:385,0
DA:386,0
DA:392,0
DA:395,0
DA:396,0
DA:397,0
DA:403,0
DA:407,0
DA:408,0
DA:409,0
DA:412,0
DA:416,0
DA:417,0
DA:420,0
DA:421,0
DA:422,0
DA:423,0
DA:424,0
DA:426,0
DA:429,0
DA:430,0
DA:438,0
DA:442,0
DA:445,0
DA:449,1
DA:450,1
DA:451,0
DA:454,0
DA:458,0
DA:459,0
DA:460,0
DA:462,0
DA:465,0
DA:466,0
DA:467,0
DA:473,0
DA:481,0
DA:482,0
DA:483,0
DA:484,0
DA:485,0
DA:488,0
DA:491,0
DA:492,0
DA:493,0
DA:496,0
DA:497,0
DA:498,0
DA:499,0
DA:500,0
DA:501,0
DA:509,0
DA:510,0
DA:511,0
DA:512,0
DA:513,0
DA:514,0
DA:518,0
DA:519,0
DA:520,0
DA:521,0
DA:524,0
DA:525,0
DA:527,0
DA:528,0
DA:529,0
DA:530,0
DA:534,0
DA:536,0
DA:537,0
DA:538,0
DA:541,0
DA:542,0
DA:544,0
DA:545,0
DA:546,0
DA:554,0
DA:556,0
DA:558,0
DA:560,0
DA:562,0
DA:567,0
DA:568,0
DA:569,0
DA:571,0
DA:572,0
DA:573,0
DA:574,0
DA:575,0
DA:576,0
DA:583,1
DA:585,2
DA:587,1
DA:589,2
DA:591,1
DA:593,2
DA:595,0
DA:597,0
DA:599,0
DA:601,0
DA:603,0
DA:609,0
DA:615,0
DA:623,1
DA:625,2
DA:627,1
DA:629,2
DA:631,1
DA:639,2
DA:647,0
DA:649,0
DA:651,0
DA:653,0
DA:655,0
DA:657,0
DA:660,1
DA:661,2
DA:662,2
DA:663,2
DA:664,2
DA:670,0
DA:671,0
DA:675,0
DA:676,0
DA:680,0
DA:681,0
DA:685,0
DA:689,0
DA:690,0
DA:693,0
DA:694,0
DA:697,0
DA:702,0
DA:707,0
DA:710,0
DA:714,0
DA:717,0
DA:719,0
DA:720,0
DA:727,0
DA:728,0
DA:729,0
DA:730,0
DA:731,0
DA:732,0
DA:734,0
DA:735,0
DA:737,0
DA:738,0
DA:739,0
DA:740,0
DA:744,0
DA:745,0
DA:746,0
DA:748,0
DA:750,0
DA:751,0
DA:753,0
LF:265
LH:45
end_of_record
SF:lib\services\notification\notification_service_stub.dart
DA:11,1
DA:16,1
DA:21,1
DA:23,0
DA:29,0
DA:35,0
DA:41,0
DA:47,0
DA:53,1
DA:65,0
DA:71,1
DA:79,1
DA:84,1
DA:89,0
DA:94,0
DA:96,0
DA:99,0
DA:104,0
DA:114,0
DA:125,0
DA:129,1
DA:140,0
DA:145,0
DA:148,0
DA:156,0
DA:163,0
DA:165,0
DA:168,0
DA:177,1
DA:182,1
DA:187,0
DA:192,1
DA:193,2
DA:195,0
DA:196,0
DA:199,1
DA:200,2
DA:211,0
LF:38
LH:14
end_of_record
